Definition of direction:
X:[1 0 0]
Y:[0 1 0],
Z:[0 0 1]
Raw Matrix:
[[0.689347, -1e-06, 0.0], [-1e-06, 0.689562, -7.7e-05], [0.0, -7.7e-05, -0.363735]]

SPIN-SPIN-PART Matrix:
[[-0.044959, -0.0, -0.0], [-0.0, -0.044932, -6e-06], [-0.0, -6e-06, 0.089891]] 

Eigenvalues(raw):
[ 0.689347    0.68956201 -0.36373501]

Eigenvectors(raw) (columns correspond to eigenvalues):
[[ 9.99989185e-01 -4.65089010e-03  6.94188928e-11]
 [ 4.65089009e-03  9.99989182e-01  7.31037869e-05]
 [-3.40067097e-07 -7.31029959e-05  9.99999997e-01]]

Eigenvalues(ss):
[ 0.089891 -0.044932 -0.044959]

Eigenvectors(ss) (columns correspond to eigenvalues):
[[ 0.00000000e+00  0.00000000e+00  1.00000000e+00]
 [-4.45027924e-05  9.99999999e-01  0.00000000e+00]
 [ 9.99999999e-01  4.45027924e-05  0.00000000e+00]]
=============TOTAL================
define position of z as closest along Z (raw matrix)
2
0
1
Dz=-0.3637350056289916, vector:[6.94188928e-11 7.31037869e-05 9.99999997e-01]
Dx=0.6893469953490597, vector:[ 9.99989185e-01  4.65089009e-03 -3.40067097e-07]
Dy=0.6895620102799321, vector:[-4.65089010e-03  9.99989182e-01 -7.31029959e-05]
Total D and E are: 
cm-1: D,E= -1.0531895084434875 0.00010750746543619627
GHz: D,E= -31.564357815419122 0.003222026121274249
==============SPIN-SPIN==============
define position of z as closest along Z (raw matrix)
0
2
1
Dz=0.08989100026701677, vector:[ 0.00000000e+00 -4.45027924e-05  9.99999999e-01]
Dx=-0.044959, vector:[1. 0. 0.]
Dy=-0.044932000267016756, vector:[0.00000000e+00 9.99999999e-01 4.45027924e-05]
Total D and E are: 
cm-1: D,E= 0.13483650040052514 1.349986649162166e-05
GHz: D,E= 4.041084259860391 0.00040459443716989657
=============Spin-Orbit============
Spin-Orbit part = Dtot-Dss
GHz: D,E= -35.60544207527951 0.0028174316841043526
