
     --------------------------------------------------------------------------------------------
     I/O Summary : input_west
     --------------------------------------------------------------------------------------------
     qe_prefix : pwscf
     west_prefix : pdep_4992
     outdir : ./
     --------------------------------------------------------------------------------------------

     --------------------------------------------------------------------------------------------
     I/O Summary : wstat_control
     --------------------------------------------------------------------------------------------
     wstat_calculation : R
     n_pdep_eigen : 4992
     n_pdep_times : 4
     n_pdep_maxiter : 100
     n_dfpt_maxiter : 250
     n_pdep_read_from_file : 0
     n_steps_write_restart : 0
     trev_pdep : 0.001
     trev_pdep_rel : 0.1
     tr2_dfpt : 1e-12
     l_kinetic_only : False
     l_minimize_exx_if_active : False
     n_exx_lowrank : 2600
     l_use_ecutrho : False
     qlist : [1]
     --------------------------------------------------------------------------------------------

     --------------------------------------------------------------------------------------------
     I/O Summary : wfreq_control
     --------------------------------------------------------------------------------------------
     wfreq_calculation : XwGQH
     n_pdep_eigen_to_use : 4992
     qp_bandrange : [1, 2]
     qp_bands : [[1235, 1236, 1237, 1238, 1239, 1240, 1241, 1242, 1243, 1244, 1245, 1246, 1247, 1248], [1235, 1236, 1237, 1238, 1239, 1240, 1241, 1242, 1243, 1244, 1245, 1246, 1247, 1248]]
     macropol_calculation : C
     n_lanczos : 30
     n_imfreq : 128
     n_refreq : 300
     ecut_imfreq : 240.0
     ecut_refreq : 2.0
     wfreq_eta : 0.0036749308824745378
     n_secant_maxiter : 21
     trev_secant : 0.0036749308824745378
     l_enable_lanczos : True
     l_qdet_verbose : False
     l_enable_off_diagonal : False
     n_pdep_eigen_off_diagonal : 0
     o_restart_time : 0.0
     ecut_spectralf : [-2.0, 1.0]
     n_spectralf : 204
     --------------------------------------------------------------------------------------------

     Program WFREQ v. 6.0.0 git rev. v6.0.0 starts on 26May2025 at  3:48:10 

     This program is part of the open-source West suite
     for massively parallel calculations of excited states in materials; please cite
         "M. Govoni et al., J. Chem. Theory Comput. 11, 2680 (2015);
          URL https://west-code.org",
     in publications or presentations arising from this work.

     Based on the Quantum ESPRESSO v. 7.3

     I/O is Little Endian
 
     --------------------------------------------------------------------------------------------
     **MPI** Parallelization Status
     --------------------------------------------------------------------------------------------
                    64                  16             1             1             4
     --------------------------------------------------------------------------------------------
                     N         =         I      X      P      X      B      X      Z
                     ^                   ^             ^             ^             ^
                     |                   |             |             |             |
                   #rnk                  |             |             |             |
                                      #image           |             |             |
                                                     #pool           |             |
                                                                   #bgrp           |
                                                                                 #R&G
     --------------------------------------------------------------------------------------------
     #prc =           64
     --------------------------------------------------------------------------------------------

     GPU acceleration enabled

     Reading xml data from directory:

     ./pwscf.save/
     EXX fraction changed:   0.25
     EXX Screening parameter changed:    0.0000000

     IMPORTANT: XC functional enforced from input :
     Exchange-correlation= PBE0
                           (   6   4   8   4   0   0   0)
     EXX-fraction              =        0.25
     Any further DFT definition will be discarded
     Please, verify this is what you really want

 
     Parallelization info
     --------------------
     sticks:   dense  smooth     PW     G-vecs:    dense   smooth      PW
     Min        2495    2495    624               241862   241862   30235
     Max        2498    2498    628               241864   241864   30236
     Sum        9985    9985   2503               967453   967453  120943
 
     Using Slab Decomposition
 
       ** WARNING : EXX use_ace          = T
       ** WARNING : EXX alpha            =       0.250000
       ** WARNING : EXX erfc_scrlen      =       0.000000
       ** WARNING : EXX gau_scrlen       =       0.000000
       ** WARNING : EXX ecutfock         =     240.000000
       ** WARNING : EXX exxdiv_treatment = gb
     EXX: q-point mesh:     1    1    1
     EXX: grid of k+q points same as grid of k-points
     EXX: initializing ACE and reading from file
     ACE potential read for     2800 bands
     ACE potential read for     2800 bands
     Starting ACE correctly read from file
       ** WARNING : EXX-exxdiv           =   -2967.048900
 
     --------------------------------------------------------------------------------------------
     System Overview
     --------------------------------------------------------------------------------------------
     gamma_only           =              T
     ecutwfc [Ry]         =      60.000000
     ecutrho [Ry]         =     240.000000
     omega [au^3]         =   1.540622E+04
     nbnd                 =           1400
     nkstot               =              2
     nspin                =              2
     nelec                =    2482.000000
     nelup                =    1242.000000
     neldw                =    1240.000000
     npol                 =              1
     lsda                 =              T
     noncolin             =              F
     lspinorb             =              F
     --------------------------------------------------------------------------------------------

     3DFFT grid
        s : ( 125, 125, 150)
        p : ( 125, 125, 150)

     Direct Lattice Cell [a.u.]
        a1 = (    24.5557707     0.0000000     0.0000000)
        a2 = (   -12.2778844    21.2659197     0.0000000)
        a3 = (     0.0000000     0.0000000    29.5024772)

     Reciprocal Lattice Cell [a.u.]
        b1 = (     0.2558741     0.1477290    -0.0000000)
        b2 = (     0.0000000     0.2954580     0.0000000)
        b3 = (     0.0000000    -0.0000000     0.2129714)
 

     Brillouin Zone sampling [cryst. coord.]
 
        k(000001) = (     0.0000000     0.0000000     0.0000000)
 
     --------------------------------------------------------------------------------------------
     Parallelization for npdep
     --------------------------------------------------------------------------------------------
     nglob                =           4992
     nlevel               =             16
     Min nglob/nlevel     =            312
     Max nglob/nlevel     =            312
     --------------------------------------------------------------------------------------------
 
     --------------------------------------------------------------------------------------------
     Parallelization for npdep+macro
     --------------------------------------------------------------------------------------------
     nglob                =           4995
     nlevel               =             16
     Min nglob/nlevel     =            312
     Max nglob/nlevel     =            313
     --------------------------------------------------------------------------------------------
 
     --------------------------------------------------------------------------------------------
     Parallelization for n_imfreq
     --------------------------------------------------------------------------------------------
     nglob                =            128
     nlevel               =              4
     Min nglob/nlevel     =             32
     Max nglob/nlevel     =             32
     --------------------------------------------------------------------------------------------
 
     --------------------------------------------------------------------------------------------
     Parallelization for n_refreq
     --------------------------------------------------------------------------------------------
     nglob                =            300
     nlevel               =              4
     Min nglob/nlevel     =             75
     Max nglob/nlevel     =             75
     --------------------------------------------------------------------------------------------
 
     --------------------------------------------------------------------------------------------
     Parallelization for nbnd
     --------------------------------------------------------------------------------------------
     nglob                =           1400
     nlevel               =             16
     Min nglob/nlevel     =             87
     Max nglob/nlevel     =             88
     --------------------------------------------------------------------------------------------
 
     --------------------------------------------------------------------------------------------
     SAVE written in < 00.1s
     In location : ./pdep_4992.wfreq.save
     --------------------------------------------------------------------------------------------

     [MEM] ----------------------------------------------------------
     [MEM] **Memory** analysis: QE
     [MEM] ----------------------------------------------------------
     [MEM] Allocated arrays           est. size (Mb)     dimensions
     [MEM] ----------------------------------------------------------
     [MEM] Kohn-Sham Wavefunctions     322.96 Mb     (  15118, 1400)
     [MEM] NL pseudopotentials         573.94 Mb     (  15118, 2488)
     [MEM] Each V/rho on FFT grid        9.06 Mb     ( 593750)
     [MEM] Each G-vector array           0.92 Mb     ( 120932)
     [MEM] G-vector shells               0.47 Mb     (  61126)
     [MEM] ----------------------------------------------------------
     [MEM] Total estimate              907.34 Mb
     [MEM] ----------------------------------------------------------
     [MEM]
     [MEM] ----------------------------------------------------------
     [MEM] **Memory** analysis: WFREQ temporary
     [MEM] ----------------------------------------------------------
     [MEM] Allocated arrays           est. size (Mb)     dimensions
     [MEM] ----------------------------------------------------------
     [MEM] dvpsi                        71.97 Mb     (  15118,  312)
     [MEM] pertg_all                    71.97 Mb     (  15118,  312)
     [MEM] Hr commutator workspace    1147.88 Mb     (  15118, 4976)
     [MEM] Lanczos workspace          2159.19 Mb     (  15118, 9360)
     [MEM] ----------------------------------------------------------
     [MEM] Total estimate             3451.01 Mb
     [MEM] ----------------------------------------------------------
 
 
     --------------------------------------------------------------------------------------------
     Hartree-Fock Exact E(X)change
     --------------------------------------------------------------------------------------------
 
     --------------------------------------------------------------------------------------------
     Vxc
     --------------------------------------------------------------------------------------------
     in progress... |##########          | 050% :               00.2s (E)               00.5s (X)
     in progress... |####################| 100% :               00.5s (E)               00.5s (X)
     --------------------------------------------------------------------------------------------
 
     --------------------------------------------------------------------------------------------
     (X)-Sigma
     --------------------------------------------------------------------------------------------
     in progress... |#                   | 005% :               00.2s (E)               04.8s (X)
     in progress... |##                  | 010% :               00.2s (E)               02.9s (X)
     in progress... |###                 | 015% :               00.3s (E)               02.5s (X)
     in progress... |####                | 020% :               00.4s (E)               02.1s (X)
     in progress... |#####               | 025% :               00.4s (E)               01.9s (X)
     in progress... |######              | 030% :               00.5s (E)               01.9s (X)
     in progress... |#######             | 035% :               00.6s (E)               01.7s (X)
     in progress... |########            | 040% :               00.7s (E)               01.7s (X)
     in progress... |#########           | 045% :               00.7s (E)               01.7s (X)
     in progress... |##########          | 050% :               00.8s (E)               01.6s (X)
     in progress... |###########         | 055% :               01.0s (E)               01.9s (X)
     in progress... |############        | 060% :               01.1s (E)               01.8s (X)
     in progress... |#############       | 065% :               01.2s (E)               01.8s (X)
     in progress... |##############      | 070% :               01.2s (E)               01.7s (X)
     in progress... |###############     | 075% :               01.2s (E)               01.7s (X)
     in progress... |################    | 080% :               01.3s (E)               01.7s (X)
     in progress... |#################   | 085% :               01.4s (E)               01.6s (X)
     in progress... |##################  | 090% :               01.5s (E)               01.7s (X)
     in progress... |################### | 095% :               01.5s (E)               01.6s (X)
     in progress... |####################| 100% :               01.6s (E)               01.6s (X)
     --------------------------------------------------------------------------------------------
 
     --------------------------------------------------------------------------------------------
     (W)-Lanczos
     --------------------------------------------------------------------------------------------

     [I/O] -------------------------------------------------------
     [I/O] RESTART read in 12.7s
     [I/O] In location : ./pdep_4992.wfreq.restart
     [I/O] -------------------------------------------------------
     in progress... |####################| 100% :             < 00.1s (E)             < 00.1s (X)
     --------------------------------------------------------------------------------------------
 
     --------------------------------------------------------------------------------------------
     (W)-Lanczos
     --------------------------------------------------------------------------------------------

     [I/O] -------------------------------------------------------
     [I/O] RESTART read in 06.1s
     [I/O] In location : ./pdep_4992.wfreq.restart
     [I/O] -------------------------------------------------------
     in progress... |#                   | 005% :           01m-49.4s (E)           36m-28.0s (X)
     in progress... |##                  | 010% :           03m-15.5s (E)           32m-35.8s (X)
     in progress... |###                 | 015% :           04m-41.7s (E)           31m-18.3s (X)
     in progress... |####                | 020% :           06m-07.9s (E)           30m-39.6s (X)
     in progress... |#####               | 025% :           07m-34.1s (E)           30m-16.5s (X)
     in progress... |######              | 030% :           09m-00.4s (E)           30m-01.5s (X)
     in progress... |#######             | 035% :           10m-26.6s (E)           29m-50.3s (X)
     in progress... |########            | 040% :           11m-52.9s (E)           29m-42.3s (X)
     in progress... |#########           | 045% :           13m-19.1s (E)           29m-35.8s (X)
     in progress... |##########          | 050% :           14m-45.3s (E)           29m-30.6s (X)
     in progress... |###########         | 055% :           16m-35.1s (E)           30m-09.4s (X)
     in progress... |############        | 060% :           18m-02.2s (E)           30m-03.6s (X)
     in progress... |#############       | 065% :           19m-29.3s (E)           29m-59.0s (X)
     in progress... |##############      | 070% :           20m-56.4s (E)           29m-54.8s (X)
     in progress... |###############     | 075% :           22m-23.4s (E)           29m-51.2s (X)
     in progress... |################    | 080% :           23m-50.5s (E)           29m-48.2s (X)
     in progress... |#################   | 085% :           25m-17.5s (E)           29m-45.3s (X)
     in progress... |##################  | 090% :           26m-44.5s (E)           29m-42.8s (X)
     in progress... |################### | 095% :           28m-11.6s (E)           29m-40.6s (X)
     in progress... |####################| 100% :           29m-38.7s (E)           29m-38.7s (X)
     --------------------------------------------------------------------------------------------
 
     --------------------------------------------------------------------------------------------
     (G)-Lanczos
     --------------------------------------------------------------------------------------------
     in progress... |#                   | 005% :               24.6s (E)           08m-12.6s (X)
     in progress... |##                  | 010% :               36.2s (E)           06m-02.0s (X)
     in progress... |###                 | 015% :               59.7s (E)           06m-38.1s (X)
     in progress... |####                | 020% :           01m-11.2s (E)           05m-56.4s (X)
     in progress... |#####               | 025% :           01m-22.8s (E)           05m-31.4s (X)
     in progress... |######              | 030% :           01m-45.9s (E)           05m-53.1s (X)
     in progress... |#######             | 035% :           01m-57.4s (E)           05m-35.5s (X)
     in progress... |########            | 040% :           02m-20.5s (E)           05m-51.4s (X)
     in progress... |#########           | 045% :           02m-32.2s (E)           05m-38.2s (X)
     in progress... |##########          | 050% :           02m-43.8s (E)           05m-27.6s (X)
     in progress... |###########         | 055% :           03m-07.5s (E)           05m-41.0s (X)
     in progress... |############        | 060% :           03m-19.2s (E)           05m-32.0s (X)
     in progress... |#############       | 065% :           03m-42.4s (E)           05m-42.1s (X)
     in progress... |##############      | 070% :           03m-53.9s (E)           05m-34.2s (X)
     in progress... |###############     | 075% :           04m-05.6s (E)           05m-27.5s (X)
     in progress... |################    | 080% :           04m-28.9s (E)           05m-36.2s (X)
     in progress... |#################   | 085% :           04m-40.6s (E)           05m-30.1s (X)
     in progress... |##################  | 090% :           05m-03.8s (E)           05m-37.6s (X)
     in progress... |################### | 095% :           05m-15.5s (E)           05m-32.1s (X)
     in progress... |####################| 100% :           05m-27.1s (E)           05m-27.1s (X)
     --------------------------------------------------------------------------------------------
 
     --------------------------------------------------------------------------------------------
     Collecting results from W and G
     --------------------------------------------------------------------------------------------
     in progress... |#                   | 005% :               09.4s (E)           03m-09.3s (X)
     in progress... |##                  | 010% :               14.0s (E)           02m-20.3s (X)
     in progress... |###                 | 015% :               22.9s (E)           02m-32.9s (X)
     in progress... |####                | 020% :               27.4s (E)           02m-17.2s (X)
     in progress... |#####               | 025% :               31.9s (E)           02m-07.8s (X)
     in progress... |######              | 030% :               40.9s (E)           02m-16.5s (X)
     in progress... |#######             | 035% :               45.4s (E)           02m-09.7s (X)
     in progress... |########            | 040% :               54.4s (E)           02m-16.0s (X)
     in progress... |#########           | 045% :               58.9s (E)           02m-10.9s (X)
     in progress... |##########          | 050% :           01m-03.3s (E)           02m-06.7s (X)
     in progress... |###########         | 055% :           01m-12.4s (E)           02m-11.7s (X)
     in progress... |############        | 060% :           01m-16.9s (E)           02m-08.3s (X)
     in progress... |#############       | 065% :           01m-26.0s (E)           02m-12.4s (X)
     in progress... |##############      | 070% :           01m-30.6s (E)           02m-09.4s (X)
     in progress... |###############     | 075% :           01m-35.3s (E)           02m-07.1s (X)
     in progress... |################    | 080% :           01m-44.8s (E)           02m-11.0s (X)
     in progress... |#################   | 085% :           01m-49.6s (E)           02m-09.0s (X)
     in progress... |##################  | 090% :           01m-58.7s (E)           02m-11.9s (X)
     in progress... |################### | 095% :           02m-03.3s (E)           02m-09.8s (X)
     in progress... |####################| 100% :           02m-07.9s (E)           02m-07.9s (X)
     --------------------------------------------------------------------------------------------
 
     --------------------------------------------------------------------------------------------
     (Q)uasiparticle energies
     --------------------------------------------------------------------------------------------
 
     --------------------------------------------------------------------------------------------
     Sigma-C
     --------------------------------------------------------------------------------------------
     Integrating along the IM axis...
     --------------------------------------------------------------------------------------------
     in progress... |#                   | 005% :             < 00.1s (E)               01.5s (X)
     in progress... |##                  | 010% :             < 00.1s (E)               00.9s (X)
     in progress... |###                 | 015% :               00.1s (E)               00.8s (X)
     in progress... |####                | 020% :               00.1s (E)               00.6s (X)
     in progress... |#####               | 025% :               00.1s (E)               00.6s (X)
     in progress... |######              | 030% :               00.1s (E)               00.6s (X)
     in progress... |#######             | 035% :               00.1s (E)               00.5s (X)
     in progress... |########            | 040% :               00.2s (E)               00.5s (X)
     in progress... |#########           | 045% :               00.2s (E)               00.5s (X)
     in progress... |##########          | 050% :               00.2s (E)               00.5s (X)
     in progress... |###########         | 055% :               00.2s (E)               00.5s (X)
     in progress... |############        | 060% :               00.2s (E)               00.4s (X)
     in progress... |#############       | 065% :               00.3s (E)               00.4s (X)
     in progress... |##############      | 070% :               00.3s (E)               00.4s (X)
     in progress... |###############     | 075% :               00.3s (E)               00.4s (X)
     in progress... |################    | 080% :               00.3s (E)               00.4s (X)
     in progress... |#################   | 085% :               00.3s (E)               00.4s (X)
     in progress... |##################  | 090% :               00.4s (E)               00.4s (X)
     in progress... |################### | 095% :               00.4s (E)               00.4s (X)
     in progress... |####################| 100% :               00.4s (E)               00.4s (X)
     --------------------------------------------------------------------------------------------
     Residues along the RE axis...
     --------------------------------------------------------------------------------------------
     in progress... |#                   | 005% :             < 00.1s (E)             < 00.1s (X)
     in progress... |##                  | 010% :             < 00.1s (E)             < 00.1s (X)
     in progress... |###                 | 015% :             < 00.1s (E)             < 00.1s (X)
     in progress... |####                | 020% :             < 00.1s (E)             < 00.1s (X)
     in progress... |#####               | 025% :             < 00.1s (E)             < 00.1s (X)
     in progress... |######              | 030% :             < 00.1s (E)             < 00.1s (X)
     in progress... |#######             | 035% :             < 00.1s (E)             < 00.1s (X)
     in progress... |########            | 040% :             < 00.1s (E)             < 00.1s (X)
     in progress... |#########           | 045% :             < 00.1s (E)             < 00.1s (X)
     in progress... |##########          | 050% :             < 00.1s (E)             < 00.1s (X)
     in progress... |###########         | 055% :             < 00.1s (E)             < 00.1s (X)
     in progress... |############        | 060% :             < 00.1s (E)             < 00.1s (X)
     in progress... |#############       | 065% :             < 00.1s (E)             < 00.1s (X)
     in progress... |##############      | 070% :             < 00.1s (E)             < 00.1s (X)
     in progress... |###############     | 075% :             < 00.1s (E)             < 00.1s (X)
     in progress... |################    | 080% :             < 00.1s (E)             < 00.1s (X)
     in progress... |#################   | 085% :             < 00.1s (E)             < 00.1s (X)
     in progress... |##################  | 090% :             < 00.1s (E)             < 00.1s (X)
     in progress... |################### | 095% :             < 00.1s (E)             < 00.1s (X)
     in progress... |####################| 100% :             < 00.1s (E)             < 00.1s (X)
     --------------------------------------------------------------------------------------------
 
     --------------------------------------------------------------------------------------------
     Sigma-C
     --------------------------------------------------------------------------------------------
     Integrating along the IM axis...
     --------------------------------------------------------------------------------------------
     in progress... |#                   | 005% :             < 00.1s (E)               00.5s (X)
     in progress... |##                  | 010% :             < 00.1s (E)               00.4s (X)
     in progress... |###                 | 015% :             < 00.1s (E)               00.4s (X)
     in progress... |####                | 020% :             < 00.1s (E)               00.4s (X)
     in progress... |#####               | 025% :             < 00.1s (E)               00.3s (X)
     in progress... |######              | 030% :               00.1s (E)               00.4s (X)
     in progress... |#######             | 035% :               00.1s (E)               00.4s (X)
     in progress... |########            | 040% :               00.1s (E)               00.4s (X)
     in progress... |#########           | 045% :               00.1s (E)               00.4s (X)
     in progress... |##########          | 050% :               00.1s (E)               00.3s (X)
     in progress... |###########         | 055% :               00.2s (E)               00.4s (X)
     in progress... |############        | 060% :               00.2s (E)               00.4s (X)
     in progress... |#############       | 065% :               00.2s (E)               00.4s (X)
     in progress... |##############      | 070% :               00.2s (E)               00.4s (X)
     in progress... |###############     | 075% :               00.2s (E)               00.3s (X)
     in progress... |################    | 080% :               00.3s (E)               00.4s (X)
     in progress... |#################   | 085% :               00.3s (E)               00.3s (X)
     in progress... |##################  | 090% :               00.3s (E)               00.4s (X)
     in progress... |################### | 095% :               00.3s (E)               00.4s (X)
     in progress... |####################| 100% :               00.3s (E)               00.3s (X)
     --------------------------------------------------------------------------------------------
     Residues along the RE axis...
     --------------------------------------------------------------------------------------------
     in progress... |#                   | 005% :             < 00.1s (E)             < 00.1s (X)
     in progress... |##                  | 010% :             < 00.1s (E)             < 00.1s (X)
     in progress... |###                 | 015% :             < 00.1s (E)             < 00.1s (X)
     in progress... |####                | 020% :             < 00.1s (E)             < 00.1s (X)
     in progress... |#####               | 025% :             < 00.1s (E)             < 00.1s (X)
     in progress... |######              | 030% :             < 00.1s (E)             < 00.1s (X)
     in progress... |#######             | 035% :             < 00.1s (E)             < 00.1s (X)
     in progress... |########            | 040% :             < 00.1s (E)             < 00.1s (X)
     in progress... |#########           | 045% :             < 00.1s (E)             < 00.1s (X)
     in progress... |##########          | 050% :             < 00.1s (E)             < 00.1s (X)
     in progress... |###########         | 055% :             < 00.1s (E)             < 00.1s (X)
     in progress... |############        | 060% :             < 00.1s (E)             < 00.1s (X)
     in progress... |#############       | 065% :             < 00.1s (E)             < 00.1s (X)
     in progress... |##############      | 070% :             < 00.1s (E)             < 00.1s (X)
     in progress... |###############     | 075% :             < 00.1s (E)             < 00.1s (X)
     in progress... |################    | 080% :             < 00.1s (E)             < 00.1s (X)
     in progress... |#################   | 085% :             < 00.1s (E)             < 00.1s (X)
     in progress... |##################  | 090% :             < 00.1s (E)             < 00.1s (X)
     in progress... |################### | 095% :             < 00.1s (E)             < 00.1s (X)
     in progress... |####################| 100% :             < 00.1s (E)             < 00.1s (X)
     --------------------------------------------------------------------------------------------
 
     --------------------------------------------------------------------------------------------
     Iter: 000000
     k(000001) = (   0.0000000   0.0000000   0.0000000) cryst. coord.
     band      QP en. [eV] conv    QP en. [eV] conv
     001235       7.864342   no      7.864748   no
     001236       7.864345   no      7.864753   no
     001237       7.945149   no      7.950518   no
     001238       8.107997   no      8.108635   no
     001239       8.108007   no      8.108644   no
     001240       8.297658   no      8.737576   no
     001241       8.887885   no     11.880744   no
     001242       8.887955   no     13.106563   no
     001243      11.795080   no     13.106585   no
     001244      12.921173   no     13.296981   no
     001245      13.442743   no     13.488148   no
     001246      13.678124   no     13.783531   no
     001247      13.678152   no     14.248742   no
     001248      13.687081   no     14.248820   no
     --------------------------------------------------------------------------------------------
 
     --------------------------------------------------------------------------------------------
     Sigma-C
     --------------------------------------------------------------------------------------------
     Integrating along the IM axis...
     --------------------------------------------------------------------------------------------
     in progress... |#                   | 005% :             < 00.1s (E)               00.4s (X)
     in progress... |##                  | 010% :             < 00.1s (E)               00.3s (X)
     in progress... |###                 | 015% :             < 00.1s (E)               00.4s (X)
     in progress... |####                | 020% :             < 00.1s (E)               00.3s (X)
     in progress... |#####               | 025% :             < 00.1s (E)               00.3s (X)
     in progress... |######              | 030% :               00.1s (E)               00.3s (X)
     in progress... |#######             | 035% :               00.1s (E)               00.3s (X)
     in progress... |########            | 040% :               00.1s (E)               00.3s (X)
     in progress... |#########           | 045% :               00.1s (E)               00.3s (X)
     in progress... |##########          | 050% :               00.1s (E)               00.3s (X)
     in progress... |###########         | 055% :               00.2s (E)               00.3s (X)
     in progress... |############        | 060% :               00.2s (E)               00.3s (X)
     in progress... |#############       | 065% :               00.2s (E)               00.4s (X)
     in progress... |##############      | 070% :               00.2s (E)               00.3s (X)
     in progress... |###############     | 075% :               00.2s (E)               00.3s (X)
     in progress... |################    | 080% :               00.3s (E)               00.3s (X)
     in progress... |#################   | 085% :               00.3s (E)               00.3s (X)
     in progress... |##################  | 090% :               00.3s (E)               00.3s (X)
     in progress... |################### | 095% :               00.3s (E)               00.3s (X)
     in progress... |####################| 100% :               00.3s (E)               00.3s (X)
     --------------------------------------------------------------------------------------------
     Residues along the RE axis...
     --------------------------------------------------------------------------------------------
     in progress... |#                   | 005% :             < 00.1s (E)             < 00.1s (X)
     in progress... |##                  | 010% :             < 00.1s (E)             < 00.1s (X)
     in progress... |###                 | 015% :             < 00.1s (E)             < 00.1s (X)
     in progress... |####                | 020% :             < 00.1s (E)             < 00.1s (X)
     in progress... |#####               | 025% :             < 00.1s (E)             < 00.1s (X)
     in progress... |######              | 030% :             < 00.1s (E)             < 00.1s (X)
     in progress... |#######             | 035% :             < 00.1s (E)             < 00.1s (X)
     in progress... |########            | 040% :             < 00.1s (E)             < 00.1s (X)
     in progress... |#########           | 045% :             < 00.1s (E)             < 00.1s (X)
     in progress... |##########          | 050% :             < 00.1s (E)             < 00.1s (X)
     in progress... |###########         | 055% :             < 00.1s (E)             < 00.1s (X)
     in progress... |############        | 060% :             < 00.1s (E)             < 00.1s (X)
     in progress... |#############       | 065% :             < 00.1s (E)             < 00.1s (X)
     in progress... |##############      | 070% :             < 00.1s (E)             < 00.1s (X)
     in progress... |###############     | 075% :             < 00.1s (E)             < 00.1s (X)
     in progress... |################    | 080% :             < 00.1s (E)             < 00.1s (X)
     in progress... |#################   | 085% :             < 00.1s (E)             < 00.1s (X)
     in progress... |##################  | 090% :             < 00.1s (E)             < 00.1s (X)
     in progress... |################### | 095% :             < 00.1s (E)             < 00.1s (X)
     in progress... |####################| 100% :             < 00.1s (E)             < 00.1s (X)
     --------------------------------------------------------------------------------------------
 
     --------------------------------------------------------------------------------------------
     Iter: 000001
     k(000001) = (   0.0000000   0.0000000   0.0000000) cryst. coord.
     band      QP en. [eV] conv    QP en. [eV] conv
     001235       7.866576  yes      7.867000  yes
     001236       7.866580  yes      7.867005  yes
     001237       7.947618  yes      7.952796  yes
     001238       8.110222  yes      8.110853  yes
     001239       8.110231  yes      8.110862  yes
     001240       8.299787  yes      8.739341  yes
     001241       8.888457  yes     11.880767  yes
     001242       8.888528  yes     13.106755  yes
     001243      11.795107  yes     13.106777  yes
     001244      12.920520  yes     13.296532  yes
     001245      13.442696  yes     13.487659  yes
     001246      13.677908  yes     13.783165  yes
     001247      13.677935  yes     14.248591  yes
     001248      13.686839  yes     14.298978   no
     --------------------------------------------------------------------------------------------
 
     --------------------------------------------------------------------------------------------
     Sigma-C
     --------------------------------------------------------------------------------------------
     Integrating along the IM axis...
     --------------------------------------------------------------------------------------------
     in progress... |#                   | 005% :             < 00.1s (E)               00.4s (X)
     in progress... |##                  | 010% :             < 00.1s (E)               00.3s (X)
     in progress... |###                 | 015% :             < 00.1s (E)               00.4s (X)
     in progress... |####                | 020% :             < 00.1s (E)               00.3s (X)
     in progress... |#####               | 025% :             < 00.1s (E)               00.3s (X)
     in progress... |######              | 030% :               00.1s (E)               00.4s (X)
     in progress... |#######             | 035% :               00.1s (E)               00.3s (X)
     in progress... |########            | 040% :               00.1s (E)               00.4s (X)
     in progress... |#########           | 045% :               00.1s (E)               00.3s (X)
     in progress... |##########          | 050% :               00.1s (E)               00.3s (X)
     in progress... |###########         | 055% :               00.2s (E)               00.3s (X)
     in progress... |############        | 060% :               00.2s (E)               00.3s (X)
     in progress... |#############       | 065% :               00.2s (E)               00.3s (X)
     in progress... |##############      | 070% :               00.2s (E)               00.3s (X)
     in progress... |###############     | 075% :               00.2s (E)               00.3s (X)
     in progress... |################    | 080% :               00.3s (E)               00.3s (X)
     in progress... |#################   | 085% :               00.3s (E)               00.3s (X)
     in progress... |##################  | 090% :               00.3s (E)               00.3s (X)
     in progress... |################### | 095% :               00.3s (E)               00.3s (X)
     in progress... |####################| 100% :               00.3s (E)               00.3s (X)
     --------------------------------------------------------------------------------------------
     Residues along the RE axis...
     --------------------------------------------------------------------------------------------
     in progress... |#                   | 005% :             < 00.1s (E)             < 00.1s (X)
     in progress... |##                  | 010% :             < 00.1s (E)             < 00.1s (X)
     in progress... |###                 | 015% :             < 00.1s (E)             < 00.1s (X)
     in progress... |####                | 020% :             < 00.1s (E)             < 00.1s (X)
     in progress... |#####               | 025% :             < 00.1s (E)             < 00.1s (X)
     in progress... |######              | 030% :             < 00.1s (E)             < 00.1s (X)
     in progress... |#######             | 035% :             < 00.1s (E)             < 00.1s (X)
     in progress... |########            | 040% :             < 00.1s (E)             < 00.1s (X)
     in progress... |#########           | 045% :             < 00.1s (E)             < 00.1s (X)
     in progress... |##########          | 050% :             < 00.1s (E)             < 00.1s (X)
     in progress... |###########         | 055% :             < 00.1s (E)             < 00.1s (X)
     in progress... |############        | 060% :             < 00.1s (E)             < 00.1s (X)
     in progress... |#############       | 065% :             < 00.1s (E)             < 00.1s (X)
     in progress... |##############      | 070% :             < 00.1s (E)             < 00.1s (X)
     in progress... |###############     | 075% :             < 00.1s (E)             < 00.1s (X)
     in progress... |################    | 080% :             < 00.1s (E)             < 00.1s (X)
     in progress... |#################   | 085% :             < 00.1s (E)             < 00.1s (X)
     in progress... |##################  | 090% :             < 00.1s (E)             < 00.1s (X)
     in progress... |################### | 095% :             < 00.1s (E)             < 00.1s (X)
     in progress... |####################| 100% :             < 00.1s (E)             < 00.1s (X)
     --------------------------------------------------------------------------------------------
 
     --------------------------------------------------------------------------------------------
     CONVERGENCE ACHIEVED !!!
     --------------------------------------------------------------------------------------------
 
     --------------------------------------------------------------------------------------------
     k(000001) = (   0.0000000   0.0000000   0.0000000) cryst. coord.
     band      QP en. [eV] conv    QP en. [eV] conv
     001235       7.866576  yes      7.867000  yes
     001236       7.866580  yes      7.867005  yes
     001237       7.947618  yes      7.952796  yes
     001238       8.110222  yes      8.110853  yes
     001239       8.110231  yes      8.110862  yes
     001240       8.299787  yes      8.739341  yes
     001241       8.888457  yes     11.880767  yes
     001242       8.888528  yes     13.106755  yes
     001243      11.795107  yes     13.106777  yes
     001244      12.920520  yes     13.296532  yes
     001245      13.442696  yes     13.487659  yes
     001246      13.677908  yes     13.783165  yes
     001247      13.677935  yes     14.248591  yes
     001248      13.686839  yes     14.270476  yes
     --------------------------------------------------------------------------------------------
 
     --------------------------------------------------------------------------------------------
     SAVE written in < 00.1s
     In location : ./pdep_4992.wfreq.save
     --------------------------------------------------------------------------------------------
 
     --------------------------------------------------------------------------------------------
     ERI
     --------------------------------------------------------------------------------------------
 
     --------------------------------------------------------------------------------------------
     Braket
     --------------------------------------------------------------------------------------------
     in progress... |#                   | 005% :               01.6s (E)               33.3s (X)
     in progress... |##                  | 010% :               03.2s (E)               32.7s (X)
     in progress... |###                 | 015% :               04.8s (E)               32.4s (X)
     in progress... |####                | 020% :               06.4s (E)               32.2s (X)
     in progress... |#####               | 025% :               08.0s (E)               32.1s (X)
     in progress... |######              | 030% :               09.6s (E)               32.1s (X)
     in progress... |#######             | 035% :               11.2s (E)               32.0s (X)
     in progress... |########            | 040% :               12.8s (E)               32.1s (X)
     in progress... |#########           | 045% :               14.4s (E)               32.0s (X)
     in progress... |##########          | 050% :               16.0s (E)               32.0s (X)
     in progress... |###########         | 055% :               17.6s (E)               32.1s (X)
     in progress... |############        | 060% :               19.1s (E)               31.8s (X)
     in progress... |#############       | 065% :               20.5s (E)               31.6s (X)
     in progress... |##############      | 070% :               21.9s (E)               31.4s (X)
     in progress... |###############     | 075% :               23.4s (E)               31.2s (X)
     in progress... |################    | 080% :               24.8s (E)               31.1s (X)
     in progress... |#################   | 085% :               26.3s (E)               30.9s (X)
     in progress... |##################  | 090% :               27.7s (E)               30.8s (X)
     in progress... |################### | 095% :               29.2s (E)               30.7s (X)
     in progress... |####################| 100% :               30.6s (E)               30.6s (X)
     --------------------------------------------------------------------------------------------
 
     --------------------------------------------------------------------------------------------
     Wp integrals (PDEP)
     --------------------------------------------------------------------------------------------
     in progress... |####################| 100% :               00.8s (E)               00.8s (X)
     --------------------------------------------------------------------------------------------
 
     --------------------------------------------------------------------------------------------
     Pair density
     --------------------------------------------------------------------------------------------
     in progress... |#                   | 005% :             < 00.1s (E)               01.0s (X)
     in progress... |##                  | 010% :             < 00.1s (E)               00.9s (X)
     in progress... |####                | 020% :               00.1s (E)               00.6s (X)
     in progress... |#####               | 025% :               00.1s (E)               00.6s (X)
     in progress... |#######             | 035% :               00.1s (E)               00.5s (X)
     in progress... |########            | 040% :               00.1s (E)               00.4s (X)
     in progress... |##########          | 050% :               00.2s (E)               00.4s (X)
     in progress... |###########         | 055% :               00.2s (E)               00.4s (X)
     in progress... |############        | 060% :               00.2s (E)               00.4s (X)
     in progress... |##############      | 070% :               00.3s (E)               00.4s (X)
     in progress... |###############     | 075% :               00.3s (E)               00.4s (X)
     in progress... |#################   | 085% :               00.3s (E)               00.4s (X)
     in progress... |##################  | 090% :               00.3s (E)               00.4s (X)
     in progress... |####################| 100% :               00.4s (E)               00.4s (X)
     --------------------------------------------------------------------------------------------
 
     --------------------------------------------------------------------------------------------
     Pair density
     --------------------------------------------------------------------------------------------
     in progress... |##                  | 010% :             < 00.1s (E)               00.5s (X)
     in progress... |#####               | 025% :               00.1s (E)               00.4s (X)
     in progress... |########            | 040% :               00.1s (E)               00.3s (X)
     in progress... |###########         | 055% :               00.2s (E)               00.3s (X)
     in progress... |##############      | 070% :               00.2s (E)               00.3s (X)
     in progress... |#################   | 085% :               00.3s (E)               00.3s (X)
     in progress... |####################| 100% :               00.3s (E)               00.3s (X)
     --------------------------------------------------------------------------------------------
 
     --------------------------------------------------------------------------------------------
     SAVE written in < 00.1s
     In location : ./pdep_4992.wfreq.save
     --------------------------------------------------------------------------------------------
     --------------------------------------------------------------------------------------------
 
     --------------------------------------------------------------------------------------------
     h1e
     --------------------------------------------------------------------------------------------
 
     --------------------------------------------------------------------------------------------
     (X)-Sigma
     --------------------------------------------------------------------------------------------
     in progress... |#                   | 005% :               00.4s (E)               08.7s (X)
     in progress... |##                  | 010% :               00.4s (E)               04.4s (X)
     in progress... |###                 | 015% :               00.4s (E)               03.1s (X)
     in progress... |####                | 020% :               00.4s (E)               02.3s (X)
     in progress... |#####               | 025% :               00.4s (E)               01.9s (X)
     in progress... |######              | 030% :               00.5s (E)               01.6s (X)
     in progress... |#######             | 035% :               00.5s (E)               01.4s (X)
     in progress... |########            | 040% :               00.5s (E)               01.3s (X)
     in progress... |#########           | 045% :               00.5s (E)               01.2s (X)
     in progress... |##########          | 050% :               00.5s (E)               01.1s (X)
     in progress... |###########         | 055% :               01.1s (E)               02.0s (X)
     in progress... |############        | 060% :               01.1s (E)               01.8s (X)
     in progress... |#############       | 065% :               01.1s (E)               01.7s (X)
     in progress... |##############      | 070% :               01.1s (E)               01.6s (X)
     in progress... |###############     | 075% :               01.1s (E)               01.5s (X)
     in progress... |################    | 080% :               01.1s (E)               01.4s (X)
     in progress... |#################   | 085% :               01.2s (E)               01.4s (X)
     in progress... |##################  | 090% :               01.2s (E)               01.3s (X)
     in progress... |################### | 095% :               01.2s (E)               01.2s (X)
     in progress... |####################| 100% :               01.2s (E)               01.2s (X)
     --------------------------------------------------------------------------------------------
 
     --------------------------------------------------------------------------------------------
     Collecting results from W and G
     --------------------------------------------------------------------------------------------
     in progress... |#                   | 005% :               00.2s (E)               04.8s (X)
     in progress... |##                  | 010% :               00.3s (E)               03.5s (X)
     in progress... |###                 | 015% :               00.5s (E)               03.8s (X)
     in progress... |####                | 020% :               00.6s (E)               03.4s (X)
     in progress... |#####               | 025% :               00.8s (E)               03.2s (X)
     in progress... |######              | 030% :               01.0s (E)               03.4s (X)
     in progress... |#######             | 035% :               01.1s (E)               03.3s (X)
     in progress... |########            | 040% :               01.3s (E)               03.4s (X)
     in progress... |#########           | 045% :               01.5s (E)               03.3s (X)
     in progress... |##########          | 050% :               01.6s (E)               03.2s (X)
     in progress... |###########         | 055% :               01.8s (E)               03.3s (X)
     in progress... |############        | 060% :               01.9s (E)               03.2s (X)
     in progress... |#############       | 065% :               02.1s (E)               03.3s (X)
     in progress... |##############      | 070% :               02.2s (E)               03.2s (X)
     in progress... |###############     | 075% :               02.4s (E)               03.2s (X)
     in progress... |################    | 080% :               02.6s (E)               03.2s (X)
     in progress... |#################   | 085% :               02.7s (E)               03.2s (X)
     in progress... |##################  | 090% :               02.9s (E)               03.3s (X)
     in progress... |################### | 095% :               03.1s (E)               03.2s (X)
     in progress... |####################| 100% :               03.2s (E)               03.2s (X)
     --------------------------------------------------------------------------------------------
 
     --------------------------------------------------------------------------------------------
     Sigma-C
     --------------------------------------------------------------------------------------------
     Integrating along the IM axis...
     --------------------------------------------------------------------------------------------
     in progress... |#                   | 005% :             < 00.1s (E)               00.2s (X)
     in progress... |##                  | 010% :             < 00.1s (E)               00.1s (X)
     in progress... |###                 | 015% :             < 00.1s (E)             < 00.1s (X)
     in progress... |####                | 020% :             < 00.1s (E)             < 00.1s (X)
     in progress... |#####               | 025% :             < 00.1s (E)             < 00.1s (X)
     in progress... |######              | 030% :             < 00.1s (E)             < 00.1s (X)
     in progress... |#######             | 035% :             < 00.1s (E)             < 00.1s (X)
     in progress... |########            | 040% :             < 00.1s (E)             < 00.1s (X)
     in progress... |#########           | 045% :             < 00.1s (E)             < 00.1s (X)
     in progress... |##########          | 050% :             < 00.1s (E)             < 00.1s (X)
     in progress... |###########         | 055% :             < 00.1s (E)             < 00.1s (X)
     in progress... |############        | 060% :             < 00.1s (E)             < 00.1s (X)
     in progress... |#############       | 065% :             < 00.1s (E)             < 00.1s (X)
     in progress... |##############      | 070% :             < 00.1s (E)             < 00.1s (X)
     in progress... |###############     | 075% :             < 00.1s (E)             < 00.1s (X)
     in progress... |################    | 080% :             < 00.1s (E)             < 00.1s (X)
     in progress... |#################   | 085% :             < 00.1s (E)             < 00.1s (X)
     in progress... |##################  | 090% :             < 00.1s (E)             < 00.1s (X)
     in progress... |################### | 095% :             < 00.1s (E)             < 00.1s (X)
     in progress... |####################| 100% :             < 00.1s (E)             < 00.1s (X)
     --------------------------------------------------------------------------------------------
     Residues along the RE axis...
     --------------------------------------------------------------------------------------------
     in progress... |#                   | 005% :             < 00.1s (E)             < 00.1s (X)
     in progress... |##                  | 010% :             < 00.1s (E)             < 00.1s (X)
     in progress... |###                 | 015% :             < 00.1s (E)             < 00.1s (X)
     in progress... |####                | 020% :             < 00.1s (E)             < 00.1s (X)
     in progress... |#####               | 025% :             < 00.1s (E)             < 00.1s (X)
     in progress... |######              | 030% :             < 00.1s (E)             < 00.1s (X)
     in progress... |#######             | 035% :             < 00.1s (E)             < 00.1s (X)
     in progress... |########            | 040% :             < 00.1s (E)             < 00.1s (X)
     in progress... |#########           | 045% :             < 00.1s (E)             < 00.1s (X)
     in progress... |##########          | 050% :             < 00.1s (E)             < 00.1s (X)
     in progress... |###########         | 055% :             < 00.1s (E)             < 00.1s (X)
     in progress... |############        | 060% :             < 00.1s (E)             < 00.1s (X)
     in progress... |#############       | 065% :             < 00.1s (E)             < 00.1s (X)
     in progress... |##############      | 070% :             < 00.1s (E)             < 00.1s (X)
     in progress... |###############     | 075% :             < 00.1s (E)             < 00.1s (X)
     in progress... |################    | 080% :             < 00.1s (E)             < 00.1s (X)
     in progress... |#################   | 085% :             < 00.1s (E)             < 00.1s (X)
     in progress... |##################  | 090% :             < 00.1s (E)             < 00.1s (X)
     in progress... |################### | 095% :             < 00.1s (E)             < 00.1s (X)
     in progress... |####################| 100% :             < 00.1s (E)             < 00.1s (X)
     --------------------------------------------------------------------------------------------
 
     --------------------------------------------------------------------------------------------
     SAVE written in 00.2s
     In location : ./pdep_4992.wfreq.save
     --------------------------------------------------------------------------------------------
     WFREQ        :  35m33.35s CPU  40m21.52s WALL

     west_readin  :      1.00s CPU      1.95s WALL (       1 calls)
     fetch_input  :      0.17s CPU      0.19s WALL (       2 calls)
     fft          :      0.01s CPU      0.30s WALL (      24 calls)
                                        0.30s GPU  (      24 calls)
     a2a_fw       :     61.07s CPU     62.25s WALL (  854948 calls)
     init_vloc    :      0.03s CPU      0.04s WALL (       2 calls)
     init_us_1    :      0.03s CPU      0.03s WALL (       2 calls)
     v_of_rho     :      0.04s CPU      0.11s WALL (       1 calls)
     v_xc         :      0.05s CPU      0.12s WALL (       2 calls)
     a2a_bw       :     59.83s CPU     61.02s WALL (  852372 calls)
     v_h          :      0.01s CPU      0.01s WALL (       1 calls)
     do_setup     :      5.70s CPU      8.84s WALL (       1 calls)
     init_pw_ar   :      5.69s CPU      8.84s WALL (       1 calls)
     hinit0       :      0.22s CPU      0.22s WALL (       1 calls)
     davcio       :      0.01s CPU      2.31s WALL (      14 calls)
     exx_grid     :      0.00s CPU      0.00s WALL (       1 calls)
     aceinit0     :      3.31s CPU      4.78s WALL (       1 calls)
     exx_div      :      0.01s CPU      0.01s WALL (       1 calls)
     qdet_db      :      0.30s CPU      0.35s WALL (       3 calls)
     solve_hf     :      1.90s CPU      2.20s WALL (       1 calls)
     sigmavxc     :      0.34s CPU      0.52s WALL (       1 calls)
     fftw         :    244.99s CPU    290.52s WALL ( 1720684 calls)
                                      278.13s GPU  ( 1720684 calls)
     vexxace      :     87.72s CPU     93.66s WALL (     998 calls)
                                       93.48s GPU  (     996 calls)
     matcalc      :      5.21s CPU      6.54s WALL (     998 calls)
                                        6.44s GPU  (     996 calls)
     calbec       :      4.91s CPU      6.28s WALL (    1934 calls)
     sigmax       :      2.02s CPU      2.87s WALL (       2 calls)
     sqvc_init    :      0.54s CPU      0.54s WALL (      61 calls)
     ffts         :      0.80s CPU      0.89s WALL (    3724 calls)
                                        0.86s GPU  (    3724 calls)
     write_hf     :      0.00s CPU      0.00s WALL (       1 calls)
     sw_restart   :      9.90s CPU     18.83s WALL (       2 calls)
     wlanczos     :   1768.96s CPU   1780.09s WALL (       2 calls)
     pdep_read    :      1.41s CPU      3.35s WALL (    1560 calls)
     chi_invert   :     97.94s CPU    101.63s WALL (       2 calls)
     init_us_2    :      0.02s CPU      0.03s WALL (       4 calls)
     init_us_2:gp :      0.02s CPU      0.03s WALL (       4 calls)
     alphapa      :      0.60s CPU      0.79s WALL (    2484 calls)
                                        0.77s GPU  (    2484 calls)
     commut_Hx_ps :      7.63s CPU      8.11s WALL (     468 calls)
                                        8.10s GPU  (     468 calls)
     alphapc      :      9.48s CPU     16.58s WALL (    3506 calls)
                                       16.54s GPU  (    3506 calls)
     linstern     :     13.74s CPU     13.82s WALL (     156 calls)
                                       13.82s GPU  (     156 calls)
     stern        :     13.70s CPU     13.78s WALL (     156 calls)
                                       13.78s GPU  (     156 calls)
     h_psi        :    121.31s CPU    124.71s WALL (     996 calls)
                                      124.70s GPU  (     996 calls)
     h_psi:pot    :     29.14s CPU     31.08s WALL (     996 calls)
                                       31.08s GPU  (     996 calls)
     vloc_psi     :     21.44s CPU     22.01s WALL (     996 calls)
                                       22.01s GPU  (     996 calls)
     A2A          :      8.89s CPU      9.02s WALL (   65832 calls)
     h_psi:calbec :      4.30s CPU      5.65s WALL (     996 calls)
                                        5.65s GPU  (     996 calls)
     add_vuspsi   :      0.97s CPU      3.40s WALL (     996 calls)
                                        3.39s GPU  (     996 calls)
     alphapv      :      0.06s CPU      0.10s WALL (     156 calls)
                                        0.10s GPU  (     156 calls)
     glanczos     :    153.18s CPU    327.32s WALL (       1 calls)
     write_over   :      0.01s CPU      1.55s WALL (      28 calls)
     lan_H        :    116.24s CPU    120.33s WALL (      28 calls)
                                      120.33s GPU  (      28 calls)
     brak         :     13.57s CPU     16.44s WALL (      28 calls)
                                       16.44s GPU  (      28 calls)
     write_gfreq  :     10.19s CPU    174.43s WALL (      28 calls)
     sg_restart   :      0.01s CPU      0.11s WALL (      28 calls)
     solve_qp     :     61.33s CPU    140.66s WALL (       2 calls)
                                      133.14s GPU  (       1 calls)
     coll_gw      :     56.49s CPU    131.19s WALL (       2 calls)
     read_over    :      2.08s CPU      4.78s WALL (      56 calls)
     read_gfreq   :     12.67s CPU     84.49s WALL (      28 calls)
     read_hf      :      0.07s CPU      0.08s WALL (       2 calls)
     sigmac_i     :      1.64s CPU      1.64s WALL (       5 calls)
     sigmac_r     :      0.01s CPU      0.01s WALL (       5 calls)
     wfreq_db     :      0.00s CPU      0.01s WALL (       1 calls)
     eri_brak     :     29.00s CPU     30.66s WALL (       1 calls)
     Wp           :      0.82s CPU      0.82s WALL (       1 calls)
     eri_vc_s1s1  :      0.40s CPU      0.40s WALL (       1 calls)
     eri_vc_s1s2  :      0.37s CPU      0.37s WALL (       1 calls)
 
     WFREQ        :  35m33.49s CPU  40m21.66s WALL

 
   This run was terminated on:   4:28:32  26May2025            

=------------------------------------------------------------------------------=
   JOB DONE.
=------------------------------------------------------------------------------=
