
     --------------------------------------------------------------------------------------------
     I/O Summary : input_west
     --------------------------------------------------------------------------------------------
     qe_prefix : pwscf
     west_prefix : pdep_4992
     outdir : ./
     --------------------------------------------------------------------------------------------

     --------------------------------------------------------------------------------------------
     I/O Summary : server_control
     --------------------------------------------------------------------------------------------
     document : {}
     --------------------------------------------------------------------------------------------

     --------------------------------------------------------------------------------------------
     I/O Summary : wbse_init_control
     --------------------------------------------------------------------------------------------
     wbse_init_calculation : S
     solver : BSE
     bse_method : PDEP
     n_pdep_eigen_to_use : 4992
     localization : W
     wannier_tr_rel : 1e-06
     wfc_from_qbox : qb_wfc
     bisection_info : bis_info
     chi_kernel : CHI
     overlap_thr : 0.0001
     spin_channel : 0
     n_trunc_bands : 0
     --------------------------------------------------------------------------------------------

     Program WBSE_INIT v. 6.0.0 git rev. v6.0.0 starts on 22Feb2025 at  1:20:59 

     This program is part of the open-source West suite
     for massively parallel calculations of excited states in materials; please cite
         "M. Govoni et al., J. Chem. Theory Comput. 11, 2680 (2015);
          URL https://west-code.org",
     in publications or presentations arising from this work.

     Based on the Quantum ESPRESSO v. 7.3

     I/O is Little Endian
 
     --------------------------------------------------------------------------------------------
     **MPI** Parallelization Status
     --------------------------------------------------------------------------------------------
                    24                   3             1             1             8
     --------------------------------------------------------------------------------------------
                     N         =         I      X      P      X      B      X      Z
                     ^                   ^             ^             ^             ^
                     |                   |             |             |             |
                   #rnk                  |             |             |             |
                                      #image           |             |             |
                                                     #pool           |             |
                                                                   #bgrp           |
                                                                                 #R&G
     --------------------------------------------------------------------------------------------
     #prc =           24
     --------------------------------------------------------------------------------------------

     GPU acceleration enabled

     Reading xml data from directory:

     ./pwscf.save/
     EXX fraction changed:   0.25
     EXX Screening parameter changed:    0.0000000

     IMPORTANT: XC functional enforced from input :
     Exchange-correlation= PBE0
                           (   6   4   8   4   0   0   0)
     EXX-fraction              =        0.25
     Any further DFT definition will be discarded
     Please, verify this is what you really want

 
     Parallelization info
     --------------------
     sticks:   dense  smooth     PW     G-vecs:    dense   smooth      PW
     Min        1248    1248    311               120929   120929   15115
     Max        1249    1249    314               120932   120932   15120
     Sum        9985    9985   2503               967453   967453  120943
 
     Using Slab Decomposition
 
       ** WARNING : EXX use_ace          = F
       ** WARNING : EXX alpha            =       0.250000
       ** WARNING : EXX erfc_scrlen      =       0.000000
       ** WARNING : EXX gau_scrlen       =       0.000000
       ** WARNING : EXX ecutfock         =     240.000000
       ** WARNING : EXX exxdiv_treatment = gb
     EXX: q-point mesh:     1    1    1
     EXX: grid of k+q points same as grid of k-points

     EXX grid:   483727 G-vectors     FFT dimensions: ( 125, 125, 150)
       ** WARNING : EXX-exxdiv           =   -2967.048900
 
     --------------------------------------------------------------------------------------------
     System Overview
     --------------------------------------------------------------------------------------------
     gamma_only           =              T
     ecutwfc [Ry]         =      60.000000
     ecutrho [Ry]         =     240.000000
     omega [au^3]         =   1.540622E+04
     nbnd                 =           1400
     nkstot               =              2
     nspin                =              2
     nelec                =    2482.000000
     nelup                =    1242.000000
     neldw                =    1240.000000
     npol                 =              1
     lsda                 =              T
     noncolin             =              F
     lspinorb             =              F
     --------------------------------------------------------------------------------------------

     3DFFT grid
        s : ( 125, 125, 150)
        p : ( 125, 125, 150)

     Direct Lattice Cell [a.u.]
        a1 = (    24.5557707     0.0000000     0.0000000)
        a2 = (   -12.2778844    21.2659197     0.0000000)
        a3 = (     0.0000000     0.0000000    29.5024772)

     Reciprocal Lattice Cell [a.u.]
        b1 = (     0.2558741     0.1477290    -0.0000000)
        b2 = (     0.0000000     0.2954580     0.0000000)
        b3 = (     0.0000000    -0.0000000     0.2129714)
 

     Brillouin Zone sampling [cryst. coord.]
 
        k(000001) = (     0.0000000     0.0000000     0.0000000)
     Divergence =   1.994474E-01
 
     --------------------------------------------------------------------------------------------
     Parallelization for nvecx
     --------------------------------------------------------------------------------------------
     nglob                =           4992
     nlevel               =              1
     Min nglob/nlevel     =           4992
     Max nglob/nlevel     =           4992
     --------------------------------------------------------------------------------------------
 
     --------------------------------------------------------------------------------------------
     SAVE read in 13.7s
     In location : ./pdep_4992.wstat.save
     Eigen. found :         4992
     --------------------------------------------------------------------------------------------
 
     --------------------------------------------------------------------------------------------
     Parallelization for wann_local
     --------------------------------------------------------------------------------------------
     nglob                =           1242
     nlevel               =              3
     Min nglob/nlevel     =            414
     Max nglob/nlevel     =            414
     --------------------------------------------------------------------------------------------
 
     --------------------------------------------------------------------------------------------
     Wannier (A matrices)
     --------------------------------------------------------------------------------------------
     in progress... |#                   | 005% :               03.9s (E)           01m-19.3s (X)
     in progress... |##                  | 010% :               07.8s (E)           01m-18.0s (X)
     in progress... |###                 | 015% :               11.5s (E)           01m-16.9s (X)
     in progress... |####                | 020% :               15.1s (E)           01m-15.7s (X)
     in progress... |#####               | 025% :               18.9s (E)           01m-15.9s (X)
     in progress... |######              | 030% :               22.6s (E)           01m-15.6s (X)
     in progress... |#######             | 035% :               26.5s (E)           01m-15.9s (X)
     in progress... |########            | 040% :               30.2s (E)           01m-15.7s (X)
     in progress... |#########           | 045% :               34.1s (E)           01m-15.8s (X)
     in progress... |##########          | 050% :               37.8s (E)           01m-15.6s (X)
     in progress... |###########         | 055% :               41.5s (E)           01m-15.5s (X)
     in progress... |############        | 060% :               45.3s (E)           01m-15.5s (X)
     in progress... |#############       | 065% :               49.1s (E)           01m-15.5s (X)
     in progress... |##############      | 070% :               52.8s (E)           01m-15.4s (X)
     in progress... |###############     | 075% :               56.6s (E)           01m-15.5s (X)
     in progress... |################    | 080% :           01m-00.4s (E)           01m-15.5s (X)
     in progress... |#################   | 085% :           01m-04.0s (E)           01m-15.3s (X)
     in progress... |##################  | 090% :           01m-07.8s (E)           01m-15.4s (X)
     in progress... |################### | 095% :           01m-11.5s (E)           01m-15.3s (X)
     in progress... |####################| 100% :           01m-15.3s (E)           01m-15.3s (X)
     --------------------------------------------------------------------------------------------
 
     --------------------------------------------------------------------------------------------
     Wannier (JADE)
     --------------------------------------------------------------------------------------------

                       *----------*            *-----------------*
     #     Iteration = |        1 |   Spread = |  3.05510009E+03 |
                       *----------*            *-----------------*
     Time spent in last iteration 04.1s

                       *----------*            *-----------------*
     #     Iteration = |        2 |   Spread = |  3.55371908E+03 |
                       *----------*            *-----------------*
     Time spent in last iteration 04.1s

                       *----------*            *-----------------*
     #     Iteration = |        3 |   Spread = |  3.60842582E+03 |
                       *----------*            *-----------------*
     Time spent in last iteration 04.1s

                       *----------*            *-----------------*
     #     Iteration = |        4 |   Spread = |  3.61040241E+03 |
                       *----------*            *-----------------*
     Time spent in last iteration 04.1s

                       *----------*            *-----------------*
     #     Iteration = |        5 |   Spread = |  3.61045811E+03 |
                       *----------*            *-----------------*
     Time spent in last iteration 04.1s

                       *----------*            *-----------------*
     #     Iteration = |        6 |   Spread = |  3.61047955E+03 |
                       *----------*            *-----------------*
     Time spent in last iteration 04.1s

                       *----------*            *-----------------*
     #     Iteration = |        7 |   Spread = |  3.61049582E+03 |
                       *----------*            *-----------------*
     Time spent in last iteration 04.1s

                       *----------*            *-----------------*
     #     Iteration = |        8 |   Spread = |  3.61051064E+03 |
                       *----------*            *-----------------*
     Time spent in last iteration 04.1s

                       *----------*            *-----------------*
     #     Iteration = |        9 |   Spread = |  3.61052451E+03 |
                       *----------*            *-----------------*
     Time spent in last iteration 04.1s

                       *----------*            *-----------------*
     #     Iteration = |       10 |   Spread = |  3.61053725E+03 |
                       *----------*            *-----------------*
     Time spent in last iteration 04.1s

                       *----------*            *-----------------*
     #     Iteration = |       11 |   Spread = |  3.61054880E+03 |
                       *----------*            *-----------------*
     Time spent in last iteration 04.1s

                       *----------*            *-----------------*
     #     Iteration = |       12 |   Spread = |  3.61055918E+03 |
                       *----------*            *-----------------*
     Time spent in last iteration 04.1s

                       *----------*            *-----------------*
     #     Iteration = |       13 |   Spread = |  3.61056851E+03 |
                       *----------*            *-----------------*
     Time spent in last iteration 04.1s

                       *----------*            *-----------------*
     #     Iteration = |       14 |   Spread = |  3.61057694E+03 |
                       *----------*            *-----------------*
     Time spent in last iteration 04.1s

                       *----------*            *-----------------*
     #     Iteration = |       15 |   Spread = |  3.61058460E+03 |
                       *----------*            *-----------------*
     Time spent in last iteration 04.1s

                       *----------*            *-----------------*
     #     Iteration = |       16 |   Spread = |  3.61059156E+03 |
                       *----------*            *-----------------*
     Time spent in last iteration 04.1s

                       *----------*            *-----------------*
     #     Iteration = |       17 |   Spread = |  3.61059789E+03 |
                       *----------*            *-----------------*
     Time spent in last iteration 04.1s

                       *----------*            *-----------------*
     #     Iteration = |       18 |   Spread = |  3.61060367E+03 |
                       *----------*            *-----------------*
     Time spent in last iteration 04.1s

                       *----------*            *-----------------*
     #     Iteration = |       19 |   Spread = |  3.61060900E+03 |
                       *----------*            *-----------------*
     Time spent in last iteration 04.1s

                       *----------*            *-----------------*
     #     Iteration = |       20 |   Spread = |  3.61061398E+03 |
                       *----------*            *-----------------*
     Time spent in last iteration 04.1s

                       *----------*            *-----------------*
     #     Iteration = |       21 |   Spread = |  3.61061867E+03 |
                       *----------*            *-----------------*
     Time spent in last iteration 04.1s

                       *----------*            *-----------------*
     #     Iteration = |       22 |   Spread = |  3.61062316E+03 |
                       *----------*            *-----------------*
     Time spent in last iteration 04.1s

                       *----------*            *-----------------*
     #     Iteration = |       23 |   Spread = |  3.61062749E+03 |
                       *----------*            *-----------------*
     Time spent in last iteration 04.1s

                       *----------*            *-----------------*
     #     Iteration = |       24 |   Spread = |  3.61063168E+03 |
                       *----------*            *-----------------*
     Time spent in last iteration 04.1s

                       *----------*            *-----------------*
     #     Iteration = |       25 |   Spread = |  3.61063573E+03 |
                       *----------*            *-----------------*
     Time spent in last iteration 04.1s

                       *----------*            *-----------------*
     #     Iteration = |       26 |   Spread = |  3.61063962E+03 |
                       *----------*            *-----------------*
     Time spent in last iteration 04.1s

                       *----------*            *-----------------*
     #     Iteration = |       27 |   Spread = |  3.61064335E+03 |
                       *----------*            *-----------------*
     Time spent in last iteration 04.1s

                       *----------*            *-----------------*
     #     Iteration = |       28 |   Spread = |  3.61064690E+03 |
                       *----------*            *-----------------*
     Time spent in last iteration 04.1s
 
     --------------------------------------------------------------------------------------------
     Wannier (overlap)
     --------------------------------------------------------------------------------------------
     in progress... |#                   | 005% :               33.1s (E)           11m-02.7s (X)
     in progress... |##                  | 010% :               35.7s (E)           05m-57.9s (X)
     in progress... |###                 | 015% :               38.3s (E)           04m-15.8s (X)
     in progress... |####                | 020% :               40.8s (E)           03m-24.4s (X)
     in progress... |#####               | 025% :               43.5s (E)           02m-54.1s (X)
     in progress... |######              | 030% :               46.1s (E)           02m-33.7s (X)
     in progress... |#######             | 035% :               48.7s (E)           02m-19.4s (X)
     in progress... |########            | 040% :               51.3s (E)           02m-08.4s (X)
     in progress... |#########           | 045% :               54.0s (E)           02m-00.0s (X)
     in progress... |##########          | 050% :               56.5s (E)           01m-53.1s (X)
     in progress... |###########         | 055% :               59.1s (E)           01m-47.6s (X)
     in progress... |############        | 060% :           01m-01.8s (E)           01m-43.0s (X)
     in progress... |#############       | 065% :           01m-04.4s (E)           01m-39.1s (X)
     in progress... |##############      | 070% :           01m-06.9s (E)           01m-35.7s (X)
     in progress... |###############     | 075% :           01m-09.6s (E)           01m-32.8s (X)
     in progress... |################    | 080% :           01m-12.2s (E)           01m-30.3s (X)
     in progress... |#################   | 085% :           01m-14.7s (E)           01m-27.9s (X)
     in progress... |##################  | 090% :           01m-17.4s (E)           01m-26.0s (X)
     in progress... |################### | 095% :           01m-19.9s (E)           01m-24.2s (X)
     in progress... |####################| 100% :           01m-22.6s (E)           01m-22.6s (X)
     --------------------------------------------------------------------------------------------

     Writing overlap and rotation matrices to ./pdep_4992.wbse_init.save/o_and_u.1.dat
 
     --------------------------------------------------------------------------------------------
     Parallelization for n_pairs
     --------------------------------------------------------------------------------------------
     nglob                =          27898
     nlevel               =              3
     Min nglob/nlevel     =           9299
     Max nglob/nlevel     =           9300
     --------------------------------------------------------------------------------------------
 
     --------------------------------------------------------------------------------------------
     Applying CHI kernel with PDEP
     --------------------------------------------------------------------------------------------
     in progress... |#                   | 005% :               26.6s (E)           08m-53.6s (X)
     in progress... |##                  | 010% :               53.2s (E)           08m-52.6s (X)
     in progress... |###                 | 015% :           01m-19.8s (E)           08m-52.2s (X)
     in progress... |####                | 020% :           01m-46.4s (E)           08m-52.0s (X)
     in progress... |#####               | 025% :           02m-12.9s (E)           08m-51.8s (X)
     in progress... |######              | 030% :           02m-39.6s (E)           08m-52.1s (X)
     in progress... |#######             | 035% :           03m-06.1s (E)           08m-51.9s (X)
     in progress... |########            | 040% :           03m-32.7s (E)           08m-51.7s (X)
     in progress... |#########           | 045% :           03m-59.2s (E)           08m-51.7s (X)
     in progress... |##########          | 050% :           04m-25.7s (E)           08m-51.5s (X)
     in progress... |###########         | 055% :           04m-52.3s (E)           08m-51.5s (X)
     in progress... |############        | 060% :           05m-18.8s (E)           08m-51.4s (X)
     in progress... |#############       | 065% :           05m-45.3s (E)           08m-51.3s (X)
     in progress... |##############      | 070% :           06m-11.8s (E)           08m-51.2s (X)
     in progress... |###############     | 075% :           06m-38.3s (E)           08m-51.1s (X)
     in progress... |################    | 080% :           07m-04.8s (E)           08m-51.0s (X)
     in progress... |#################   | 085% :           07m-31.3s (E)           08m-50.9s (X)
     in progress... |##################  | 090% :           07m-57.8s (E)           08m-50.9s (X)
     in progress... |################### | 095% :           08m-24.4s (E)           08m-50.9s (X)
     in progress... |####################| 100% :           08m-50.9s (E)           08m-50.9s (X)
     --------------------------------------------------------------------------------------------
 
     --------------------------------------------------------------------------------------------
     Parallelization for wann_local
     --------------------------------------------------------------------------------------------
     nglob                =           1240
     nlevel               =              3
     Min nglob/nlevel     =            413
     Max nglob/nlevel     =            414
     --------------------------------------------------------------------------------------------
 
     --------------------------------------------------------------------------------------------
     Wannier (A matrices)
     --------------------------------------------------------------------------------------------
     in progress... |#                   | 005% :               03.9s (E)           01m-19.0s (X)
     in progress... |##                  | 010% :               07.7s (E)           01m-17.9s (X)
     in progress... |###                 | 015% :               11.5s (E)           01m-16.9s (X)
     in progress... |####                | 020% :               15.1s (E)           01m-15.8s (X)
     in progress... |#####               | 025% :               19.0s (E)           01m-16.0s (X)
     in progress... |######              | 030% :               22.7s (E)           01m-15.8s (X)
     in progress... |#######             | 035% :               26.6s (E)           01m-16.0s (X)
     in progress... |########            | 040% :               30.3s (E)           01m-15.8s (X)
     in progress... |#########           | 045% :               33.9s (E)           01m-15.4s (X)
     in progress... |##########          | 050% :               37.8s (E)           01m-15.7s (X)
     in progress... |###########         | 055% :               41.6s (E)           01m-15.7s (X)
     in progress... |############        | 060% :               45.4s (E)           01m-15.7s (X)
     in progress... |#############       | 065% :               49.2s (E)           01m-15.7s (X)
     in progress... |##############      | 070% :               52.9s (E)           01m-15.6s (X)
     in progress... |###############     | 075% :               56.5s (E)           01m-15.3s (X)
     in progress... |################    | 080% :           01m-00.3s (E)           01m-15.4s (X)
     in progress... |#################   | 085% :           01m-04.1s (E)           01m-15.4s (X)
     in progress... |##################  | 090% :           01m-07.8s (E)           01m-15.3s (X)
     in progress... |################### | 095% :           01m-11.6s (E)           01m-15.4s (X)
     in progress... |####################| 100% :           01m-15.3s (E)           01m-15.3s (X)
     --------------------------------------------------------------------------------------------
 
     --------------------------------------------------------------------------------------------
     Wannier (JADE)
     --------------------------------------------------------------------------------------------

                       *----------*            *-----------------*
     #     Iteration = |        1 |   Spread = |  3.02753625E+03 |
                       *----------*            *-----------------*
     Time spent in last iteration 04.1s

                       *----------*            *-----------------*
     #     Iteration = |        2 |   Spread = |  3.55167123E+03 |
                       *----------*            *-----------------*
     Time spent in last iteration 04.1s

                       *----------*            *-----------------*
     #     Iteration = |        3 |   Spread = |  3.60314310E+03 |
                       *----------*            *-----------------*
     Time spent in last iteration 04.1s

                       *----------*            *-----------------*
     #     Iteration = |        4 |   Spread = |  3.60463917E+03 |
                       *----------*            *-----------------*
     Time spent in last iteration 04.1s

                       *----------*            *-----------------*
     #     Iteration = |        5 |   Spread = |  3.60468521E+03 |
                       *----------*            *-----------------*
     Time spent in last iteration 04.1s

                       *----------*            *-----------------*
     #     Iteration = |        6 |   Spread = |  3.60470404E+03 |
                       *----------*            *-----------------*
     Time spent in last iteration 04.1s

                       *----------*            *-----------------*
     #     Iteration = |        7 |   Spread = |  3.60471843E+03 |
                       *----------*            *-----------------*
     Time spent in last iteration 04.1s

                       *----------*            *-----------------*
     #     Iteration = |        8 |   Spread = |  3.60473064E+03 |
                       *----------*            *-----------------*
     Time spent in last iteration 04.1s

                       *----------*            *-----------------*
     #     Iteration = |        9 |   Spread = |  3.60474154E+03 |
                       *----------*            *-----------------*
     Time spent in last iteration 04.1s

                       *----------*            *-----------------*
     #     Iteration = |       10 |   Spread = |  3.60475157E+03 |
                       *----------*            *-----------------*
     Time spent in last iteration 04.1s

                       *----------*            *-----------------*
     #     Iteration = |       11 |   Spread = |  3.60476082E+03 |
                       *----------*            *-----------------*
     Time spent in last iteration 04.1s

                       *----------*            *-----------------*
     #     Iteration = |       12 |   Spread = |  3.60476950E+03 |
                       *----------*            *-----------------*
     Time spent in last iteration 04.1s

                       *----------*            *-----------------*
     #     Iteration = |       13 |   Spread = |  3.60477769E+03 |
                       *----------*            *-----------------*
     Time spent in last iteration 04.1s

                       *----------*            *-----------------*
     #     Iteration = |       14 |   Spread = |  3.60478540E+03 |
                       *----------*            *-----------------*
     Time spent in last iteration 04.1s

                       *----------*            *-----------------*
     #     Iteration = |       15 |   Spread = |  3.60479268E+03 |
                       *----------*            *-----------------*
     Time spent in last iteration 04.1s

                       *----------*            *-----------------*
     #     Iteration = |       16 |   Spread = |  3.60479961E+03 |
                       *----------*            *-----------------*
     Time spent in last iteration 04.1s

                       *----------*            *-----------------*
     #     Iteration = |       17 |   Spread = |  3.60480626E+03 |
                       *----------*            *-----------------*
     Time spent in last iteration 04.1s

                       *----------*            *-----------------*
     #     Iteration = |       18 |   Spread = |  3.60481265E+03 |
                       *----------*            *-----------------*
     Time spent in last iteration 04.1s

                       *----------*            *-----------------*
     #     Iteration = |       19 |   Spread = |  3.60481868E+03 |
                       *----------*            *-----------------*
     Time spent in last iteration 04.1s

                       *----------*            *-----------------*
     #     Iteration = |       20 |   Spread = |  3.60482438E+03 |
                       *----------*            *-----------------*
     Time spent in last iteration 04.1s

                       *----------*            *-----------------*
     #     Iteration = |       21 |   Spread = |  3.60482980E+03 |
                       *----------*            *-----------------*
     Time spent in last iteration 04.1s

                       *----------*            *-----------------*
     #     Iteration = |       22 |   Spread = |  3.60483492E+03 |
                       *----------*            *-----------------*
     Time spent in last iteration 04.1s

                       *----------*            *-----------------*
     #     Iteration = |       23 |   Spread = |  3.60483965E+03 |
                       *----------*            *-----------------*
     Time spent in last iteration 04.1s

                       *----------*            *-----------------*
     #     Iteration = |       24 |   Spread = |  3.60484395E+03 |
                       *----------*            *-----------------*
     Time spent in last iteration 04.1s

                       *----------*            *-----------------*
     #     Iteration = |       25 |   Spread = |  3.60484785E+03 |
                       *----------*            *-----------------*
     Time spent in last iteration 04.1s

                       *----------*            *-----------------*
     #     Iteration = |       26 |   Spread = |  3.60485140E+03 |
                       *----------*            *-----------------*
     Time spent in last iteration 04.1s
 
     --------------------------------------------------------------------------------------------
     Wannier (overlap)
     --------------------------------------------------------------------------------------------
     in progress... |#                   | 005% :               02.7s (E)               54.7s (X)
     in progress... |##                  | 010% :               05.3s (E)               53.9s (X)
     in progress... |###                 | 015% :               07.9s (E)               53.1s (X)
     in progress... |####                | 020% :               10.4s (E)               52.4s (X)
     in progress... |#####               | 025% :               13.1s (E)               52.5s (X)
     in progress... |######              | 030% :               15.6s (E)               52.3s (X)
     in progress... |#######             | 035% :               18.3s (E)               52.5s (X)
     in progress... |########            | 040% :               20.9s (E)               52.4s (X)
     in progress... |#########           | 045% :               23.4s (E)               52.0s (X)
     in progress... |##########          | 050% :               26.1s (E)               52.3s (X)
     in progress... |###########         | 055% :               28.7s (E)               52.2s (X)
     in progress... |############        | 060% :               31.3s (E)               52.2s (X)
     in progress... |#############       | 065% :               33.9s (E)               52.2s (X)
     in progress... |##############      | 070% :               36.5s (E)               52.2s (X)
     in progress... |###############     | 075% :               39.0s (E)               52.0s (X)
     in progress... |################    | 080% :               41.6s (E)               52.0s (X)
     in progress... |#################   | 085% :               44.2s (E)               52.0s (X)
     in progress... |##################  | 090% :               46.8s (E)               52.0s (X)
     in progress... |################### | 095% :               49.4s (E)               52.0s (X)
     in progress... |####################| 100% :               52.0s (E)               52.0s (X)
     --------------------------------------------------------------------------------------------

     Writing overlap and rotation matrices to ./pdep_4992.wbse_init.save/o_and_u.2.dat
 
     --------------------------------------------------------------------------------------------
     Parallelization for n_pairs
     --------------------------------------------------------------------------------------------
     nglob                =          27905
     nlevel               =              3
     Min nglob/nlevel     =           9301
     Max nglob/nlevel     =           9302
     --------------------------------------------------------------------------------------------
 
     --------------------------------------------------------------------------------------------
     Applying CHI kernel with PDEP
     --------------------------------------------------------------------------------------------
     in progress... |#                   | 005% :               26.6s (E)           08m-53.6s (X)
     in progress... |##                  | 010% :               53.2s (E)           08m-52.3s (X)
     in progress... |###                 | 015% :           01m-19.7s (E)           08m-51.9s (X)
     in progress... |####                | 020% :           01m-46.3s (E)           08m-51.6s (X)
     in progress... |#####               | 025% :           02m-12.8s (E)           08m-51.4s (X)
     in progress... |######              | 030% :           02m-39.4s (E)           08m-51.3s (X)
     in progress... |#######             | 035% :           03m-06.0s (E)           08m-51.4s (X)
     in progress... |########            | 040% :           03m-32.5s (E)           08m-51.4s (X)
     in progress... |#########           | 045% :           03m-59.0s (E)           08m-51.2s (X)
     in progress... |##########          | 050% :           04m-25.6s (E)           08m-51.3s (X)
     in progress... |###########         | 055% :           04m-52.2s (E)           08m-51.3s (X)
     in progress... |############        | 060% :           05m-19.1s (E)           08m-51.9s (X)
     in progress... |#############       | 065% :           05m-45.7s (E)           08m-51.9s (X)
     in progress... |##############      | 070% :           06m-12.3s (E)           08m-51.9s (X)
     in progress... |###############     | 075% :           06m-38.9s (E)           08m-51.8s (X)
     in progress... |################    | 080% :           07m-05.5s (E)           08m-51.8s (X)
     in progress... |#################   | 085% :           07m-32.0s (E)           08m-51.8s (X)
     in progress... |##################  | 090% :           07m-58.6s (E)           08m-51.8s (X)
     in progress... |################### | 095% :           08m-25.2s (E)           08m-51.8s (X)
     in progress... |####################| 100% :           08m-51.8s (E)           08m-51.8s (X)
     --------------------------------------------------------------------------------------------
     WBSE_INIT    :  25m52.41s CPU  27m 4.24s WALL

     west_readin  :      0.82s CPU      1.33s WALL (       1 calls)
     fetch_input  :      0.05s CPU      0.05s WALL (       2 calls)
     fft          :      0.03s CPU      0.10s WALL (      14 calls)
                                        0.10s GPU  (      14 calls)
     a2a_fw       :     68.28s CPU     69.26s WALL (  535284 calls)
     init_vloc    :      0.03s CPU      0.03s WALL (       2 calls)
     init_us_1    :      0.02s CPU      0.02s WALL (       2 calls)
     v_of_rho     :      0.02s CPU      0.07s WALL (       1 calls)
     v_xc         :      0.01s CPU      0.06s WALL (       1 calls)
     a2a_bw       :      0.99s CPU      1.43s WALL (   18606 calls)
     v_h          :      0.01s CPU      0.01s WALL (       1 calls)
     do_setup     :     13.37s CPU     16.07s WALL (       1 calls)
     init_pw_ar   :     13.37s CPU     16.07s WALL (       1 calls)
     hinit0       :      0.12s CPU      0.12s WALL (       1 calls)
     davcio       :      0.00s CPU      0.79s WALL (       6 calls)
     exx_grid     :      0.00s CPU      0.00s WALL (       1 calls)
     exxinit      :     11.93s CPU     13.40s WALL (       1 calls)
     fftcw        :      7.76s CPU      8.24s WALL (    1400 calls)
     fft_scatter  :      1.08s CPU      1.33s WALL (    1400 calls)
     exx_div      :      0.00s CPU      0.01s WALL (       1 calls)
     sqvc_init    :      0.00s CPU      0.00s WALL (       1 calls)
     pdep_db      :      2.72s CPU     13.75s WALL (       1 calls)
     pdep_read    :      2.43s CPU     13.45s WALL (    4992 calls)
     local        :    515.36s CPU    518.22s WALL (       2 calls)
     rscatter_gri :      0.05s CPU      0.05s WALL (      12 calls)
     wann         :    291.65s CPU    294.08s WALL (       4 calls)
     fftw         :    110.48s CPU    124.81s WALL (  553876 calls)
                                      121.24s GPU  (  553876 calls)
     jade         :    222.11s CPU    222.31s WALL (       2 calls)
                                      222.31s GPU  (       2 calls)
     tau          :   1008.69s CPU   1062.72s WALL (       2 calls)
     pdep_write   :     23.43s CPU     65.49s WALL (   18602 calls)
 
     WBSE_INIT    :  25m52.41s CPU  27m 4.24s WALL

 
   This run was terminated on:   1:48: 3  22Feb2025            

=------------------------------------------------------------------------------=
   JOB DONE.
=------------------------------------------------------------------------------=
