
     --------------------------------------------------------------------------------------------
     I/O Summary : input_west
     --------------------------------------------------------------------------------------------
     qe_prefix : pwscf
     west_prefix : pdep_4992
     outdir : ./
     --------------------------------------------------------------------------------------------

     --------------------------------------------------------------------------------------------
     I/O Summary : wbse_init_control
     --------------------------------------------------------------------------------------------
     wbse_init_calculation : S
     solver : BSE
     bse_method : PDEP
     n_pdep_eigen_to_use : 4992
     localization : W
     wannier_tr_rel : 1e-06
     wfc_from_qbox : qb_wfc
     bisection_info : bis_info
     chi_kernel : CHI
     overlap_thr : 0.0001
     spin_channel : 0
     n_trunc_bands : 0
     --------------------------------------------------------------------------------------------

     --------------------------------------------------------------------------------------------
     I/O Summary : wbse_control
     --------------------------------------------------------------------------------------------
     wbse_calculation : D
     qp_correction : pdep_4992.wfreq.save/wfreq_2.json
     scissor_ope : 0.0
     n_liouville_eigen : 10
     n_liouville_times : 4
     n_liouville_maxiter : 1000
     n_liouville_read_from_file : 0
     trev_liouville : 0.0001
     trev_liouville_rel : 0.001
     n_lanczos : 1000
     n_steps_write_restart : 100
     wbse_ipol : XYZ
     l_dipole_realspace : False
     wbse_epsinfty : 2.555
     spin_excitation : S
     l_preconditioning : True
     l_pre_shift : False
     l_spin_flip : False
     l_spin_flip_kernel : False
     l_spin_flip_alda0 : False
     l_print_spin_flip_kernel : False
     spin_flip_cut : 0.001
     l_forces : False
     forces_state : 1
     forces_zeq_cg_tr : 1e-10
     forces_zeq_n_cg_maxiter : 500
     ddvxc_fd_coeff : 0.01
     forces_inexact_krylov : 0
     forces_inexact_krylov_tr : 1e-16
     l_minimize_exx_if_active : False
     n_exx_lowrank : 1400
     l_reduce_io : False
     --------------------------------------------------------------------------------------------

     Program WBSE v. 6.0.0 git rev. v6.0.0 starts on 22Feb2025 at  1:48:13 

     This program is part of the open-source West suite
     for massively parallel calculations of excited states in materials; please cite
         "M. Govoni et al., J. Chem. Theory Comput. 11, 2680 (2015);
          URL https://west-code.org",
     in publications or presentations arising from this work.

     Based on the Quantum ESPRESSO v. 7.3

     I/O is Little Endian
 
     --------------------------------------------------------------------------------------------
     **MPI** Parallelization Status
     --------------------------------------------------------------------------------------------
                    24                   3             1             1             8
     --------------------------------------------------------------------------------------------
                     N         =         I      X      P      X      B      X      Z
                     ^                   ^             ^             ^             ^
                     |                   |             |             |             |
                   #rnk                  |             |             |             |
                                      #image           |             |             |
                                                     #pool           |             |
                                                                   #bgrp           |
                                                                                 #R&G
     --------------------------------------------------------------------------------------------
     #prc =           24
     --------------------------------------------------------------------------------------------

     GPU acceleration enabled

     Reading xml data from directory:

     ./pwscf.save/
     EXX fraction changed:   0.25
     EXX Screening parameter changed:    0.0000000

     IMPORTANT: XC functional enforced from input :
     Exchange-correlation= PBE0
                           (   6   4   8   4   0   0   0)
     EXX-fraction              =        0.25
     Any further DFT definition will be discarded
     Please, verify this is what you really want

 
     Parallelization info
     --------------------
     sticks:   dense  smooth     PW     G-vecs:    dense   smooth      PW
     Min        1248    1248    311               120929   120929   15115
     Max        1249    1249    314               120932   120932   15120
     Sum        9985    9985   2503               967453   967453  120943
 
     Using Slab Decomposition
 
       ** WARNING : EXX use_ace          = T
       ** WARNING : EXX alpha            =       0.250000
       ** WARNING : EXX erfc_scrlen      =       0.000000
       ** WARNING : EXX gau_scrlen       =       0.000000
       ** WARNING : EXX ecutfock         =     240.000000
       ** WARNING : EXX exxdiv_treatment = gb
     EXX: q-point mesh:     1    1    1
     EXX: grid of k+q points same as grid of k-points
     EXX: initializing ACE and reading from file
     ACE potential read for     2800 bands
     ACE potential read for     2800 bands
     Starting ACE correctly read from file
       ** WARNING : EXX-exxdiv           =   -2967.048900
 
     --------------------------------------------------------------------------------------------
     System Overview
     --------------------------------------------------------------------------------------------
     gamma_only           =              T
     ecutwfc [Ry]         =      60.000000
     ecutrho [Ry]         =     240.000000
     omega [au^3]         =   1.540622E+04
     nbnd                 =           1400
     nkstot               =              2
     nspin                =              2
     nelec                =    2482.000000
     nelup                =    1242.000000
     neldw                =    1240.000000
     npol                 =              1
     lsda                 =              T
     noncolin             =              F
     lspinorb             =              F
     --------------------------------------------------------------------------------------------

     3DFFT grid
        s : ( 125, 125, 150)
        p : ( 125, 125, 150)

     Direct Lattice Cell [a.u.]
        a1 = (    24.5557707     0.0000000     0.0000000)
        a2 = (   -12.2778844    21.2659197     0.0000000)
        a3 = (     0.0000000     0.0000000    29.5024772)

     Reciprocal Lattice Cell [a.u.]
        b1 = (     0.2558741     0.1477290    -0.0000000)
        b2 = (     0.0000000     0.2954580     0.0000000)
        b3 = (     0.0000000    -0.0000000     0.2129714)
 

     Brillouin Zone sampling [cryst. coord.]
 
        k(000001) = (     0.0000000     0.0000000     0.0000000)
     Divergence =   1.925877E-01

     Macroscopic dielectric constant correction: -0.12139

     Reading overlap and rotation matrices from ./pdep_4992.wbse_init.save/o_and_u.1.dat

     Reading overlap and rotation matrices from ./pdep_4992.wbse_init.save/o_and_u.2.dat
 
     --------------------------------------------------------------------------------------------
     Parallelization for nvecx
     --------------------------------------------------------------------------------------------
     nglob                =             40
     nlevel               =              3
     Min nglob/nlevel     =             13
     Max nglob/nlevel     =             14
     --------------------------------------------------------------------------------------------
 
     --------------------------------------------------------------------------------------------
     Parallelization for nbndval
     --------------------------------------------------------------------------------------------
     nglob                =           1242
     nlevel               =              1
     Min nglob/nlevel     =           1242
     Max nglob/nlevel     =           1242
     --------------------------------------------------------------------------------------------

     [MEM] ----------------------------------------------------------
     [MEM] **Memory** analysis: QE
     [MEM] ----------------------------------------------------------
     [MEM] Allocated arrays           est. size (Mb)     dimensions
     [MEM] ----------------------------------------------------------
     [MEM] Kohn-Sham Wavefunctions     161.48 Mb     (   7559, 1400)
     [MEM] NL pseudopotentials         286.97 Mb     (   7559, 2488)
     [MEM] Each V/rho on FFT grid        4.53 Mb     ( 296875)
     [MEM] Each G-vector array           0.46 Mb     (  60466)
     [MEM] G-vector shells               0.23 Mb     (  30545)
     [MEM] ----------------------------------------------------------
     [MEM] Total estimate              453.67 Mb
     [MEM] ----------------------------------------------------------
     [MEM]
     [MEM] ----------------------------------------------------------
     [MEM] **Memory** analysis: WBSE global
     [MEM] ----------------------------------------------------------
     [MEM] Allocated arrays           est. size (Mb)     dimensions
     [MEM] ----------------------------------------------------------
     [MEM] dvg_exc                    2005.55 Mb     (   7559, 1242,   14)
     [MEM] dng_exc                    2005.55 Mb     (   7559, 1242,   14)
     [MEM] hr_distr                      0.00 Mb     (     40,   14)
     [MEM] vr_distr                      0.00 Mb     (     40,   14)
     [MEM] ----------------------------------------------------------
     [MEM] Total estimate             4011.11 Mb
     [MEM] ----------------------------------------------------------
     [MEM]
     [MEM] ----------------------------------------------------------
     [MEM] **Memory** analysis: WBSE temporary
     [MEM] ----------------------------------------------------------
     [MEM] Allocated arrays           est. size (Mb)     dimensions
     [MEM] ----------------------------------------------------------
     [MEM] dvpsi                       286.51 Mb     (   7559, 2484)
     [MEM] dpsi                        286.51 Mb     (   7559, 2484)
     [MEM] Liouville workspace         143.25 Mb     (   7559, 1242)
     [MEM] kernel                      429.76 Mb     (   7559, 3726)
     [MEM] ----------------------------------------------------------
     [MEM] Total estimate             1146.03 Mb
     [MEM] ----------------------------------------------------------
 
     Using lowest energy electron-hole pairs as initial guess

                       *----------*              *----------*               *----------*
     #     Iteration = | starting |   WBSE_dim = |       10 |   Diago_dim = |       10 |
                       *----------*              *----------*               *----------*
     s-DIAGOX done in 00.4s with cuSOLVER
     --------------------------------------------------------------------------------------------
 
        0.13432   0.13433   0.16538   0.20108   0.20108   0.20167   0.20681   0.20681   0.21444
        0.21902
 
     --------------------------------------------------------------------------------------------
     Tot. elapsed time 17m-20.3s,  time spent in last iteration 17m-20.3s
     --------------------------------------------------------------------------------------------

                       *----------*              *----------*               *----------*
     #     Iteration = |        1 |   WBSE_dim = |       10 |   Diago_dim = |       20 |
                       *----------*              *----------*               *----------*
     s-DIAGOX done in 00.3s with cuSOLVER
     --------------------------------------------------------------------------------------------
     Max diff =  0.828E-02
 
        0.13258   0.13259   0.16267   0.19280   0.19952   0.19952   0.20538   0.20538   0.21136
        0.21716
 
     --------------------------------------------------------------------------------------------
     Tot. elapsed time 36m-13.4s,  time spent in last iteration 18m-53.1s
     --------------------------------------------------------------------------------------------

                       *----------*              *----------*               *----------*
     #     Iteration = |        2 |   WBSE_dim = |       10 |   Diago_dim = |       30 |
                       *----------*              *----------*               *----------*
     s-DIAGOX done in 00.4s with cuSOLVER
     --------------------------------------------------------------------------------------------
     Max diff =  0.170E-02
 
        0.13088   0.13090   0.16222   0.19110   0.19904   0.19904   0.20492   0.20492   0.21074
        0.21666
 
     --------------------------------------------------------------------------------------------
     Tot. elapsed time 53m-48.2s,  time spent in last iteration 17m-34.7s
     --------------------------------------------------------------------------------------------

                       *----------*              *----------*               *----------*
     #     Iteration = |        3 |   WBSE_dim = |       10 |   Diago_dim = |       40 |
                       *----------*              *----------*               *----------*
     s-DIAGOX done in 00.4s with cuSOLVER
     --------------------------------------------------------------------------------------------
     Max diff =  0.219E-02
 
        0.12869   0.12871   0.16159   0.19000   0.19833   0.19834   0.20425   0.20425   0.21003
        0.21598
 
     --------------------------------------------------------------------------------------------
     Tot. elapsed time 01h-12m-03.1s,  time spent in last iteration 18m-14.9s
     --------------------------------------------------------------------------------------------

       Refresh the basis set

                       *----------*              *----------*               *----------*
     #     Iteration = |        4 |   WBSE_dim = |       10 |   Diago_dim = |       20 |
                       *----------*              *----------*               *----------*
     s-DIAGOX done in 00.4s with cuSOLVER
     --------------------------------------------------------------------------------------------
     Max diff =  0.104E-02
 
        0.12765   0.12766   0.16135   0.18950   0.19805   0.19806   0.20397   0.20397   0.20976
        0.21576
 
     --------------------------------------------------------------------------------------------
     Tot. elapsed time 01h-23m-38.7s,  time spent in last iteration 11m-06.9s
     --------------------------------------------------------------------------------------------

                       *----------*              *----------*               *----------*
     #     Iteration = |        5 |   WBSE_dim = |       10 |   Diago_dim = |       30 |
                       *----------*              *----------*               *----------*
     s-DIAGOX done in 00.3s with cuSOLVER
     --------------------------------------------------------------------------------------------
     Max diff =  0.111E-02
 
        0.12653   0.12655   0.16115   0.18906   0.19788   0.19789   0.20381   0.20381   0.20958
        0.21561
 
     --------------------------------------------------------------------------------------------
     Tot. elapsed time 01h-33m-11.7s,  time spent in last iteration 09m-32.9s
     --------------------------------------------------------------------------------------------

                       *----------*              *----------*               *----------*
     #     Iteration = |        6 |   WBSE_dim = |       10 |   Diago_dim = |       40 |
                       *----------*              *----------*               *----------*
     s-DIAGOX done in 00.3s with cuSOLVER
     --------------------------------------------------------------------------------------------
     Max diff =  0.657E-03
 
        0.12588   0.12590   0.16094   0.18864   0.19772   0.19773   0.20364   0.20364   0.20942
        0.21548
 
     --------------------------------------------------------------------------------------------
     Tot. elapsed time 01h-42m-44.3s,  time spent in last iteration 09m-32.6s
     --------------------------------------------------------------------------------------------

       Refresh the basis set

                       *----------*              *----------*               *----------*
     #     Iteration = |        7 |   WBSE_dim = |       10 |   Diago_dim = |       20 |
                       *----------*              *----------*               *----------*
     s-DIAGOX done in 00.3s with cuSOLVER
     --------------------------------------------------------------------------------------------
     Max diff =  0.333E-03
 
        0.12554   0.12556   0.16082   0.18840   0.19765   0.19766   0.20357   0.20358   0.20935
        0.21543
 
     --------------------------------------------------------------------------------------------
     Tot. elapsed time 01h-52m-41.6s,  time spent in last iteration 09m-30.6s
     --------------------------------------------------------------------------------------------

                       *----------*              *----------*               *----------*
     #     Iteration = |        8 |   WBSE_dim = |        4 |   Diago_dim = |       24 |
                       *----------*              *----------*               *----------*
     s-DIAGOX done in 00.3s with cuSOLVER
     --------------------------------------------------------------------------------------------
     Max diff =  0.374E-03
 
        0.12517   0.12519   0.16071   0.18818   0.19764   0.19766   0.20357   0.20358   0.20933
        0.21542
 
     --------------------------------------------------------------------------------------------
     Tot. elapsed time 01h-57m-50.6s,  time spent in last iteration 05m-09.0s
     --------------------------------------------------------------------------------------------

                       *----------*              *----------*               *----------*
     #     Iteration = |        9 |   WBSE_dim = |        4 |   Diago_dim = |       28 |
                       *----------*              *----------*               *----------*
     s-DIAGOX done in 00.3s with cuSOLVER
     --------------------------------------------------------------------------------------------
     Max diff =  0.467E-03
 
        0.12470   0.12472   0.16056   0.18793   0.19764   0.19766   0.20357   0.20358   0.20931
        0.21542
 
     --------------------------------------------------------------------------------------------
     Tot. elapsed time 02h-02m-58.4s,  time spent in last iteration 05m-07.7s
     --------------------------------------------------------------------------------------------

                       *----------*              *----------*               *----------*
     #     Iteration = |       10 |   WBSE_dim = |        4 |   Diago_dim = |       32 |
                       *----------*              *----------*               *----------*
     s-DIAGOX done in 00.3s with cuSOLVER
     --------------------------------------------------------------------------------------------
     Max diff =  0.219E-02
 
        0.12251   0.12254   0.15996   0.18704   0.19763   0.19765   0.20357   0.20358   0.20921
        0.21541
 
     --------------------------------------------------------------------------------------------
     Tot. elapsed time 02h-08m-06.4s,  time spent in last iteration 05m-07.9s
     --------------------------------------------------------------------------------------------

                       *----------*              *----------*               *----------*
     #     Iteration = |       11 |   WBSE_dim = |        4 |   Diago_dim = |       36 |
                       *----------*              *----------*               *----------*
     s-DIAGOX done in 00.3s with cuSOLVER
     --------------------------------------------------------------------------------------------
     Max diff =  0.260E-02
 
        0.11992   0.11994   0.15925   0.18612   0.19761   0.19763   0.20357   0.20358   0.20908
        0.21540
 
     --------------------------------------------------------------------------------------------
     Tot. elapsed time 02h-13m-16.1s,  time spent in last iteration 05m-09.6s
     --------------------------------------------------------------------------------------------

       Refresh the basis set

                       *----------*              *----------*               *----------*
     #     Iteration = |       12 |   WBSE_dim = |        5 |   Diago_dim = |       15 |
                       *----------*              *----------*               *----------*
     s-DIAGOX done in 00.4s with cuSOLVER
     --------------------------------------------------------------------------------------------
     Max diff =  0.133E-02
 
        0.11859   0.11861   0.15894   0.18568   0.19760   0.19762   0.20357   0.20357   0.20899
        0.21540
 
     --------------------------------------------------------------------------------------------
     Tot. elapsed time 02h-23m-11.6s,  time spent in last iteration 09m-29.5s
     --------------------------------------------------------------------------------------------

                       *----------*              *----------*               *----------*
     #     Iteration = |       13 |   WBSE_dim = |        4 |   Diago_dim = |       19 |
                       *----------*              *----------*               *----------*
     s-DIAGOX done in 00.3s with cuSOLVER
     --------------------------------------------------------------------------------------------
     Max diff =  0.969E-03
 
        0.11762   0.11765   0.15870   0.18531   0.19759   0.19761   0.20357   0.20357   0.20894
        0.21539
 
     --------------------------------------------------------------------------------------------
     Tot. elapsed time 02h-32m-50.6s,  time spent in last iteration 09m-38.9s
     --------------------------------------------------------------------------------------------

                       *----------*              *----------*               *----------*
     #     Iteration = |       14 |   WBSE_dim = |        4 |   Diago_dim = |       23 |
                       *----------*              *----------*               *----------*
     s-DIAGOX done in 00.3s with cuSOLVER
     --------------------------------------------------------------------------------------------
     Max diff =  0.499E-03
 
        0.11712   0.11715   0.15860   0.18516   0.19758   0.19760   0.20357   0.20357   0.20892
        0.21539
 
     --------------------------------------------------------------------------------------------
     Tot. elapsed time 02h-42m-54.1s,  time spent in last iteration 10m-03.5s
     --------------------------------------------------------------------------------------------

                       *----------*              *----------*               *----------*
     #     Iteration = |       15 |   WBSE_dim = |        3 |   Diago_dim = |       26 |
                       *----------*              *----------*               *----------*
     s-DIAGOX done in 00.3s with cuSOLVER
     --------------------------------------------------------------------------------------------
     Max diff =  0.493E-03
 
        0.11662   0.11665   0.15855   0.18503   0.19758   0.19759   0.20357   0.20357   0.20890
        0.21539
 
     --------------------------------------------------------------------------------------------
     Tot. elapsed time 02h-48m-17.8s,  time spent in last iteration 05m-23.6s
     --------------------------------------------------------------------------------------------

                       *----------*              *----------*               *----------*
     #     Iteration = |       16 |   WBSE_dim = |        3 |   Diago_dim = |       29 |
                       *----------*              *----------*               *----------*
     s-DIAGOX done in 00.3s with cuSOLVER
     --------------------------------------------------------------------------------------------
     Max diff =  0.312E-03
 
        0.11631   0.11634   0.15849   0.18488   0.19757   0.19759   0.20357   0.20357   0.20887
        0.21539
 
     --------------------------------------------------------------------------------------------
     Tot. elapsed time 02h-53m-45.8s,  time spent in last iteration 05m-27.9s
     --------------------------------------------------------------------------------------------

                       *----------*              *----------*               *----------*
     #     Iteration = |       17 |   WBSE_dim = |        3 |   Diago_dim = |       32 |
                       *----------*              *----------*               *----------*
     s-DIAGOX done in 00.3s with cuSOLVER
     --------------------------------------------------------------------------------------------
     Max diff =  0.517E-03
 
        0.11588   0.11591   0.15833   0.18437   0.19756   0.19758   0.20357   0.20357   0.20879
        0.21538
 
     --------------------------------------------------------------------------------------------
     Tot. elapsed time 02h-59m-11.7s,  time spent in last iteration 05m-25.9s
     --------------------------------------------------------------------------------------------

                       *----------*              *----------*               *----------*
     #     Iteration = |       18 |   WBSE_dim = |        4 |   Diago_dim = |       36 |
                       *----------*              *----------*               *----------*
     s-DIAGOX done in 00.3s with cuSOLVER
     --------------------------------------------------------------------------------------------
     Max diff =  0.386E-03
 
        0.11561   0.11564   0.15818   0.18398   0.19756   0.19757   0.20357   0.20357   0.20871
        0.21538
 
     --------------------------------------------------------------------------------------------
     Tot. elapsed time 03h-09m-02.7s,  time spent in last iteration 09m-50.9s
     --------------------------------------------------------------------------------------------

                       *----------*              *----------*               *----------*
     #     Iteration = |       19 |   WBSE_dim = |        4 |   Diago_dim = |       40 |
                       *----------*              *----------*               *----------*
     s-DIAGOX done in 00.3s with cuSOLVER
     --------------------------------------------------------------------------------------------
     Max diff =  0.636E-03
 
        0.11497   0.11500   0.15800   0.18355   0.19754   0.19756   0.20357   0.20357   0.20861
        0.21538
 
     --------------------------------------------------------------------------------------------
     Tot. elapsed time 03h-18m-53.9s,  time spent in last iteration 09m-51.2s
     --------------------------------------------------------------------------------------------

       Refresh the basis set

                       *----------*              *----------*               *----------*
     #     Iteration = |       20 |   WBSE_dim = |        4 |   Diago_dim = |       14 |
                       *----------*              *----------*               *----------*
     s-DIAGOX done in 00.3s with cuSOLVER
     --------------------------------------------------------------------------------------------
     Max diff =  0.371E-03
 
        0.11460   0.11463   0.15790   0.18336   0.19753   0.19755   0.20357   0.20357   0.20857
        0.21538
 
     --------------------------------------------------------------------------------------------
     Tot. elapsed time 03h-29m-51.9s,  time spent in last iteration 10m-26.2s
     --------------------------------------------------------------------------------------------

                       *----------*              *----------*               *----------*
     #     Iteration = |       21 |   WBSE_dim = |        4 |   Diago_dim = |       18 |
                       *----------*              *----------*               *----------*
     s-DIAGOX done in 00.3s with cuSOLVER
     --------------------------------------------------------------------------------------------
     Max diff =  0.234E-03
 
        0.11437   0.11440   0.15781   0.18318   0.19752   0.19754   0.20357   0.20357   0.20853
        0.21537
 
     --------------------------------------------------------------------------------------------
     Tot. elapsed time 03h-40m-34.7s,  time spent in last iteration 10m-42.7s
     --------------------------------------------------------------------------------------------

                       *----------*              *----------*               *----------*
     #     Iteration = |       22 |   WBSE_dim = |        3 |   Diago_dim = |       21 |
                       *----------*              *----------*               *----------*
     s-DIAGOX done in 00.3s with cuSOLVER
     --------------------------------------------------------------------------------------------
     Max diff =  0.245E-03
 
        0.11412   0.11416   0.15774   0.18301   0.19751   0.19753   0.20357   0.20357   0.20850
        0.21537
 
     --------------------------------------------------------------------------------------------
     Tot. elapsed time 03h-46m-26.5s,  time spent in last iteration 05m-51.8s
     --------------------------------------------------------------------------------------------

                       *----------*              *----------*               *----------*
     #     Iteration = |       23 |   WBSE_dim = |        3 |   Diago_dim = |       24 |
                       *----------*              *----------*               *----------*
     s-DIAGOX done in 00.3s with cuSOLVER
     --------------------------------------------------------------------------------------------
     Max diff =  0.279E-03
 
        0.11384   0.11388   0.15769   0.18288   0.19751   0.19752   0.20357   0.20357   0.20847
        0.21537
 
     --------------------------------------------------------------------------------------------
     Tot. elapsed time 03h-52m-17.4s,  time spent in last iteration 05m-50.8s
     --------------------------------------------------------------------------------------------

                       *----------*              *----------*               *----------*
     #     Iteration = |       24 |   WBSE_dim = |        3 |   Diago_dim = |       27 |
                       *----------*              *----------*               *----------*
     s-DIAGOX done in 00.3s with cuSOLVER
     --------------------------------------------------------------------------------------------
     Max diff =  0.212E-03
 
        0.11363   0.11367   0.15764   0.18276   0.19750   0.19752   0.20357   0.20357   0.20845
        0.21537
 
     --------------------------------------------------------------------------------------------
     Tot. elapsed time 03h-58m-13.7s,  time spent in last iteration 05m-56.2s
     --------------------------------------------------------------------------------------------

                       *----------*              *----------*               *----------*
     #     Iteration = |       25 |   WBSE_dim = |        3 |   Diago_dim = |       30 |
                       *----------*              *----------*               *----------*
     s-DIAGOX done in 00.3s with cuSOLVER
     --------------------------------------------------------------------------------------------
     Max diff =  0.289E-03
 
        0.11334   0.11338   0.15757   0.18260   0.19749   0.19750   0.20357   0.20357   0.20841
        0.21537
 
     --------------------------------------------------------------------------------------------
     Tot. elapsed time 04h-04m-04.7s,  time spent in last iteration 05m-50.9s
     --------------------------------------------------------------------------------------------

                       *----------*              *----------*               *----------*
     #     Iteration = |       26 |   WBSE_dim = |        3 |   Diago_dim = |       33 |
                       *----------*              *----------*               *----------*
     s-DIAGOX done in 00.3s with cuSOLVER
     --------------------------------------------------------------------------------------------
     Max diff =  0.269E-03
 
        0.11307   0.11311   0.15749   0.18245   0.19747   0.19749   0.20357   0.20357   0.20838
        0.21536
 
     --------------------------------------------------------------------------------------------
     Tot. elapsed time 04h-09m-50.4s,  time spent in last iteration 05m-45.7s
     --------------------------------------------------------------------------------------------

                       *----------*              *----------*               *----------*
     #     Iteration = |       27 |   WBSE_dim = |        3 |   Diago_dim = |       36 |
                       *----------*              *----------*               *----------*
     s-DIAGOX done in 00.3s with cuSOLVER
     --------------------------------------------------------------------------------------------
     Max diff =  0.394E-03
 
        0.11268   0.11271   0.15742   0.18229   0.19744   0.19746   0.20357   0.20357   0.20835
        0.21536
 
     --------------------------------------------------------------------------------------------
     Tot. elapsed time 04h-15m-40.4s,  time spent in last iteration 05m-49.9s
     --------------------------------------------------------------------------------------------

                       *----------*              *----------*               *----------*
     #     Iteration = |       28 |   WBSE_dim = |        3 |   Diago_dim = |       39 |
                       *----------*              *----------*               *----------*
     s-DIAGOX done in 00.3s with cuSOLVER
     --------------------------------------------------------------------------------------------
     Max diff =  0.570E-03
 
        0.11211   0.11214   0.15730   0.18205   0.19733   0.19735   0.20356   0.20357   0.20828
        0.21536
 
     --------------------------------------------------------------------------------------------
     Tot. elapsed time 04h-21m-27.8s,  time spent in last iteration 05m-47.3s
     --------------------------------------------------------------------------------------------

       Refresh the basis set

                       *----------*              *----------*               *----------*
     #     Iteration = |       29 |   WBSE_dim = |        6 |   Diago_dim = |       16 |
                       *----------*              *----------*               *----------*
     s-DIAGOX done in 00.3s with cuSOLVER
     --------------------------------------------------------------------------------------------
     Max diff =  0.334E-03
 
        0.11178   0.11181   0.15722   0.18192   0.19717   0.19719   0.20356   0.20356   0.20824
        0.21536
 
     --------------------------------------------------------------------------------------------
     Tot. elapsed time 04h-32m-17.9s,  time spent in last iteration 10m-21.4s
     --------------------------------------------------------------------------------------------

                       *----------*              *----------*               *----------*
     #     Iteration = |       30 |   WBSE_dim = |        5 |   Diago_dim = |       21 |
                       *----------*              *----------*               *----------*
     s-DIAGOX done in 00.3s with cuSOLVER
     --------------------------------------------------------------------------------------------
     Max diff =  0.170E-03
 
        0.11161   0.11164   0.15718   0.18183   0.19701   0.19704   0.20356   0.20356   0.20821
        0.21536
 
     --------------------------------------------------------------------------------------------
     Tot. elapsed time 04h-42m-35.2s,  time spent in last iteration 10m-17.2s
     --------------------------------------------------------------------------------------------

                       *----------*              *----------*               *----------*
     #     Iteration = |       31 |   WBSE_dim = |        4 |   Diago_dim = |       25 |
                       *----------*              *----------*               *----------*
     s-DIAGOX done in 00.4s with cuSOLVER
     --------------------------------------------------------------------------------------------
     Max diff =  0.195E-03
 
        0.11148   0.11152   0.15718   0.18183   0.19682   0.19685   0.20355   0.20356   0.20821
        0.21536
 
     --------------------------------------------------------------------------------------------
     Tot. elapsed time 04h-52m-27.0s,  time spent in last iteration 09m-51.8s
     --------------------------------------------------------------------------------------------

                       *----------*              *----------*               *----------*
     #     Iteration = |       32 |   WBSE_dim = |        4 |   Diago_dim = |       29 |
                       *----------*              *----------*               *----------*
     s-DIAGOX done in 00.3s with cuSOLVER
     --------------------------------------------------------------------------------------------
     Max diff =  0.161E-03
 
        0.11137   0.11140   0.15718   0.18183   0.19666   0.19669   0.20355   0.20355   0.20821
        0.21536
 
     --------------------------------------------------------------------------------------------
     Tot. elapsed time 05h-02m-25.7s,  time spent in last iteration 09m-58.6s
     --------------------------------------------------------------------------------------------

                       *----------*              *----------*               *----------*
     #     Iteration = |       33 |   WBSE_dim = |        4 |   Diago_dim = |       33 |
                       *----------*              *----------*               *----------*
     s-DIAGOX done in 00.3s with cuSOLVER
     --------------------------------------------------------------------------------------------
     Max diff =  0.132E-03
 
        0.11130   0.11134   0.15718   0.18183   0.19652   0.19656   0.20355   0.20355   0.20821
        0.21536
 
     --------------------------------------------------------------------------------------------
     Tot. elapsed time 05h-12m-15.5s,  time spent in last iteration 09m-49.7s
     --------------------------------------------------------------------------------------------

                       *----------*              *----------*               *----------*
     #     Iteration = |       34 |   WBSE_dim = |        2 |   Diago_dim = |       35 |
                       *----------*              *----------*               *----------*
     s-DIAGOX done in 00.3s with cuSOLVER
     --------------------------------------------------------------------------------------------
     Max diff =  0.926E-04
 
        0.11128   0.11131   0.15718   0.18183   0.19643   0.19647   0.20355   0.20355   0.20821
        0.21536
 
     --------------------------------------------------------------------------------------------
     Tot. elapsed time 05h-17m-39.1s,  time spent in last iteration 05m-23.6s
     --------------------------------------------------------------------------------------------
 
     --------------------------------------------------------------------------------------------
     SAVE written in 20.3s
     In location : ./pdep_4992.wbse.save
     --------------------------------------------------------------------------------------------
 
     --------------------------------------------------------------------------------------------
     Convergence achieved !!! in       34 steps
     --------------------------------------------------------------------------------------------
     WBSE         :      2h26m CPU      5h18m WALL

     west_readin  :      0.79s CPU      1.26s WALL (       1 calls)
     fetch_input  :      0.07s CPU      0.07s WALL (       2 calls)
     fft          :      0.20s CPU      0.31s WALL (     164 calls)
                                        0.31s GPU  (     164 calls)
     a2a_fw       :    462.06s CPU    686.93s WALL ( 8463610 calls)
     init_vloc    :      0.03s CPU      0.03s WALL (       2 calls)
     init_us_1    :      0.01s CPU      0.02s WALL (       2 calls)
     v_of_rho     :      0.03s CPU      0.10s WALL (       1 calls)
     v_xc         :      0.03s CPU      0.10s WALL (       1 calls)
     a2a_bw       :     11.93s CPU     14.77s WALL (  186304 calls)
     v_h          :      0.01s CPU      0.01s WALL (       1 calls)
     do_setup     :      2.80s CPU      5.05s WALL (       1 calls)
     init_pw_ar   :      2.80s CPU      5.05s WALL (       1 calls)
     hinit0       :      0.12s CPU      0.13s WALL (       1 calls)
     davcio       :      1.08s CPU     68.07s WALL (     596 calls)
     exx_grid     :      0.00s CPU      0.00s WALL (       1 calls)
     aceinit0     :      1.35s CPU      2.26s WALL (       1 calls)
     exx_div      :      0.02s CPU      0.02s WALL (       1 calls)
     sqvc_init    :      0.00s CPU      0.01s WALL (       1 calls)
     dv_setup     :      0.00s CPU      0.01s WALL (       1 calls)
     chidiago     :   8786.18s CPU  19093.87s WALL (       1 calls)
     vc_init      :      0.48s CPU      0.56s WALL (       1 calls)
     paramgs      :    101.08s CPU    110.98s WALL (      35 calls)
                                      110.98s GPU  (      35 calls)
     liouv        :   7894.98s CPU  17265.88s WALL (      75 calls)
                                    17265.92s GPU  (      75 calls)
     calc_dens    :     47.62s CPU     64.44s WALL (      75 calls)
                                       64.44s GPU  (      75 calls)
     fftw         :    985.65s CPU   1635.23s WALL ( 8661450 calls)
                                     1573.74s GPU  ( 8661450 calls)
     dv_drho      :      0.20s CPU      0.22s WALL (      75 calls)
                                        0.22s GPU  (      75 calls)
     init_us_2    :      0.92s CPU      0.93s WALL (     150 calls)
     init_us_2:gp :      0.92s CPU      0.93s WALL (     150 calls)
     h_psi        :     27.82s CPU     28.25s WALL (     150 calls)
                                       28.25s GPU  (     150 calls)
     h_psi:pot    :     18.14s CPU     18.53s WALL (     150 calls)
                                       18.53s GPU  (     150 calls)
     vloc_psi     :     13.98s CPU     14.31s WALL (     150 calls)
                                       14.31s GPU  (     150 calls)
     A2A          :      8.15s CPU      8.27s WALL (   46650 calls)
     h_psi:calbec :      3.24s CPU      3.29s WALL (     150 calls)
                                        3.29s GPU  (     150 calls)
     calbec       :      3.24s CPU      3.29s WALL (     150 calls)
     add_vuspsi   :      0.13s CPU      0.92s WALL (     150 calls)
                                        0.92s GPU  (     150 calls)
     vexxace      :      8.80s CPU      9.68s WALL (     150 calls)
                                        9.68s GPU  (     150 calls)
     matcalc      :      1.86s CPU      1.87s WALL (     150 calls)
                                        1.87s GPU  (     150 calls)
     hqp          :      2.24s CPU      2.24s WALL (     150 calls)
                                        2.24s GPU  (     150 calls)
     bse_kernel   :   6634.75s CPU  15949.36s WALL (     150 calls)
                                    15949.39s GPU  (     150 calls)
     pdep_read    :   5135.04s CPU  13687.44s WALL ( 8184300 calls)
     alphapc      :     21.53s CPU     22.54s WALL (     260 calls)
                                       22.54s GPU  (     260 calls)
     build_hr     :    174.93s CPU    445.61s WALL (      35 calls)
                                      445.61s GPU  (      35 calls)
     diagox       :     13.48s CPU     13.54s WALL (      35 calls)
     redistr_vr   :      3.03s CPU      5.09s WALL (      34 calls)
     update_vr    :    356.31s CPU    882.30s WALL (      34 calls)
                                      882.30s GPU  (      34 calls)
     precd_ag     :      0.85s CPU      0.86s WALL (      34 calls)
                                        0.86s GPU  (      34 calls)
     chidiago:las :     66.93s CPU    141.60s WALL (       6 calls)
     refresh_vr   :     66.12s CPU    147.73s WALL (      11 calls)
                                      147.73s GPU  (      11 calls)
     plep_db      :      7.93s CPU     20.31s WALL (       1 calls)
     plep_write   :      7.29s CPU     19.50s WALL (       4 calls)
 
     WBSE         :      2h26m CPU      5h18m WALL

 
   This run was terminated on:   7: 6:42  22Feb2025            

=------------------------------------------------------------------------------=
   JOB DONE.
=------------------------------------------------------------------------------=
