
     --------------------------------------------------------------------------------------------
     I/O Summary : input_west
     --------------------------------------------------------------------------------------------
     qe_prefix : pwscf
     west_prefix : west
     outdir : ./
     --------------------------------------------------------------------------------------------

     --------------------------------------------------------------------------------------------
     I/O Summary : server_control
     --------------------------------------------------------------------------------------------
     document : {}
     --------------------------------------------------------------------------------------------

     --------------------------------------------------------------------------------------------
     I/O Summary : wbse_init_control
     --------------------------------------------------------------------------------------------
     wbse_init_calculation : S
     solver : TDDFT
     bse_method : PDEP
     n_pdep_eigen_to_use : 2482
     localization : W
     wannier_tr_rel : 1e-06
     wfc_from_qbox : qb_wfc
     bisection_info : bis_info
     chi_kernel : CHI
     overlap_thr : 1e-06
     spin_channel : 0
     n_trunc_bands : 0
     --------------------------------------------------------------------------------------------

     Program WBSE_INIT v. 6.0.0 git rev. v6.0.0 starts on 20Jan2025 at 20:18:58 

     This program is part of the open-source West suite
     for massively parallel calculations of excited states in materials; please cite
         "M. Govoni et al., J. Chem. Theory Comput. 11, 2680 (2015);
          URL https://west-code.org",
     in publications or presentations arising from this work.

     Based on the Quantum ESPRESSO v. 7.3

     I/O is Little Endian
 
     --------------------------------------------------------------------------------------------
     **MPI** Parallelization Status
     --------------------------------------------------------------------------------------------
                    48                   3             1             1            16
     --------------------------------------------------------------------------------------------
                     N         =         I      X      P      X      B      X      Z
                     ^                   ^             ^             ^             ^
                     |                   |             |             |             |
                   #rnk                  |             |             |             |
                                      #image           |             |             |
                                                     #pool           |             |
                                                                   #bgrp           |
                                                                                 #R&G
     --------------------------------------------------------------------------------------------
     #prc =           48
     --------------------------------------------------------------------------------------------

     GPU acceleration enabled

     Reading xml data from directory:

     ./pwscf.save/
     EXX fraction changed:   0.25
     EXX Screening parameter changed:    0.0000000

     IMPORTANT: XC functional enforced from input :
     Exchange-correlation= PBE0
                           (   6   4   8   4   0   0   0)
     EXX-fraction              =        0.25
     Any further DFT definition will be discarded
     Please, verify this is what you really want

 
     Parallelization info
     --------------------
     sticks:   dense  smooth     PW     G-vecs:    dense   smooth      PW
     Min         623     623    155                60463    60463    7555
     Max         626     626    160                60472    60472    7564
     Sum        9985    9985   2503               967453   967453  120943
 
     Using Slab Decomposition
 
       ** WARNING : EXX use_ace          = F
       ** WARNING : EXX alpha            =       0.250000
       ** WARNING : EXX erfc_scrlen      =       0.000000
       ** WARNING : EXX gau_scrlen       =       0.000000
       ** WARNING : EXX ecutfock         =     240.000000
       ** WARNING : EXX exxdiv_treatment = gb
     EXX: q-point mesh:     1    1    1
     EXX: grid of k+q points same as grid of k-points

     EXX grid:   483727 G-vectors     FFT dimensions: ( 125, 125, 150)
       ** WARNING : EXX-exxdiv           =   -2967.048900
 
     --------------------------------------------------------------------------------------------
     System Overview
     --------------------------------------------------------------------------------------------
     gamma_only           =              T
     ecutwfc [Ry]         =      60.000000
     ecutrho [Ry]         =     240.000000
     omega [au^3]         =   1.540622E+04
     nbnd                 =           1400
     nkstot               =              2
     nspin                =              2
     nelec                =    2482.000000
     nelup                =    1242.000000
     neldw                =    1240.000000
     npol                 =              1
     lsda                 =              T
     noncolin             =              F
     lspinorb             =              F
     --------------------------------------------------------------------------------------------

     3DFFT grid
        s : ( 125, 125, 150)
        p : ( 125, 125, 150)

     Direct Lattice Cell [a.u.]
        a1 = (    24.5557707     0.0000000     0.0000000)
        a2 = (   -12.2778844    21.2659197     0.0000000)
        a3 = (     0.0000000     0.0000000    29.5024772)

     Reciprocal Lattice Cell [a.u.]
        b1 = (     0.2558741     0.1477290    -0.0000000)
        b2 = (     0.0000000     0.2954580     0.0000000)
        b3 = (     0.0000000    -0.0000000     0.2129714)
 

     Brillouin Zone sampling [cryst. coord.]
 
        k(000001) = (     0.0000000     0.0000000     0.0000000)
     Divergence =   1.925877E-01
 
     --------------------------------------------------------------------------------------------
     Parallelization for wann_local
     --------------------------------------------------------------------------------------------
     nglob                =           1242
     nlevel               =              3
     Min nglob/nlevel     =            414
     Max nglob/nlevel     =            414
     --------------------------------------------------------------------------------------------
 
     --------------------------------------------------------------------------------------------
     Wannier (A matrices)
     --------------------------------------------------------------------------------------------
     in progress... |#                   | 005% :               04.1s (E)           01m-23.8s (X)
     in progress... |##                  | 010% :               08.2s (E)           01m-22.2s (X)
     in progress... |###                 | 015% :               12.1s (E)           01m-20.8s (X)
     in progress... |####                | 020% :               15.9s (E)           01m-19.5s (X)
     in progress... |#####               | 025% :               19.9s (E)           01m-19.7s (X)
     in progress... |######              | 030% :               23.8s (E)           01m-19.6s (X)
     in progress... |#######             | 035% :               27.9s (E)           01m-19.8s (X)
     in progress... |########            | 040% :               31.8s (E)           01m-19.6s (X)
     in progress... |#########           | 045% :               35.8s (E)           01m-19.7s (X)
     in progress... |##########          | 050% :               39.7s (E)           01m-19.4s (X)
     in progress... |###########         | 055% :               43.6s (E)           01m-19.3s (X)
     in progress... |############        | 060% :               47.5s (E)           01m-19.2s (X)
     in progress... |#############       | 065% :               51.5s (E)           01m-19.2s (X)
     in progress... |##############      | 070% :               55.3s (E)           01m-19.1s (X)
     in progress... |###############     | 075% :               59.3s (E)           01m-19.1s (X)
     in progress... |################    | 080% :           01m-03.3s (E)           01m-19.1s (X)
     in progress... |#################   | 085% :           01m-07.1s (E)           01m-18.9s (X)
     in progress... |##################  | 090% :           01m-11.1s (E)           01m-19.0s (X)
     in progress... |################### | 095% :           01m-14.9s (E)           01m-18.9s (X)
     in progress... |####################| 100% :           01m-18.9s (E)           01m-18.9s (X)
     --------------------------------------------------------------------------------------------
 
     --------------------------------------------------------------------------------------------
     Wannier (JADE)
     --------------------------------------------------------------------------------------------

                       *----------*            *-----------------*
     #     Iteration = |        1 |   Spread = |  3.05510009E+03 |
                       *----------*            *-----------------*
     Time spent in last iteration 04.1s

                       *----------*            *-----------------*
     #     Iteration = |        2 |   Spread = |  3.55371908E+03 |
                       *----------*            *-----------------*
     Time spent in last iteration 04.1s

                       *----------*            *-----------------*
     #     Iteration = |        3 |   Spread = |  3.60842582E+03 |
                       *----------*            *-----------------*
     Time spent in last iteration 04.1s

                       *----------*            *-----------------*
     #     Iteration = |        4 |   Spread = |  3.61040241E+03 |
                       *----------*            *-----------------*
     Time spent in last iteration 04.1s

                       *----------*            *-----------------*
     #     Iteration = |        5 |   Spread = |  3.61045811E+03 |
                       *----------*            *-----------------*
     Time spent in last iteration 04.1s

                       *----------*            *-----------------*
     #     Iteration = |        6 |   Spread = |  3.61047955E+03 |
                       *----------*            *-----------------*
     Time spent in last iteration 04.1s

                       *----------*            *-----------------*
     #     Iteration = |        7 |   Spread = |  3.61049582E+03 |
                       *----------*            *-----------------*
     Time spent in last iteration 04.1s

                       *----------*            *-----------------*
     #     Iteration = |        8 |   Spread = |  3.61051064E+03 |
                       *----------*            *-----------------*
     Time spent in last iteration 04.1s

                       *----------*            *-----------------*
     #     Iteration = |        9 |   Spread = |  3.61052451E+03 |
                       *----------*            *-----------------*
     Time spent in last iteration 04.1s

                       *----------*            *-----------------*
     #     Iteration = |       10 |   Spread = |  3.61053725E+03 |
                       *----------*            *-----------------*
     Time spent in last iteration 04.1s

                       *----------*            *-----------------*
     #     Iteration = |       11 |   Spread = |  3.61054880E+03 |
                       *----------*            *-----------------*
     Time spent in last iteration 04.1s

                       *----------*            *-----------------*
     #     Iteration = |       12 |   Spread = |  3.61055918E+03 |
                       *----------*            *-----------------*
     Time spent in last iteration 04.1s

                       *----------*            *-----------------*
     #     Iteration = |       13 |   Spread = |  3.61056851E+03 |
                       *----------*            *-----------------*
     Time spent in last iteration 04.1s

                       *----------*            *-----------------*
     #     Iteration = |       14 |   Spread = |  3.61057694E+03 |
                       *----------*            *-----------------*
     Time spent in last iteration 04.1s

                       *----------*            *-----------------*
     #     Iteration = |       15 |   Spread = |  3.61058460E+03 |
                       *----------*            *-----------------*
     Time spent in last iteration 04.1s

                       *----------*            *-----------------*
     #     Iteration = |       16 |   Spread = |  3.61059156E+03 |
                       *----------*            *-----------------*
     Time spent in last iteration 04.1s

                       *----------*            *-----------------*
     #     Iteration = |       17 |   Spread = |  3.61059789E+03 |
                       *----------*            *-----------------*
     Time spent in last iteration 04.1s

                       *----------*            *-----------------*
     #     Iteration = |       18 |   Spread = |  3.61060367E+03 |
                       *----------*            *-----------------*
     Time spent in last iteration 04.1s

                       *----------*            *-----------------*
     #     Iteration = |       19 |   Spread = |  3.61060900E+03 |
                       *----------*            *-----------------*
     Time spent in last iteration 04.1s

                       *----------*            *-----------------*
     #     Iteration = |       20 |   Spread = |  3.61061398E+03 |
                       *----------*            *-----------------*
     Time spent in last iteration 04.1s

                       *----------*            *-----------------*
     #     Iteration = |       21 |   Spread = |  3.61061867E+03 |
                       *----------*            *-----------------*
     Time spent in last iteration 04.1s

                       *----------*            *-----------------*
     #     Iteration = |       22 |   Spread = |  3.61062316E+03 |
                       *----------*            *-----------------*
     Time spent in last iteration 04.1s

                       *----------*            *-----------------*
     #     Iteration = |       23 |   Spread = |  3.61062749E+03 |
                       *----------*            *-----------------*
     Time spent in last iteration 04.1s

                       *----------*            *-----------------*
     #     Iteration = |       24 |   Spread = |  3.61063168E+03 |
                       *----------*            *-----------------*
     Time spent in last iteration 04.1s

                       *----------*            *-----------------*
     #     Iteration = |       25 |   Spread = |  3.61063573E+03 |
                       *----------*            *-----------------*
     Time spent in last iteration 04.1s

                       *----------*            *-----------------*
     #     Iteration = |       26 |   Spread = |  3.61063962E+03 |
                       *----------*            *-----------------*
     Time spent in last iteration 04.1s

                       *----------*            *-----------------*
     #     Iteration = |       27 |   Spread = |  3.61064335E+03 |
                       *----------*            *-----------------*
     Time spent in last iteration 04.1s

                       *----------*            *-----------------*
     #     Iteration = |       28 |   Spread = |  3.61064690E+03 |
                       *----------*            *-----------------*
     Time spent in last iteration 04.1s
 
     --------------------------------------------------------------------------------------------
     Wannier (overlap)
     --------------------------------------------------------------------------------------------
     in progress... |#                   | 005% :               03.4s (E)           01m-08.5s (X)
     in progress... |##                  | 010% :               06.6s (E)           01m-06.4s (X)
     in progress... |###                 | 015% :               09.7s (E)           01m-05.1s (X)
     in progress... |####                | 020% :               12.8s (E)           01m-04.0s (X)
     in progress... |#####               | 025% :               16.0s (E)           01m-04.1s (X)
     in progress... |######              | 030% :               19.1s (E)           01m-03.7s (X)
     in progress... |#######             | 035% :               22.3s (E)           01m-03.9s (X)
     in progress... |########            | 040% :               25.5s (E)           01m-03.7s (X)
     in progress... |#########           | 045% :               28.7s (E)           01m-03.8s (X)
     in progress... |##########          | 050% :               31.8s (E)           01m-03.6s (X)
     in progress... |###########         | 055% :               34.9s (E)           01m-03.5s (X)
     in progress... |############        | 060% :               38.1s (E)           01m-03.5s (X)
     in progress... |#############       | 065% :               41.2s (E)           01m-03.4s (X)
     in progress... |##############      | 070% :               44.3s (E)           01m-03.3s (X)
     in progress... |###############     | 075% :               47.5s (E)           01m-03.4s (X)
     in progress... |################    | 080% :               50.7s (E)           01m-03.4s (X)
     in progress... |#################   | 085% :               53.7s (E)           01m-03.2s (X)
     in progress... |##################  | 090% :               56.9s (E)           01m-03.3s (X)
     in progress... |################### | 095% :           01m-00.1s (E)           01m-03.2s (X)
     in progress... |####################| 100% :           01m-03.2s (E)           01m-03.2s (X)
     --------------------------------------------------------------------------------------------

     Writing overlap and rotation matrices to ./west.wbse_init.save/o_and_u.1.dat
 
     --------------------------------------------------------------------------------------------
     Parallelization for n_pairs
     --------------------------------------------------------------------------------------------
     nglob                =         172096
     nlevel               =              3
     Min nglob/nlevel     =          57365
     Max nglob/nlevel     =          57366
     --------------------------------------------------------------------------------------------
 
     --------------------------------------------------------------------------------------------
     Applying CHI kernel with PDEP
     --------------------------------------------------------------------------------------------
     in progress... |#                   | 005% :               10.0s (E)           03m-21.5s (X)
     in progress... |##                  | 010% :               20.1s (E)           03m-21.1s (X)
     in progress... |###                 | 015% :               30.1s (E)           03m-21.0s (X)
     in progress... |####                | 020% :               40.2s (E)           03m-21.0s (X)
     in progress... |#####               | 025% :               50.2s (E)           03m-21.1s (X)
     in progress... |######              | 030% :           01m-00.3s (E)           03m-21.1s (X)
     in progress... |#######             | 035% :           01m-10.4s (E)           03m-21.1s (X)
     in progress... |########            | 040% :           01m-20.4s (E)           03m-21.1s (X)
     in progress... |#########           | 045% :           01m-30.5s (E)           03m-21.2s (X)
     in progress... |##########          | 050% :           01m-40.6s (E)           03m-21.2s (X)
     in progress... |###########         | 055% :           01m-50.6s (E)           03m-21.2s (X)
     in progress... |############        | 060% :           02m-00.7s (E)           03m-21.2s (X)
     in progress... |#############       | 065% :           02m-10.8s (E)           03m-21.2s (X)
     in progress... |##############      | 070% :           02m-21.1s (E)           03m-21.6s (X)
     in progress... |###############     | 075% :           02m-32.5s (E)           03m-23.3s (X)
     in progress... |################    | 080% :           02m-43.8s (E)           03m-24.8s (X)
     in progress... |#################   | 085% :           02m-55.2s (E)           03m-26.1s (X)
     in progress... |##################  | 090% :           03m-06.6s (E)           03m-27.3s (X)
     in progress... |################### | 095% :           03m-17.9s (E)           03m-28.3s (X)
     in progress... |####################| 100% :           03m-29.3s (E)           03m-29.3s (X)
     --------------------------------------------------------------------------------------------
 
     --------------------------------------------------------------------------------------------
     Parallelization for wann_local
     --------------------------------------------------------------------------------------------
     nglob                =           1240
     nlevel               =              3
     Min nglob/nlevel     =            413
     Max nglob/nlevel     =            414
     --------------------------------------------------------------------------------------------
 
     --------------------------------------------------------------------------------------------
     Wannier (A matrices)
     --------------------------------------------------------------------------------------------
     in progress... |#                   | 005% :               04.1s (E)           01m-23.1s (X)
     in progress... |##                  | 010% :               08.1s (E)           01m-21.8s (X)
     in progress... |###                 | 015% :               12.1s (E)           01m-20.8s (X)
     in progress... |####                | 020% :               15.9s (E)           01m-19.7s (X)
     in progress... |#####               | 025% :               19.9s (E)           01m-19.8s (X)
     in progress... |######              | 030% :               23.8s (E)           01m-19.5s (X)
     in progress... |#######             | 035% :               27.9s (E)           01m-19.8s (X)
     in progress... |########            | 040% :               31.8s (E)           01m-19.6s (X)
     in progress... |#########           | 045% :               35.6s (E)           01m-19.1s (X)
     in progress... |##########          | 050% :               39.7s (E)           01m-19.4s (X)
     in progress... |###########         | 055% :               43.6s (E)           01m-19.3s (X)
     in progress... |############        | 060% :               47.5s (E)           01m-19.3s (X)
     in progress... |#############       | 065% :               51.5s (E)           01m-19.2s (X)
     in progress... |##############      | 070% :               55.4s (E)           01m-19.1s (X)
     in progress... |###############     | 075% :               59.2s (E)           01m-18.9s (X)
     in progress... |################    | 080% :           01m-03.1s (E)           01m-18.9s (X)
     in progress... |#################   | 085% :           01m-07.1s (E)           01m-18.9s (X)
     in progress... |##################  | 090% :           01m-11.0s (E)           01m-18.9s (X)
     in progress... |################### | 095% :           01m-15.0s (E)           01m-18.9s (X)
     in progress... |####################| 100% :           01m-18.9s (E)           01m-18.9s (X)
     --------------------------------------------------------------------------------------------
 
     --------------------------------------------------------------------------------------------
     Wannier (JADE)
     --------------------------------------------------------------------------------------------

                       *----------*            *-----------------*
     #     Iteration = |        1 |   Spread = |  3.02753625E+03 |
                       *----------*            *-----------------*
     Time spent in last iteration 04.0s

                       *----------*            *-----------------*
     #     Iteration = |        2 |   Spread = |  3.55167123E+03 |
                       *----------*            *-----------------*
     Time spent in last iteration 04.0s

                       *----------*            *-----------------*
     #     Iteration = |        3 |   Spread = |  3.60314310E+03 |
                       *----------*            *-----------------*
     Time spent in last iteration 04.0s

                       *----------*            *-----------------*
     #     Iteration = |        4 |   Spread = |  3.60463917E+03 |
                       *----------*            *-----------------*
     Time spent in last iteration 04.0s

                       *----------*            *-----------------*
     #     Iteration = |        5 |   Spread = |  3.60468521E+03 |
                       *----------*            *-----------------*
     Time spent in last iteration 04.0s

                       *----------*            *-----------------*
     #     Iteration = |        6 |   Spread = |  3.60470404E+03 |
                       *----------*            *-----------------*
     Time spent in last iteration 04.0s

                       *----------*            *-----------------*
     #     Iteration = |        7 |   Spread = |  3.60471843E+03 |
                       *----------*            *-----------------*
     Time spent in last iteration 04.0s

                       *----------*            *-----------------*
     #     Iteration = |        8 |   Spread = |  3.60473064E+03 |
                       *----------*            *-----------------*
     Time spent in last iteration 04.0s

                       *----------*            *-----------------*
     #     Iteration = |        9 |   Spread = |  3.60474154E+03 |
                       *----------*            *-----------------*
     Time spent in last iteration 04.0s

                       *----------*            *-----------------*
     #     Iteration = |       10 |   Spread = |  3.60475157E+03 |
                       *----------*            *-----------------*
     Time spent in last iteration 04.0s

                       *----------*            *-----------------*
     #     Iteration = |       11 |   Spread = |  3.60476082E+03 |
                       *----------*            *-----------------*
     Time spent in last iteration 04.0s

                       *----------*            *-----------------*
     #     Iteration = |       12 |   Spread = |  3.60476950E+03 |
                       *----------*            *-----------------*
     Time spent in last iteration 04.0s

                       *----------*            *-----------------*
     #     Iteration = |       13 |   Spread = |  3.60477769E+03 |
                       *----------*            *-----------------*
     Time spent in last iteration 04.0s

                       *----------*            *-----------------*
     #     Iteration = |       14 |   Spread = |  3.60478540E+03 |
                       *----------*            *-----------------*
     Time spent in last iteration 04.0s

                       *----------*            *-----------------*
     #     Iteration = |       15 |   Spread = |  3.60479268E+03 |
                       *----------*            *-----------------*
     Time spent in last iteration 04.0s

                       *----------*            *-----------------*
     #     Iteration = |       16 |   Spread = |  3.60479961E+03 |
                       *----------*            *-----------------*
     Time spent in last iteration 04.0s

                       *----------*            *-----------------*
     #     Iteration = |       17 |   Spread = |  3.60480626E+03 |
                       *----------*            *-----------------*
     Time spent in last iteration 04.0s

                       *----------*            *-----------------*
     #     Iteration = |       18 |   Spread = |  3.60481265E+03 |
                       *----------*            *-----------------*
     Time spent in last iteration 04.0s

                       *----------*            *-----------------*
     #     Iteration = |       19 |   Spread = |  3.60481868E+03 |
                       *----------*            *-----------------*
     Time spent in last iteration 04.0s

                       *----------*            *-----------------*
     #     Iteration = |       20 |   Spread = |  3.60482438E+03 |
                       *----------*            *-----------------*
     Time spent in last iteration 04.0s

                       *----------*            *-----------------*
     #     Iteration = |       21 |   Spread = |  3.60482980E+03 |
                       *----------*            *-----------------*
     Time spent in last iteration 04.0s

                       *----------*            *-----------------*
     #     Iteration = |       22 |   Spread = |  3.60483492E+03 |
                       *----------*            *-----------------*
     Time spent in last iteration 04.0s

                       *----------*            *-----------------*
     #     Iteration = |       23 |   Spread = |  3.60483965E+03 |
                       *----------*            *-----------------*
     Time spent in last iteration 04.0s

                       *----------*            *-----------------*
     #     Iteration = |       24 |   Spread = |  3.60484395E+03 |
                       *----------*            *-----------------*
     Time spent in last iteration 04.0s

                       *----------*            *-----------------*
     #     Iteration = |       25 |   Spread = |  3.60484785E+03 |
                       *----------*            *-----------------*
     Time spent in last iteration 04.0s

                       *----------*            *-----------------*
     #     Iteration = |       26 |   Spread = |  3.60485140E+03 |
                       *----------*            *-----------------*
     Time spent in last iteration 04.0s
 
     --------------------------------------------------------------------------------------------
     Wannier (overlap)
     --------------------------------------------------------------------------------------------
     in progress... |#                   | 005% :               03.3s (E)           01m-07.2s (X)
     in progress... |##                  | 010% :               06.5s (E)           01m-05.7s (X)
     in progress... |###                 | 015% :               09.6s (E)           01m-04.6s (X)
     in progress... |####                | 020% :               12.7s (E)           01m-03.6s (X)
     in progress... |#####               | 025% :               15.9s (E)           01m-03.7s (X)
     in progress... |######              | 030% :               19.0s (E)           01m-03.4s (X)
     in progress... |#######             | 035% :               22.2s (E)           01m-03.6s (X)
     in progress... |########            | 040% :               25.3s (E)           01m-03.4s (X)
     in progress... |#########           | 045% :               28.4s (E)           01m-03.1s (X)
     in progress... |##########          | 050% :               31.7s (E)           01m-03.5s (X)
     in progress... |###########         | 055% :               34.9s (E)           01m-03.5s (X)
     in progress... |############        | 060% :               38.0s (E)           01m-03.4s (X)
     in progress... |#############       | 065% :               41.2s (E)           01m-03.4s (X)
     in progress... |##############      | 070% :               44.3s (E)           01m-03.3s (X)
     in progress... |###############     | 075% :               47.3s (E)           01m-03.1s (X)
     in progress... |################    | 080% :               50.5s (E)           01m-03.1s (X)
     in progress... |#################   | 085% :               53.6s (E)           01m-03.1s (X)
     in progress... |##################  | 090% :               56.7s (E)           01m-03.1s (X)
     in progress... |################### | 095% :               59.9s (E)           01m-03.1s (X)
     in progress... |####################| 100% :           01m-03.1s (E)           01m-03.1s (X)
     --------------------------------------------------------------------------------------------

     Writing overlap and rotation matrices to ./west.wbse_init.save/o_and_u.2.dat
 
     --------------------------------------------------------------------------------------------
     Parallelization for n_pairs
     --------------------------------------------------------------------------------------------
     nglob                =         171662
     nlevel               =              3
     Min nglob/nlevel     =          57220
     Max nglob/nlevel     =          57221
     --------------------------------------------------------------------------------------------
 
     --------------------------------------------------------------------------------------------
     Applying CHI kernel with PDEP
     --------------------------------------------------------------------------------------------
     in progress... |#                   | 005% :               11.5s (E)           03m-51.6s (X)
     in progress... |##                  | 010% :               22.9s (E)           03m-49.9s (X)
     in progress... |###                 | 015% :               34.3s (E)           03m-49.0s (X)
     in progress... |####                | 020% :               45.7s (E)           03m-48.8s (X)
     in progress... |#####               | 025% :               57.2s (E)           03m-48.8s (X)
     in progress... |######              | 030% :           01m-08.6s (E)           03m-48.8s (X)
     in progress... |#######             | 035% :           01m-20.0s (E)           03m-48.8s (X)
     in progress... |########            | 040% :           01m-31.5s (E)           03m-48.8s (X)
     in progress... |#########           | 045% :           01m-43.0s (E)           03m-48.8s (X)
     in progress... |##########          | 050% :           01m-54.4s (E)           03m-48.8s (X)
     in progress... |###########         | 055% :           02m-05.8s (E)           03m-48.8s (X)
     in progress... |############        | 060% :           02m-17.2s (E)           03m-48.8s (X)
     in progress... |#############       | 065% :           02m-29.7s (E)           03m-50.4s (X)
     in progress... |##############      | 070% :           02m-39.8s (E)           03m-48.4s (X)
     in progress... |###############     | 075% :           02m-50.0s (E)           03m-46.6s (X)
     in progress... |################    | 080% :           03m-00.1s (E)           03m-45.2s (X)
     in progress... |#################   | 085% :           03m-10.3s (E)           03m-43.8s (X)
     in progress... |##################  | 090% :           03m-20.4s (E)           03m-42.6s (X)
     in progress... |################### | 095% :           03m-30.5s (E)           03m-41.6s (X)
     in progress... |####################| 100% :           03m-44.7s (E)           03m-44.7s (X)
     --------------------------------------------------------------------------------------------
     WBSE_INIT    :  10m46.83s CPU  15m55.00s WALL

     west_readin  :      1.10s CPU      1.61s WALL (       1 calls)
     fetch_input  :      0.01s CPU      0.02s WALL (       2 calls)
     fft          :      0.39s CPU      0.63s WALL (      14 calls)
                                        0.63s GPU  (      14 calls)
     a2a_fw       :     51.34s CPU     58.05s WALL (  631269 calls)
     init_vloc    :      0.06s CPU      0.06s WALL (       2 calls)
     init_us_1    :      0.01s CPU      0.01s WALL (       2 calls)
     v_of_rho     :      0.02s CPU      0.08s WALL (       1 calls)
     v_xc         :      0.02s CPU      0.08s WALL (       1 calls)
     a2a_bw       :      4.83s CPU     10.50s WALL (  114591 calls)
     v_h          :      0.00s CPU      0.00s WALL (       1 calls)
     do_setup     :      8.67s CPU     10.46s WALL (       1 calls)
     init_pw_ar   :      8.67s CPU     10.46s WALL (       1 calls)
     hinit0       :      0.07s CPU      0.07s WALL (       1 calls)
     davcio       :      0.00s CPU      0.42s WALL (       6 calls)
     exx_grid     :      0.00s CPU      0.00s WALL (       1 calls)
     exxinit      :      6.87s CPU      7.65s WALL (       1 calls)
     fftcw        :      3.88s CPU      4.28s WALL (    1400 calls)
     fft_scatter  :      0.61s CPU      0.70s WALL (    1400 calls)
     exx_div      :      0.00s CPU      0.00s WALL (       1 calls)
     sqvc_init    :      0.00s CPU      0.00s WALL (       1 calls)
     local        :    504.91s CPU    508.42s WALL (       2 calls)
     rscatter_gri :      0.02s CPU      0.02s WALL (      12 calls)
     wann         :    281.63s CPU    284.52s WALL (       4 calls)
     fftw         :    128.01s CPU    169.81s WALL (  745846 calls)
                                      164.94s GPU  (  745846 calls)
     jade         :    221.72s CPU    222.08s WALL (       2 calls)
                                      222.08s GPU  (       2 calls)
     tau          :    131.96s CPU    434.13s WALL (       2 calls)
     pdep_write   :    101.92s CPU    367.47s WALL (  114587 calls)
 
     WBSE_INIT    :  10m46.83s CPU  15m55.00s WALL

 
   This run was terminated on:  20:34:53  20Jan2025            

=------------------------------------------------------------------------------=
   JOB DONE.
=------------------------------------------------------------------------------=
