
     --------------------------------------------------------------------------------------------
     I/O Summary : input_west
     --------------------------------------------------------------------------------------------
     qe_prefix : pwscf
     west_prefix : west
     outdir : ./
     --------------------------------------------------------------------------------------------

     --------------------------------------------------------------------------------------------
     I/O Summary : wbse_init_control
     --------------------------------------------------------------------------------------------
     wbse_init_calculation : S
     solver : TDDFT
     bse_method : PDEP
     n_pdep_eigen_to_use : 2482
     localization : W
     wannier_tr_rel : 1e-06
     wfc_from_qbox : qb_wfc
     bisection_info : bis_info
     chi_kernel : CHI
     overlap_thr : 1e-06
     spin_channel : 0
     n_trunc_bands : 0
     --------------------------------------------------------------------------------------------

     --------------------------------------------------------------------------------------------
     I/O Summary : wbse_control
     --------------------------------------------------------------------------------------------
     wbse_calculation : D
     qp_correction : 
     scissor_ope : 0.0
     n_liouville_eigen : 10
     n_liouville_times : 4
     n_liouville_maxiter : 1000
     n_liouville_read_from_file : 0
     trev_liouville : 0.0001
     trev_liouville_rel : 0.001
     n_lanczos : 1000
     n_steps_write_restart : 100
     wbse_ipol : XX
     l_dipole_realspace : False
     wbse_epsinfty : 1.0
     spin_excitation : S
     l_preconditioning : True
     l_pre_shift : False
     l_spin_flip : False
     l_spin_flip_kernel : False
     l_spin_flip_alda0 : False
     l_print_spin_flip_kernel : False
     spin_flip_cut : 0.001
     l_forces : False
     forces_state : 1
     forces_zeq_cg_tr : 1e-10
     forces_zeq_n_cg_maxiter : 500
     ddvxc_fd_coeff : 0.01
     forces_inexact_krylov : 0
     forces_inexact_krylov_tr : 1e-16
     l_minimize_exx_if_active : False
     n_exx_lowrank : 4000
     l_reduce_io : True
     --------------------------------------------------------------------------------------------

     Program WBSE v. 6.0.0 git rev. v6.0.0 starts on 20Jan2025 at 20:35: 3 

     This program is part of the open-source West suite
     for massively parallel calculations of excited states in materials; please cite
         "M. Govoni et al., J. Chem. Theory Comput. 11, 2680 (2015);
          URL https://west-code.org",
     in publications or presentations arising from this work.

     Based on the Quantum ESPRESSO v. 7.3

     I/O is Little Endian
 
     --------------------------------------------------------------------------------------------
     **MPI** Parallelization Status
     --------------------------------------------------------------------------------------------
                    48                   3             1             1            16
     --------------------------------------------------------------------------------------------
                     N         =         I      X      P      X      B      X      Z
                     ^                   ^             ^             ^             ^
                     |                   |             |             |             |
                   #rnk                  |             |             |             |
                                      #image           |             |             |
                                                     #pool           |             |
                                                                   #bgrp           |
                                                                                 #R&G
     --------------------------------------------------------------------------------------------
     #prc =           48
     --------------------------------------------------------------------------------------------

     GPU acceleration enabled

     Reading xml data from directory:

     ./pwscf.save/
     EXX fraction changed:   0.25
     EXX Screening parameter changed:    0.0000000

     IMPORTANT: XC functional enforced from input :
     Exchange-correlation= PBE0
                           (   6   4   8   4   0   0   0)
     EXX-fraction              =        0.25
     Any further DFT definition will be discarded
     Please, verify this is what you really want

 
     Parallelization info
     --------------------
     sticks:   dense  smooth     PW     G-vecs:    dense   smooth      PW
     Min         623     623    155                60463    60463    7555
     Max         626     626    160                60472    60472    7564
     Sum        9985    9985   2503               967453   967453  120943
 
     Using Slab Decomposition
 
       ** WARNING : EXX use_ace          = T
       ** WARNING : EXX alpha            =       0.250000
       ** WARNING : EXX erfc_scrlen      =       0.000000
       ** WARNING : EXX gau_scrlen       =       0.000000
       ** WARNING : EXX ecutfock         =     240.000000
       ** WARNING : EXX exxdiv_treatment = gb
     EXX: q-point mesh:     1    1    1
     EXX: grid of k+q points same as grid of k-points
     EXX: initializing ACE and reading from file
     ACE potential read for     4000 bands
     ACE potential read for     4000 bands
     Starting ACE correctly read from file
       ** WARNING : EXX-exxdiv           =   -2967.048900
 
     --------------------------------------------------------------------------------------------
     System Overview
     --------------------------------------------------------------------------------------------
     gamma_only           =              T
     ecutwfc [Ry]         =      60.000000
     ecutrho [Ry]         =     240.000000
     omega [au^3]         =   1.540622E+04
     nbnd                 =           1400
     nkstot               =              2
     nspin                =              2
     nelec                =    2482.000000
     nelup                =    1242.000000
     neldw                =    1240.000000
     npol                 =              1
     lsda                 =              T
     noncolin             =              F
     lspinorb             =              F
     --------------------------------------------------------------------------------------------

     3DFFT grid
        s : ( 125, 125, 150)
        p : ( 125, 125, 150)

     Direct Lattice Cell [a.u.]
        a1 = (    24.5557707     0.0000000     0.0000000)
        a2 = (   -12.2778844    21.2659197     0.0000000)
        a3 = (     0.0000000     0.0000000    29.5024772)

     Reciprocal Lattice Cell [a.u.]
        b1 = (     0.2558741     0.1477290    -0.0000000)
        b2 = (     0.0000000     0.2954580     0.0000000)
        b3 = (     0.0000000    -0.0000000     0.2129714)
 

     Brillouin Zone sampling [cryst. coord.]
 
        k(000001) = (     0.0000000     0.0000000     0.0000000)
     Divergence =   1.925877E-01

     Macroscopic dielectric constant correction:  0.00000

     Reading overlap and rotation matrices from ./west.wbse_init.save/o_and_u.1.dat

     Reading overlap and rotation matrices from ./west.wbse_init.save/o_and_u.2.dat
 
     --------------------------------------------------------------------------------------------
     Parallelization for nvecx
     --------------------------------------------------------------------------------------------
     nglob                =             40
     nlevel               =              3
     Min nglob/nlevel     =             13
     Max nglob/nlevel     =             14
     --------------------------------------------------------------------------------------------
 
     --------------------------------------------------------------------------------------------
     Parallelization for nbndval
     --------------------------------------------------------------------------------------------
     nglob                =           1242
     nlevel               =              1
     Min nglob/nlevel     =           1242
     Max nglob/nlevel     =           1242
     --------------------------------------------------------------------------------------------

     [MEM] ----------------------------------------------------------
     [MEM] **Memory** analysis: QE
     [MEM] ----------------------------------------------------------
     [MEM] Allocated arrays           est. size (Mb)     dimensions
     [MEM] ----------------------------------------------------------
     [MEM] Kohn-Sham Wavefunctions      80.79 Mb     (   3782, 1400)
     [MEM] NL pseudopotentials         143.58 Mb     (   3782, 2488)
     [MEM] Each V/rho on FFT grid        2.38 Mb     ( 156250)
     [MEM] Each G-vector array           0.23 Mb     (  30236)
     [MEM] G-vector shells               0.12 Mb     (  15274)
     [MEM] ----------------------------------------------------------
     [MEM] Total estimate              227.10 Mb
     [MEM] ----------------------------------------------------------
     [MEM]
     [MEM] ----------------------------------------------------------
     [MEM] **Memory** analysis: WBSE global
     [MEM] ----------------------------------------------------------
     [MEM] Allocated arrays           est. size (Mb)     dimensions
     [MEM] ----------------------------------------------------------
     [MEM] dvg_exc                    1003.44 Mb     (   3782, 1242,   14)
     [MEM] dng_exc                    1003.44 Mb     (   3782, 1242,   14)
     [MEM] hr_distr                      0.00 Mb     (     40,   14)
     [MEM] vr_distr                      0.00 Mb     (     40,   14)
     [MEM] ----------------------------------------------------------
     [MEM] Total estimate             2006.89 Mb
     [MEM] ----------------------------------------------------------
     [MEM]
     [MEM] ----------------------------------------------------------
     [MEM] **Memory** analysis: WBSE temporary
     [MEM] ----------------------------------------------------------
     [MEM] Allocated arrays           est. size (Mb)     dimensions
     [MEM] ----------------------------------------------------------
     [MEM] dvpsi                       143.35 Mb     (   3782, 2484)
     [MEM] dpsi                        143.35 Mb     (   3782, 2484)
     [MEM] Liouville workspace          71.67 Mb     (   3782, 1242)
     [MEM] kernel                      215.02 Mb     (   3782, 3726)
     [MEM] ----------------------------------------------------------
     [MEM] Total estimate              573.39 Mb
     [MEM] ----------------------------------------------------------
 
     Using lowest energy electron-hole pairs as initial guess

                       *----------*              *----------*               *----------*
     #     Iteration = | starting |   WBSE_dim = |       10 |   Diago_dim = |       10 |
                       *----------*              *----------*               *----------*
     s-DIAGOX done in 00.2s with cuSOLVER
     --------------------------------------------------------------------------------------------
 
        0.13622   0.13622   0.15480   0.18418   0.18419   0.18963   0.19037   0.19037   0.19725
        0.20160
 
     --------------------------------------------------------------------------------------------
     Tot. elapsed time 32m-20.6s,  time spent in last iteration 32m-20.6s
     --------------------------------------------------------------------------------------------

                       *----------*              *----------*               *----------*
     #     Iteration = |        1 |   WBSE_dim = |       10 |   Diago_dim = |       20 |
                       *----------*              *----------*               *----------*
     s-DIAGOX done in 00.2s with cuSOLVER
     --------------------------------------------------------------------------------------------
     Max diff =  0.643E-02
 
        0.13388   0.13388   0.15207   0.18185   0.18319   0.18319   0.18946   0.18947   0.19405
        0.19986
 
     --------------------------------------------------------------------------------------------
     Tot. elapsed time 45m-44.4s,  time spent in last iteration 13m-23.7s
     --------------------------------------------------------------------------------------------

                       *----------*              *----------*               *----------*
     #     Iteration = |        2 |   WBSE_dim = |       10 |   Diago_dim = |       30 |
                       *----------*              *----------*               *----------*
     s-DIAGOX done in 00.2s with cuSOLVER
     --------------------------------------------------------------------------------------------
     Max diff =  0.246E-02
 
        0.13142   0.13142   0.15160   0.18016   0.18288   0.18288   0.18916   0.18917   0.19357
        0.19951
 
     --------------------------------------------------------------------------------------------
     Tot. elapsed time 59m-37.9s,  time spent in last iteration 13m-53.5s
     --------------------------------------------------------------------------------------------

                       *----------*              *----------*               *----------*
     #     Iteration = |        3 |   WBSE_dim = |       10 |   Diago_dim = |       40 |
                       *----------*              *----------*               *----------*
     s-DIAGOX done in 00.2s with cuSOLVER
     --------------------------------------------------------------------------------------------
     Max diff =  0.320E-02
 
        0.12822   0.12822   0.15091   0.17909   0.18237   0.18237   0.18869   0.18869   0.19304
        0.19905
 
     --------------------------------------------------------------------------------------------
     Tot. elapsed time 01h-13m-29.4s,  time spent in last iteration 13m-51.4s
     --------------------------------------------------------------------------------------------

       Refresh the basis set

                       *----------*              *----------*               *----------*
     #     Iteration = |        4 |   WBSE_dim = |       10 |   Diago_dim = |       20 |
                       *----------*              *----------*               *----------*
     s-DIAGOX done in 00.2s with cuSOLVER
     --------------------------------------------------------------------------------------------
     Max diff =  0.156E-02
 
        0.12666   0.12666   0.15064   0.17860   0.18220   0.18220   0.18852   0.18852   0.19287
        0.19892
 
     --------------------------------------------------------------------------------------------
     Tot. elapsed time 01h-27m-29.8s,  time spent in last iteration 13m-46.5s
     --------------------------------------------------------------------------------------------

                       *----------*              *----------*               *----------*
     #     Iteration = |        5 |   WBSE_dim = |       10 |   Diago_dim = |       30 |
                       *----------*              *----------*               *----------*
     s-DIAGOX done in 00.2s with cuSOLVER
     --------------------------------------------------------------------------------------------
     Max diff =  0.165E-02
 
        0.12501   0.12501   0.15042   0.17813   0.18208   0.18208   0.18841   0.18841   0.19274
        0.19882
 
     --------------------------------------------------------------------------------------------
     Tot. elapsed time 01h-41m-11.8s,  time spent in last iteration 13m-41.9s
     --------------------------------------------------------------------------------------------

                       *----------*              *----------*               *----------*
     #     Iteration = |        6 |   WBSE_dim = |       10 |   Diago_dim = |       40 |
                       *----------*              *----------*               *----------*
     s-DIAGOX done in 00.2s with cuSOLVER
     --------------------------------------------------------------------------------------------
     Max diff =  0.101E-02
 
        0.12400   0.12400   0.15017   0.17768   0.18198   0.18198   0.18830   0.18831   0.19263
        0.19873
 
     --------------------------------------------------------------------------------------------
     Tot. elapsed time 01h-55m-06.3s,  time spent in last iteration 13m-54.5s
     --------------------------------------------------------------------------------------------

       Refresh the basis set

                       *----------*              *----------*               *----------*
     #     Iteration = |        7 |   WBSE_dim = |        9 |   Diago_dim = |       19 |
                       *----------*              *----------*               *----------*
     s-DIAGOX done in 00.2s with cuSOLVER
     --------------------------------------------------------------------------------------------
     Max diff =  0.511E-03
 
        0.12349   0.12349   0.15003   0.17742   0.18194   0.18194   0.18826   0.18826   0.19257
        0.19873
 
     --------------------------------------------------------------------------------------------
     Tot. elapsed time 02h-05m-48.6s,  time spent in last iteration 10m-27.8s
     --------------------------------------------------------------------------------------------

                       *----------*              *----------*               *----------*
     #     Iteration = |        8 |   WBSE_dim = |        4 |   Diago_dim = |       23 |
                       *----------*              *----------*               *----------*
     s-DIAGOX done in 00.2s with cuSOLVER
     --------------------------------------------------------------------------------------------
     Max diff =  0.534E-03
 
        0.12295   0.12295   0.14989   0.17718   0.18194   0.18194   0.18826   0.18826   0.19255
        0.19872
 
     --------------------------------------------------------------------------------------------
     Tot. elapsed time 02h-12m-54.3s,  time spent in last iteration 07m-05.7s
     --------------------------------------------------------------------------------------------

                       *----------*              *----------*               *----------*
     #     Iteration = |        9 |   WBSE_dim = |        4 |   Diago_dim = |       27 |
                       *----------*              *----------*               *----------*
     s-DIAGOX done in 00.2s with cuSOLVER
     --------------------------------------------------------------------------------------------
     Max diff =  0.652E-03
 
        0.12230   0.12230   0.14971   0.17691   0.18194   0.18194   0.18826   0.18826   0.19253
        0.19872
 
     --------------------------------------------------------------------------------------------
     Tot. elapsed time 02h-20m-01.9s,  time spent in last iteration 07m-07.6s
     --------------------------------------------------------------------------------------------

                       *----------*              *----------*               *----------*
     #     Iteration = |       10 |   WBSE_dim = |        4 |   Diago_dim = |       31 |
                       *----------*              *----------*               *----------*
     s-DIAGOX done in 00.3s with cuSOLVER
     --------------------------------------------------------------------------------------------
     Max diff =  0.298E-02
 
        0.11932   0.11932   0.14897   0.17592   0.18193   0.18193   0.18826   0.18826   0.19244
        0.19871
 
     --------------------------------------------------------------------------------------------
     Tot. elapsed time 02h-27m-09.4s,  time spent in last iteration 07m-07.4s
     --------------------------------------------------------------------------------------------

                       *----------*              *----------*               *----------*
     #     Iteration = |       11 |   WBSE_dim = |        4 |   Diago_dim = |       35 |
                       *----------*              *----------*               *----------*
     s-DIAGOX done in 00.2s with cuSOLVER
     --------------------------------------------------------------------------------------------
     Max diff =  0.341E-02
 
        0.11590   0.11591   0.14790   0.17465   0.18192   0.18192   0.18826   0.18826   0.19230
        0.19871
 
     --------------------------------------------------------------------------------------------
     Tot. elapsed time 02h-34m-17.5s,  time spent in last iteration 07m-08.1s
     --------------------------------------------------------------------------------------------

                       *----------*              *----------*               *----------*
     #     Iteration = |       12 |   WBSE_dim = |        5 |   Diago_dim = |       40 |
                       *----------*              *----------*               *----------*
     s-DIAGOX done in 00.2s with cuSOLVER
     --------------------------------------------------------------------------------------------
     Max diff =  0.333E-02
 
        0.11257   0.11258   0.14690   0.17329   0.18190   0.18190   0.18826   0.18826   0.19211
        0.19870
 
     --------------------------------------------------------------------------------------------
     Tot. elapsed time 02h-41m-24.7s,  time spent in last iteration 07m-07.1s
     --------------------------------------------------------------------------------------------

       Refresh the basis set

                       *----------*              *----------*               *----------*
     #     Iteration = |       13 |   WBSE_dim = |        5 |   Diago_dim = |       15 |
                       *----------*              *----------*               *----------*
     s-DIAGOX done in 00.2s with cuSOLVER
     --------------------------------------------------------------------------------------------
     Max diff =  0.133E-02
 
        0.11124   0.11124   0.14643   0.17263   0.18189   0.18189   0.18826   0.18826   0.19202
        0.19870
 
     --------------------------------------------------------------------------------------------
     Tot. elapsed time 02h-48m-42.9s,  time spent in last iteration 07m-04.0s
     --------------------------------------------------------------------------------------------

                       *----------*              *----------*               *----------*
     #     Iteration = |       14 |   WBSE_dim = |        4 |   Diago_dim = |       19 |
                       *----------*              *----------*               *----------*
     s-DIAGOX done in 00.2s with cuSOLVER
     --------------------------------------------------------------------------------------------
     Max diff =  0.145E-02
 
        0.10979   0.10980   0.14607   0.17218   0.18188   0.18188   0.18826   0.18826   0.19197
        0.19870
 
     --------------------------------------------------------------------------------------------
     Tot. elapsed time 02h-55m-49.0s,  time spent in last iteration 07m-06.0s
     --------------------------------------------------------------------------------------------

                       *----------*              *----------*               *----------*
     #     Iteration = |       15 |   WBSE_dim = |        4 |   Diago_dim = |       23 |
                       *----------*              *----------*               *----------*
     s-DIAGOX done in 00.2s with cuSOLVER
     --------------------------------------------------------------------------------------------
     Max diff =  0.130E-02
 
        0.10849   0.10850   0.14585   0.17186   0.18187   0.18187   0.18826   0.18826   0.19193
        0.19869
 
     --------------------------------------------------------------------------------------------
     Tot. elapsed time 03h-02m-53.6s,  time spent in last iteration 07m-04.6s
     --------------------------------------------------------------------------------------------

                       *----------*              *----------*               *----------*
     #     Iteration = |       16 |   WBSE_dim = |        4 |   Diago_dim = |       27 |
                       *----------*              *----------*               *----------*
     s-DIAGOX done in 00.2s with cuSOLVER
     --------------------------------------------------------------------------------------------
     Max diff =  0.579E-03
 
        0.10791   0.10792   0.14573   0.17167   0.18186   0.18186   0.18826   0.18826   0.19192
        0.19869
 
     --------------------------------------------------------------------------------------------
     Tot. elapsed time 03h-10m-00.9s,  time spent in last iteration 07m-07.2s
     --------------------------------------------------------------------------------------------

                       *----------*              *----------*               *----------*
     #     Iteration = |       17 |   WBSE_dim = |        4 |   Diago_dim = |       31 |
                       *----------*              *----------*               *----------*
     s-DIAGOX done in 00.2s with cuSOLVER
     --------------------------------------------------------------------------------------------
     Max diff =  0.343E-03
 
        0.10757   0.10758   0.14556   0.17141   0.18186   0.18186   0.18826   0.18826   0.19189
        0.19869
 
     --------------------------------------------------------------------------------------------
     Tot. elapsed time 03h-17m-06.4s,  time spent in last iteration 07m-05.4s
     --------------------------------------------------------------------------------------------

                       *----------*              *----------*               *----------*
     #     Iteration = |       18 |   WBSE_dim = |        4 |   Diago_dim = |       35 |
                       *----------*              *----------*               *----------*
     s-DIAGOX done in 00.2s with cuSOLVER
     --------------------------------------------------------------------------------------------
     Max diff =  0.317E-03
 
        0.10733   0.10733   0.14533   0.17109   0.18185   0.18186   0.18826   0.18826   0.19185
        0.19869
 
     --------------------------------------------------------------------------------------------
     Tot. elapsed time 03h-24m-14.2s,  time spent in last iteration 07m-07.8s
     --------------------------------------------------------------------------------------------

                       *----------*              *----------*               *----------*
     #     Iteration = |       19 |   WBSE_dim = |        4 |   Diago_dim = |       39 |
                       *----------*              *----------*               *----------*
     s-DIAGOX done in 00.2s with cuSOLVER
     --------------------------------------------------------------------------------------------
     Max diff =  0.615E-03
 
        0.10693   0.10693   0.14489   0.17048   0.18185   0.18185   0.18826   0.18826   0.19177
        0.19869
 
     --------------------------------------------------------------------------------------------
     Tot. elapsed time 03h-31m-21.0s,  time spent in last iteration 07m-06.7s
     --------------------------------------------------------------------------------------------

       Refresh the basis set

                       *----------*              *----------*               *----------*
     #     Iteration = |       20 |   WBSE_dim = |        4 |   Diago_dim = |       14 |
                       *----------*              *----------*               *----------*
     s-DIAGOX done in 00.2s with cuSOLVER
     --------------------------------------------------------------------------------------------
     Max diff =  0.214E-03
 
        0.10671   0.10672   0.14476   0.17029   0.18185   0.18185   0.18826   0.18826   0.19174
        0.19869
 
     --------------------------------------------------------------------------------------------
     Tot. elapsed time 03h-38m-43.5s,  time spent in last iteration 07m-08.4s
     --------------------------------------------------------------------------------------------

                       *----------*              *----------*               *----------*
     #     Iteration = |       21 |   WBSE_dim = |        4 |   Diago_dim = |       18 |
                       *----------*              *----------*               *----------*
     s-DIAGOX done in 00.2s with cuSOLVER
     --------------------------------------------------------------------------------------------
     Max diff =  0.154E-03
 
        0.10656   0.10656   0.14466   0.17015   0.18184   0.18185   0.18826   0.18826   0.19172
        0.19869
 
     --------------------------------------------------------------------------------------------
     Tot. elapsed time 03h-45m-47.4s,  time spent in last iteration 07m-03.8s
     --------------------------------------------------------------------------------------------

                       *----------*              *----------*               *----------*
     #     Iteration = |       22 |   WBSE_dim = |        3 |   Diago_dim = |       21 |
                       *----------*              *----------*               *----------*
     s-DIAGOX done in 00.2s with cuSOLVER
     --------------------------------------------------------------------------------------------
     Max diff =  0.231E-03
 
        0.10633   0.10633   0.14458   0.17000   0.18184   0.18184   0.18826   0.18826   0.19171
        0.19869
 
     --------------------------------------------------------------------------------------------
     Tot. elapsed time 03h-49m-33.8s,  time spent in last iteration 03m-46.4s
     --------------------------------------------------------------------------------------------

                       *----------*              *----------*               *----------*
     #     Iteration = |       23 |   WBSE_dim = |        3 |   Diago_dim = |       24 |
                       *----------*              *----------*               *----------*
     s-DIAGOX done in 00.2s with cuSOLVER
     --------------------------------------------------------------------------------------------
     Max diff =  0.264E-03
 
        0.10606   0.10607   0.14452   0.16990   0.18184   0.18184   0.18826   0.18826   0.19170
        0.19869
 
     --------------------------------------------------------------------------------------------
     Tot. elapsed time 03h-53m-19.3s,  time spent in last iteration 03m-45.5s
     --------------------------------------------------------------------------------------------

                       *----------*              *----------*               *----------*
     #     Iteration = |       24 |   WBSE_dim = |        3 |   Diago_dim = |       27 |
                       *----------*              *----------*               *----------*
     s-DIAGOX done in 00.2s with cuSOLVER
     --------------------------------------------------------------------------------------------
     Max diff =  0.396E-03
 
        0.10567   0.10567   0.14446   0.16976   0.18183   0.18183   0.18826   0.18826   0.19168
        0.19869
 
     --------------------------------------------------------------------------------------------
     Tot. elapsed time 03h-57m-02.6s,  time spent in last iteration 03m-43.2s
     --------------------------------------------------------------------------------------------

                       *----------*              *----------*               *----------*
     #     Iteration = |       25 |   WBSE_dim = |        3 |   Diago_dim = |       30 |
                       *----------*              *----------*               *----------*
     s-DIAGOX done in 00.2s with cuSOLVER
     --------------------------------------------------------------------------------------------
     Max diff =  0.478E-03
 
        0.10519   0.10519   0.14439   0.16961   0.18182   0.18182   0.18826   0.18826   0.19167
        0.19868
 
     --------------------------------------------------------------------------------------------
     Tot. elapsed time 04h-00m-48.3s,  time spent in last iteration 03m-45.6s
     --------------------------------------------------------------------------------------------

                       *----------*              *----------*               *----------*
     #     Iteration = |       26 |   WBSE_dim = |        3 |   Diago_dim = |       33 |
                       *----------*              *----------*               *----------*
     s-DIAGOX done in 00.2s with cuSOLVER
     --------------------------------------------------------------------------------------------
     Max diff =  0.326E-03
 
        0.10486   0.10487   0.14428   0.16940   0.18180   0.18181   0.18826   0.18826   0.19164
        0.19868
 
     --------------------------------------------------------------------------------------------
     Tot. elapsed time 04h-04m-32.4s,  time spent in last iteration 03m-44.1s
     --------------------------------------------------------------------------------------------

                       *----------*              *----------*               *----------*
     #     Iteration = |       27 |   WBSE_dim = |        4 |   Diago_dim = |       37 |
                       *----------*              *----------*               *----------*
     s-DIAGOX done in 00.2s with cuSOLVER
     --------------------------------------------------------------------------------------------
     Max diff =  0.567E-03
 
        0.10430   0.10430   0.14410   0.16910   0.18175   0.18175   0.18826   0.18826   0.19160
        0.19868
 
     --------------------------------------------------------------------------------------------
     Tot. elapsed time 04h-11m-40.8s,  time spent in last iteration 07m-08.4s
     --------------------------------------------------------------------------------------------

       Refresh the basis set

                       *----------*              *----------*               *----------*
     #     Iteration = |       28 |   WBSE_dim = |        4 |   Diago_dim = |       14 |
                       *----------*              *----------*               *----------*
     s-DIAGOX done in 00.2s with cuSOLVER
     --------------------------------------------------------------------------------------------
     Max diff =  0.226E-03
 
        0.10407   0.10407   0.14401   0.16893   0.18171   0.18171   0.18826   0.18826   0.19157
        0.19868
 
     --------------------------------------------------------------------------------------------
     Tot. elapsed time 04h-19m-03.9s,  time spent in last iteration 07m-08.6s
     --------------------------------------------------------------------------------------------

                       *----------*              *----------*               *----------*
     #     Iteration = |       29 |   WBSE_dim = |        3 |   Diago_dim = |       17 |
                       *----------*              *----------*               *----------*
     s-DIAGOX done in 00.3s with cuSOLVER
     --------------------------------------------------------------------------------------------
     Max diff =  0.174E-03
 
        0.10390   0.10390   0.14393   0.16880   0.18167   0.18168   0.18826   0.18826   0.19155
        0.19868
 
     --------------------------------------------------------------------------------------------
     Tot. elapsed time 04h-22m-46.9s,  time spent in last iteration 03m-42.9s
     --------------------------------------------------------------------------------------------

                       *----------*              *----------*               *----------*
     #     Iteration = |       30 |   WBSE_dim = |        3 |   Diago_dim = |       20 |
                       *----------*              *----------*               *----------*
     s-DIAGOX done in 00.2s with cuSOLVER
     --------------------------------------------------------------------------------------------
     Max diff =  0.118E-03
 
        0.10378   0.10378   0.14388   0.16869   0.18165   0.18166   0.18826   0.18826   0.19154
        0.19868
 
     --------------------------------------------------------------------------------------------
     Tot. elapsed time 04h-26m-30.3s,  time spent in last iteration 03m-43.4s
     --------------------------------------------------------------------------------------------

                       *----------*              *----------*               *----------*
     #     Iteration = |       31 |   WBSE_dim = |        3 |   Diago_dim = |       23 |
                       *----------*              *----------*               *----------*
     s-DIAGOX done in 00.3s with cuSOLVER
     --------------------------------------------------------------------------------------------
     Max diff =  0.939E-04
 
        0.10370   0.10370   0.14384   0.16860   0.18164   0.18164   0.18826   0.18826   0.19152
        0.19868
 
     --------------------------------------------------------------------------------------------
     Tot. elapsed time 04h-30m-11.3s,  time spent in last iteration 03m-40.9s
     --------------------------------------------------------------------------------------------
 
     --------------------------------------------------------------------------------------------
     SAVE written in 22.6s
     In location : ./west.wbse.save
     --------------------------------------------------------------------------------------------
 
     --------------------------------------------------------------------------------------------
     Convergence achieved !!! in       31 steps
     --------------------------------------------------------------------------------------------
     WBSE         :      4h 6m CPU      4h31m WALL

     west_readin  :      0.73s CPU      1.06s WALL (       1 calls)
     fetch_input  :      0.03s CPU      0.04s WALL (       2 calls)
     fft          :      0.60s CPU      0.77s WALL (    1296 calls)
                                        0.76s GPU  (    1296 calls)
     a2a_fw       :   4695.78s CPU   4788.25s WALL (48902400 calls)
     init_vloc    :      0.01s CPU      0.02s WALL (       2 calls)
     init_us_1    :      0.01s CPU      0.01s WALL (       2 calls)
     v_of_rho     :      0.03s CPU      0.07s WALL (       1 calls)
     v_xc         :      0.03s CPU      0.07s WALL (       1 calls)
     a2a_bw       :     21.98s CPU     22.40s WALL (  176936 calls)
     v_h          :      0.00s CPU      0.00s WALL (       1 calls)
     do_setup     :      6.59s CPU      9.73s WALL (       1 calls)
     init_pw_ar   :      6.59s CPU      9.72s WALL (       1 calls)
     hinit0       :      0.07s CPU      0.07s WALL (       1 calls)
     davcio       :      0.44s CPU     17.01s WALL (     564 calls)
     exx_grid     :      0.00s CPU      0.00s WALL (       1 calls)
     aceinit0     :      4.77s CPU      6.71s WALL (       1 calls)
     exx_div      :      0.06s CPU      0.06s WALL (       1 calls)
     sqvc_init    :      0.00s CPU      0.00s WALL (       1 calls)
     dv_setup     :      0.03s CPU      0.05s WALL (       1 calls)
     setup_dmuxc  :      0.00s CPU      0.01s WALL (       1 calls)
     setup_dgc    :      0.02s CPU      0.04s WALL (       1 calls)
     chidiago     :  14754.47s CPU  16241.49s WALL (       1 calls)
     vc_init      :      0.14s CPU      0.20s WALL (       1 calls)
     paramgs      :     46.73s CPU     51.35s WALL (      32 calls)
                                       51.35s GPU  (      32 calls)
     liouv        :  14313.68s CPU  15390.73s WALL (      71 calls)
                                    15390.79s GPU  (      71 calls)
     calc_dens    :     51.34s CPU     56.33s WALL (      71 calls)
                                       56.33s GPU  (      71 calls)
     fftw         :  10365.88s CPU  11483.29s WALL (49089116 calls)
                                    11140.27s GPU  (49089116 calls)
     dv_drho      :      0.72s CPU      0.76s WALL (      71 calls)
                                        0.76s GPU  (      71 calls)
     init_us_2    :      0.88s CPU      0.88s WALL (     142 calls)
     init_us_2:gp :      0.88s CPU      0.88s WALL (     142 calls)
     h_psi        :     32.85s CPU     33.07s WALL (     142 calls)
                                       33.07s GPU  (     142 calls)
     h_psi:pot    :     17.37s CPU     17.59s WALL (     142 calls)
                                       17.59s GPU  (     142 calls)
     vloc_psi     :     13.76s CPU     13.98s WALL (     142 calls)
                                       13.97s GPU  (     142 calls)
     A2A          :      7.31s CPU      7.39s WALL (   44162 calls)
     h_psi:calbec :      3.05s CPU      3.06s WALL (     142 calls)
                                        3.06s GPU  (     142 calls)
     calbec       :      3.05s CPU      3.06s WALL (     142 calls)
     add_vuspsi   :      0.13s CPU      0.55s WALL (     142 calls)
                                        0.55s GPU  (     142 calls)
     vexxace      :     14.33s CPU     15.46s WALL (     142 calls)
                                       15.45s GPU  (     142 calls)
     matcalc      :      4.92s CPU      4.92s WALL (     142 calls)
                                        4.92s GPU  (     142 calls)
     bse_kernel   :  14144.34s CPU  15206.95s WALL (     142 calls)
                                    15207.00s GPU  (     142 calls)
     pdep_read    :    298.06s CPU   1100.57s WALL (  343758 calls)
     alphapc      :     18.93s CPU     19.30s WALL (     246 calls)
                                       19.30s GPU  (     246 calls)
     build_hr     :     91.26s CPU    206.33s WALL (      32 calls)
                                      206.33s GPU  (      32 calls)
     diagox       :      8.00s CPU      8.02s WALL (      32 calls)
     redistr_vr   :      0.75s CPU      1.89s WALL (      31 calls)
     update_vr    :    161.19s CPU    385.47s WALL (      31 calls)
                                      385.47s GPU  (      31 calls)
     precd_ag     :      0.39s CPU      0.39s WALL (      31 calls)
                                        0.39s GPU  (      31 calls)
     chidiago:las :     34.62s CPU     70.89s WALL (       6 calls)
     refresh_vr   :     34.10s CPU     73.74s WALL (      11 calls)
                                       73.74s GPU  (      11 calls)
     plep_db      :     10.69s CPU     22.69s WALL (       1 calls)
     plep_write   :     10.39s CPU     22.30s WALL (       4 calls)
 
     WBSE         :      4h 6m CPU      4h31m WALL

 
   This run was terminated on:   1: 6: 5  21Jan2025            

=------------------------------------------------------------------------------=
   JOB DONE.
=------------------------------------------------------------------------------=
