
     --------------------------------------------------------------------------------------------
     I/O Summary : input_west
     --------------------------------------------------------------------------------------------
     qe_prefix : pwscf
     west_prefix : west
     outdir : ./
     --------------------------------------------------------------------------------------------

     --------------------------------------------------------------------------------------------
     I/O Summary : wstat_control
     --------------------------------------------------------------------------------------------
     wstat_calculation : S
     n_pdep_eigen : 2482
     n_pdep_times : 4
     n_pdep_maxiter : 100
     n_dfpt_maxiter : 250
     n_pdep_read_from_file : 0
     n_steps_write_restart : 1
     trev_pdep : 0.001
     trev_pdep_rel : 0.1
     tr2_dfpt : 1e-12
     l_kinetic_only : False
     l_minimize_exx_if_active : False
     n_exx_lowrank : 1400
     l_use_ecutrho : False
     qlist : [1]
     --------------------------------------------------------------------------------------------

     --------------------------------------------------------------------------------------------
     I/O Summary : westpp_control
     --------------------------------------------------------------------------------------------
     westpp_calculation : C
     westpp_range : [1, 1400]
     westpp_format : C
     westpp_sign : False
     westpp_n_pdep_eigen_to_use : 1
     westpp_r0 : [0.0, 0.0, 0.0]
     westpp_nr : 100
     westpp_rmax : 1.0
     westpp_epsinfty : 1.0
     westpp_box : [0.0, 0.0, 0.0, 0.0, 0.0, 0.0]
     westpp_n_liouville_to_use : 10
     westpp_l_spin_flip : False
     westpp_l_compute_tdm : True
     westpp_wannier_tr_rel : 1e-06
     westpp_l_dipole_realspace : False
     --------------------------------------------------------------------------------------------

     Program WESTPP v. 6.0.0 git rev. v6.0.0 starts on 21Jan2025 at  1: 6:19 

     This program is part of the open-source West suite
     for massively parallel calculations of excited states in materials; please cite
         "M. Govoni et al., J. Chem. Theory Comput. 11, 2680 (2015);
          URL https://west-code.org",
     in publications or presentations arising from this work.

     Based on the Quantum ESPRESSO v. 7.3

     I/O is Little Endian
 
     --------------------------------------------------------------------------------------------
     **MPI** Parallelization Status
     --------------------------------------------------------------------------------------------
                    48                   1             1             1            48
     --------------------------------------------------------------------------------------------
                     N         =         I      X      P      X      B      X      Z
                     ^                   ^             ^             ^             ^
                     |                   |             |             |             |
                   #rnk                  |             |             |             |
                                      #image           |             |             |
                                                     #pool           |             |
                                                                   #bgrp           |
                                                                                 #R&G
     --------------------------------------------------------------------------------------------
     #prc =           48
     --------------------------------------------------------------------------------------------

     GPU acceleration enabled

     Reading xml data from directory:

     ./pwscf.save/
     EXX fraction changed:   0.25
     EXX Screening parameter changed:    0.0000000

     IMPORTANT: XC functional enforced from input :
     Exchange-correlation= PBE0
                           (   6   4   8   4   0   0   0)
     EXX-fraction              =        0.25
     Any further DFT definition will be discarded
     Please, verify this is what you really want

 
     Parallelization info
     --------------------
     sticks:   dense  smooth     PW     G-vecs:    dense   smooth      PW
     Min         206     206     51                20140    20140    2508
     Max         210     210     56                20168    20168    2528
     Sum        9985    9985   2503               967453   967453  120943
 
     Using Slab Decomposition
 
 
     --------------------------------------------------------------------------------------------
     System Overview
     --------------------------------------------------------------------------------------------
     gamma_only           =              T
     ecutwfc [Ry]         =      60.000000
     ecutrho [Ry]         =     240.000000
     omega [au^3]         =   1.540622E+04
     nbnd                 =           1400
     nkstot               =              2
     nspin                =              2
     nelec                =    2482.000000
     nelup                =    1242.000000
     neldw                =    1240.000000
     npol                 =              1
     lsda                 =              T
     noncolin             =              F
     lspinorb             =              F
     --------------------------------------------------------------------------------------------

     3DFFT grid
        s : ( 125, 125, 150)
        p : ( 125, 125, 150)

     Direct Lattice Cell [a.u.]
        a1 = (    24.5557707     0.0000000     0.0000000)
        a2 = (   -12.2778844    21.2659197     0.0000000)
        a3 = (     0.0000000     0.0000000    29.5024772)

     Reciprocal Lattice Cell [a.u.]
        b1 = (     0.2558741     0.1477290    -0.0000000)
        b2 = (     0.0000000     0.2954580     0.0000000)
        b3 = (     0.0000000    -0.0000000     0.2129714)
 

     Brillouin Zone sampling [cryst. coord.]
 
        