
     --------------------------------------------------------------------------------------------
     I/O Summary : input_west
     --------------------------------------------------------------------------------------------
     qe_prefix : pwscf
     west_prefix : pdep_4992
     outdir : ./
     --------------------------------------------------------------------------------------------

     --------------------------------------------------------------------------------------------
     I/O Summary : wstat_control
     --------------------------------------------------------------------------------------------
     wstat_calculation : R
     n_pdep_eigen : 4992
     n_pdep_times : 4
     n_pdep_maxiter : 100
     n_dfpt_maxiter : 250
     n_pdep_read_from_file : 0
     n_steps_write_restart : 0
     trev_pdep : 0.001
     trev_pdep_rel : 0.1
     tr2_dfpt : 1e-12
     l_kinetic_only : False
     l_minimize_exx_if_active : False
     n_exx_lowrank : 2600
     l_use_ecutrho : False
     qlist : [1]
     --------------------------------------------------------------------------------------------

     --------------------------------------------------------------------------------------------
     I/O Summary : wfreq_control
     --------------------------------------------------------------------------------------------
     wfreq_calculation : XwGQH
     n_pdep_eigen_to_use : 4992
     qp_bandrange : [1, 2]
     qp_bands : [[1238, 1239, 1240, 1241, 1242, 1243, 1244, 1245, 1246, 1247, 1248], [1238, 1239, 1240, 1241, 1242, 1243, 1244, 1245, 1246, 1247, 1248]]
     macropol_calculation : C
     n_lanczos : 30
     n_imfreq : 128
     n_refreq : 300
     ecut_imfreq : 240.0
     ecut_refreq : 2.0
     wfreq_eta : 0.0036749308824745378
     n_secant_maxiter : 21
     trev_secant : 0.0036749308824745378
     l_enable_lanczos : True
     l_qdet_verbose : False
     l_enable_off_diagonal : False
     n_pdep_eigen_off_diagonal : 0
     o_restart_time : 0.0
     ecut_spectralf : [-2.0, 1.0]
     n_spectralf : 204
     --------------------------------------------------------------------------------------------

     Program WFREQ v. 6.0.0 git rev. v6.0.0 starts on 25May2025 at  0:20:23 

     This program is part of the open-source West suite
     for massively parallel calculations of excited states in materials; please cite
         "M. Govoni et al., J. Chem. Theory Comput. 11, 2680 (2015);
          URL https://west-code.org",
     in publications or presentations arising from this work.

     Based on the Quantum ESPRESSO v. 7.3

     I/O is Little Endian
 
     --------------------------------------------------------------------------------------------
     **MPI** Parallelization Status
     --------------------------------------------------------------------------------------------
                    16                  16             1             1             1
     --------------------------------------------------------------------------------------------
                     N         =         I      X      P      X      B      X      Z
                     ^                   ^             ^             ^             ^
                     |                   |             |             |             |
                   #rnk                  |             |             |             |
                                      #image           |             |             |
                                                     #pool           |             |
                                                                   #bgrp           |
                                                                                 #R&G
     --------------------------------------------------------------------------------------------
     #prc =           16
     --------------------------------------------------------------------------------------------

     GPU acceleration enabled

     Reading xml data from directory:

     ./pwscf.save/
     EXX fraction changed:   0.25
     EXX Screening parameter changed:    0.0000000

     IMPORTANT: XC functional enforced from input :
     Exchange-correlation= PBE0
                           (   6   4   8   4   0   0   0)
     EXX-fraction              =        0.25
     Any further DFT definition will be discarded
     Please, verify this is what you really want

 
     G-vector sticks info
     --------------------
     sticks:   dense  smooth     PW     G-vecs:    dense   smooth      PW
     Sum        9985    9985   2503               967453   967453  120943
 
     Using Slab Decomposition
 
       ** WARNING : EXX use_ace          = T
       ** WARNING : EXX alpha            =       0.250000
       ** WARNING : EXX erfc_scrlen      =       0.000000
       ** WARNING : EXX gau_scrlen       =       0.000000
       ** WARNING : EXX ecutfock         =     240.000000
       ** WARNING : EXX exxdiv_treatment = gb
     EXX: q-point mesh:     1    1    1
     EXX: grid of k+q points same as grid of k-points
     EXX: initializing ACE and reading from file
     ACE potential read for     2800 bands
     ACE potential read for     2800 bands
     Starting ACE correctly read from file
       ** WARNING : EXX-exxdiv           =   -2967.048900
 
     --------------------------------------------------------------------------------------------
     System Overview
     --------------------------------------------------------------------------------------------
     gamma_only           =              T
     ecutwfc [Ry]         =      60.000000
     ecutrho [Ry]         =     240.000000
     omega [au^3]         =   1.540622E+04
     nbnd                 =           1400
     nkstot               =              2
     nspin                =              2
     nelec                =    2482.000000
     nelup                =    1242.000000
     neldw                =    1240.000000
     npol                 =              1
     lsda                 =              T
     noncolin             =              F
     lspinorb             =              F
     --------------------------------------------------------------------------------------------

     3DFFT grid
        s : ( 125, 125, 150)
        p : ( 125, 125, 150)

     Direct Lattice Cell [a.u.]
        a1 = (    24.5557707     0.0000000     0.0000000)
        a2 = (   -12.2778844    21.2659197     0.0000000)
        a3 = (     0.0000000     0.0000000    29.5024772)

     Reciprocal Lattice Cell [a.u.]
        b1 = (     0.2558741     0.1477290    -0.0000000)
        b2 = (     0.0000000     0.2954580     0.0000000)
        b3 = (     0.0000000    -0.0000000     0.2129714)
 

     Brillouin Zone sampling [cryst. coord.]
 
        k(000001) = (     0.0000000     0.0000000     0.0000000)
 
     --------------------------------------------------------------------------------------------
     Parallelization for npdep
     --------------------------------------------------------------------------------------------
     nglob                =           4992
     nlevel               =             16
     Min nglob/nlevel     =            312
     Max nglob/nlevel     =            312
     --------------------------------------------------------------------------------------------
 
     --------------------------------------------------------------------------------------------
     Parallelization for npdep+macro
     --------------------------------------------------------------------------------------------
     nglob                =           4995
     nlevel               =             16
     Min nglob/nlevel     =            312
     Max nglob/nlevel     =            313
     --------------------------------------------------------------------------------------------
 
     --------------------------------------------------------------------------------------------
     Parallelization for n_imfreq
     --------------------------------------------------------------------------------------------
     nglob                =            128
     nlevel               =              1
     Min nglob/nlevel     =            128
     Max nglob/nlevel     =            128
     --------------------------------------------------------------------------------------------
 
     --------------------------------------------------------------------------------------------
     Parallelization for n_refreq
     --------------------------------------------------------------------------------------------
     nglob                =            300
     nlevel               =              1
     Min nglob/nlevel     =            300
     Max nglob/nlevel     =            300
     --------------------------------------------------------------------------------------------
 
     --------------------------------------------------------------------------------------------
     Parallelization for nbnd
     --------------------------------------------------------------------------------------------
     nglob                =           1400
     nlevel               =             16
     Min nglob/nlevel     =             87
     Max nglob/nlevel     =             88
     --------------------------------------------------------------------------------------------
 
     --------------------------------------------------------------------------------------------
     SAVE written in < 00.1s
     In location : ./pdep_4992.wfreq.save
     --------------------------------------------------------------------------------------------

     [MEM] ----------------------------------------------------------
     [MEM] **Memory** analysis: QE
     [MEM] ----------------------------------------------------------
     [MEM] Allocated arrays           est. size (Mb)     dimensions
     [MEM] ----------------------------------------------------------
     [MEM] Kohn-Sham Wavefunctions    1291.82 Mb     (  60472, 1400)
     [MEM] NL pseudopotentials        2295.75 Mb     (  60472, 2488)
     [MEM] Each V/rho on FFT grid       35.76 Mb     (2343750)
     [MEM] Each G-vector array           3.69 Mb     ( 483727)
     [MEM] G-vector shells               1.86 Mb     ( 244396)
     [MEM] ----------------------------------------------------------
     [MEM] Total estimate             3628.89 Mb
     [MEM] ----------------------------------------------------------
     [MEM]
     [MEM] ----------------------------------------------------------
     [MEM] **Memory** analysis: WFREQ temporary
     [MEM] ----------------------------------------------------------
     [MEM] Allocated arrays           est. size (Mb)     dimensions
     [MEM] ----------------------------------------------------------
     [MEM] dvpsi                       287.89 Mb     (  60472,  312)
     [MEM] pertg_all                   287.89 Mb     (  60472,  312)
     [MEM] Hr commutator workspace    4591.50 Mb     (  60472, 4976)
     [MEM] Lanczos workspace          8636.75 Mb     (  60472, 9360)
     [MEM] ----------------------------------------------------------
     [MEM] Total estimate            13804.03 Mb
     [MEM] ----------------------------------------------------------
 
 
     --------------------------------------------------------------------------------------------
     Hartree-Fock Exact E(X)change
     --------------------------------------------------------------------------------------------
 
     --------------------------------------------------------------------------------------------
     Vxc
     --------------------------------------------------------------------------------------------
     in progress... |##########          | 050% :               01.1s (E)               02.3s (X)
     in progress... |####################| 100% :               02.3s (E)               02.3s (X)
     --------------------------------------------------------------------------------------------
 
     --------------------------------------------------------------------------------------------
     (X)-Sigma
     --------------------------------------------------------------------------------------------
     in progress... |#                   | 005% :               00.9s (E)               19.7s (X)
     in progress... |##                  | 010% :               01.0s (E)               10.7s (X)
     in progress... |###                 | 015% :               01.1s (E)               07.7s (X)
     in progress... |####                | 020% :               01.2s (E)               06.1s (X)
     in progress... |#####               | 025% :               01.3s (E)               05.2s (X)
     in progress... |######              | 030% :               01.4s (E)               04.6s (X)
     in progress... |#######             | 035% :               01.4s (E)               04.2s (X)
     in progress... |########            | 040% :               01.5s (E)               03.9s (X)
     in progress... |#########           | 045% :               01.6s (E)               03.6s (X)
     in progress... |##########          | 050% :               01.7s (E)               03.4s (X)
     in progress... |###########         | 055% :               02.7s (E)               04.9s (X)
     in progress... |############        | 060% :               02.8s (E)               04.6s (X)
     in progress... |#############       | 065% :               02.8s (E)               04.4s (X)
     in progress... |##############      | 070% :               02.9s (E)               04.2s (X)
     in progress... |###############     | 075% :               03.0s (E)               04.0s (X)
     in progress... |################    | 080% :               03.1s (E)               03.9s (X)
     in progress... |#################   | 085% :               03.2s (E)               03.7s (X)
     in progress... |##################  | 090% :               03.3s (E)               03.6s (X)
     in progress... |################### | 095% :               03.3s (E)               03.5s (X)
     in progress... |####################| 100% :               03.4s (E)               03.4s (X)
     --------------------------------------------------------------------------------------------
 
     --------------------------------------------------------------------------------------------
     (W)-Lanczos
     --------------------------------------------------------------------------------------------

     [I/O] -------------------------------------------------------
     [I/O] RESTART read in 14.1s
     [I/O] In location : ./pdep_4992.wfreq.restart
     [I/O] -------------------------------------------------------
     in progress... |####################| 100% :             < 00.1s (E)             < 00.1s (X)
     --------------------------------------------------------------------------------------------
 
     --------------------------------------------------------------------------------------------
     (W)-Lanczos
     --------------------------------------------------------------------------------------------

     [I/O] -------------------------------------------------------
     [I/O] RESTART read in 21.9s
     [I/O] In location : ./pdep_4992.wfreq.restart
     [I/O] -------------------------------------------------------
     in progress... |#                   | 005% :           06m-37.0s (E)       02h-12m-20.3s (X)
     in progress... |##                  | 010% :           11m-48.6s (E)       01h-58m-06.0s (X)
     in progress... |###                 | 015% :           17m-00.0s (E)       01h-53m-20.1s (X)
     in progress... |####                | 020% :           22m-11.5s (E)       01h-50m-57.5s (X)
     in progress... |#####               | 025% :           27m-22.9s (E)       01h-49m-31.8s (X)
     in progress... |######              | 030% :           32m-34.3s (E)       01h-48m-34.3s (X)
     in progress... |#######             | 035% :           37m-45.5s (E)       01h-47m-52.9s (X)
     in progress... |########            | 040% :           42m-56.6s (E)       01h-47m-21.5s (X)
     in progress... |#########           | 045% :           48m-07.9s (E)       01h-46m-57.7s (X)
     in progress... |##########          | 050% :           53m-19.1s (E)       01h-46m-38.2s (X)
     in progress... |###########         | 055% :           59m-51.8s (E)       01h-48m-50.6s (X)
     in progress... |############        | 060% :       01h-05m-06.4s (E)       01h-48m-30.7s (X)
     in progress... |#############       | 065% :       01h-10m-20.8s (E)       01h-48m-13.5s (X)
     in progress... |##############      | 070% :       01h-15m-35.3s (E)       01h-47m-59.0s (X)
     in progress... |###############     | 075% :       01h-20m-49.7s (E)       01h-47m-46.3s (X)
     in progress... |################    | 080% :       01h-26m-04.2s (E)       01h-47m-35.3s (X)
     in progress... |#################   | 085% :       01h-31m-18.7s (E)       01h-47m-25.5s (X)
     in progress... |##################  | 090% :       01h-36m-33.0s (E)       01h-47m-16.7s (X)
     in progress... |################### | 095% :       01h-41m-47.3s (E)       01h-47m-08.8s (X)
     in progress... |####################| 100% :       01h-47m-01.7s (E)       01h-47m-01.7s (X)
     --------------------------------------------------------------------------------------------
 
     --------------------------------------------------------------------------------------------
     (G)-Lanczos
     --------------------------------------------------------------------------------------------
     in progress... |#                   | 005% :               49.9s (E)           16m-38.8s (X)
     in progress... |##                  | 010% :           01m-13.3s (E)           12m-13.6s (X)
     in progress... |###                 | 015% :           01m-36.9s (E)           10m-46.4s (X)
     in progress... |####                | 020% :           02m-00.5s (E)           10m-02.8s (X)
     in progress... |#####               | 025% :           02m-24.0s (E)           09m-36.2s (X)
     in progress... |######              | 030% :           02m-47.6s (E)           09m-18.8s (X)
     in progress... |#######             | 035% :           03m-11.0s (E)           09m-05.9s (X)
     in progress... |########            | 040% :           03m-34.6s (E)           08m-56.5s (X)
     in progress... |#########           | 045% :           03m-58.1s (E)           08m-49.2s (X)
     in progress... |##########          | 050% :           04m-21.7s (E)           08m-43.4s (X)
     in progress... |###########         | 055% :           05m-10.8s (E)           09m-25.1s (X)
     in progress... |############        | 060% :           05m-34.3s (E)           09m-17.2s (X)
     in progress... |#############       | 065% :           05m-58.0s (E)           09m-10.8s (X)
     in progress... |##############      | 070% :           06m-21.5s (E)           09m-05.0s (X)
     in progress... |###############     | 075% :           06m-44.9s (E)           08m-59.9s (X)
     in progress... |################    | 080% :           07m-08.5s (E)           08m-55.7s (X)
     in progress... |#################   | 085% :           07m-31.9s (E)           08m-51.7s (X)
     in progress... |##################  | 090% :           07m-55.1s (E)           08m-47.9s (X)
     in progress... |################### | 095% :           08m-18.8s (E)           08m-45.0s (X)
     in progress... |####################| 100% :           08m-41.8s (E)           08m-41.8s (X)
     --------------------------------------------------------------------------------------------
 
     --------------------------------------------------------------------------------------------
     Collecting results from W and G
     --------------------------------------------------------------------------------------------
     in progress... |#                   | 005% :               19.0s (E)           06m-20.8s (X)
     in progress... |##                  | 010% :               28.3s (E)           04m-43.0s (X)
     in progress... |###                 | 015% :               37.5s (E)           04m-10.5s (X)
     in progress... |####                | 020% :               46.8s (E)           03m-54.2s (X)
     in progress... |#####               | 025% :               56.1s (E)           03m-44.5s (X)
     in progress... |######              | 030% :           01m-05.4s (E)           03m-38.2s (X)
     in progress... |#######             | 035% :           01m-15.0s (E)           03m-34.3s (X)
     in progress... |########            | 040% :           01m-24.3s (E)           03m-30.9s (X)
     in progress... |#########           | 045% :           01m-33.6s (E)           03m-28.1s (X)
     in progress... |##########          | 050% :           01m-43.0s (E)           03m-26.1s (X)
     in progress... |###########         | 055% :           02m-01.7s (E)           03m-41.2s (X)
     in progress... |############        | 060% :           02m-11.1s (E)           03m-38.5s (X)
     in progress... |#############       | 065% :           02m-20.4s (E)           03m-36.0s (X)
     in progress... |##############      | 070% :           02m-29.7s (E)           03m-33.8s (X)
     in progress... |###############     | 075% :           02m-39.0s (E)           03m-32.0s (X)
     in progress... |################    | 080% :           02m-48.4s (E)           03m-30.6s (X)
     in progress... |#################   | 085% :           02m-57.8s (E)           03m-29.2s (X)
     in progress... |##################  | 090% :           03m-07.1s (E)           03m-27.9s (X)
     in progress... |################### | 095% :           03m-16.4s (E)           03m-26.8s (X)
     in progress... |####################| 100% :           03m-25.7s (E)           03m-25.7s (X)
     --------------------------------------------------------------------------------------------
 
     --------------------------------------------------------------------------------------------
     (Q)uasiparticle energies
     --------------------------------------------------------------------------------------------
 
     --------------------------------------------------------------------------------------------
     Sigma-C
     --------------------------------------------------------------------------------------------
     Integrating along the IM axis...
     --------------------------------------------------------------------------------------------
     in progress... |#                   | 005% :               00.1s (E)               02.7s (X)
     in progress... |##                  | 010% :               00.1s (E)               01.8s (X)
     in progress... |###                 | 015% :               00.2s (E)               01.5s (X)
     in progress... |####                | 020% :               00.2s (E)               01.4s (X)
     in progress... |#####               | 025% :               00.3s (E)               01.3s (X)
     in progress... |######              | 030% :               00.3s (E)               01.2s (X)
     in progress... |#######             | 035% :               00.4s (E)               01.2s (X)
     in progress... |########            | 040% :               00.4s (E)               01.2s (X)
     in progress... |#########           | 045% :               00.5s (E)               01.2s (X)
     in progress... |##########          | 050% :               00.5s (E)               01.1s (X)
     in progress... |###########         | 055% :               00.6s (E)               01.2s (X)
     in progress... |############        | 060% :               00.7s (E)               01.2s (X)
     in progress... |#############       | 065% :               00.7s (E)               01.2s (X)
     in progress... |##############      | 070% :               00.8s (E)               01.2s (X)
     in progress... |###############     | 075% :               00.8s (E)               01.1s (X)
     in progress... |################    | 080% :               00.9s (E)               01.1s (X)
     in progress... |#################   | 085% :               00.9s (E)               01.1s (X)
     in progress... |##################  | 090% :               01.0s (E)               01.1s (X)
     in progress... |################### | 095% :               01.0s (E)               01.1s (X)
     in progress... |####################| 100% :               01.1s (E)               01.1s (X)
     --------------------------------------------------------------------------------------------
     Residues along the RE axis...
     --------------------------------------------------------------------------------------------
     in progress... |#                   | 005% :             < 00.1s (E)             < 00.1s (X)
     in progress... |##                  | 010% :             < 00.1s (E)             < 00.1s (X)
     in progress... |###                 | 015% :             < 00.1s (E)             < 00.1s (X)
     in progress... |####                | 020% :             < 00.1s (E)             < 00.1s (X)
     in progress... |#####               | 025% :             < 00.1s (E)             < 00.1s (X)
     in progress... |######              | 030% :             < 00.1s (E)             < 00.1s (X)
     in progress... |#######             | 035% :             < 00.1s (E)             < 00.1s (X)
     in progress... |########            | 040% :             < 00.1s (E)             < 00.1s (X)
     in progress... |#########           | 045% :             < 00.1s (E)             < 00.1s (X)
     in progress... |##########          | 050% :             < 00.1s (E)             < 00.1s (X)
     in progress... |###########         | 055% :             < 00.1s (E)             < 00.1s (X)
     in progress... |############        | 060% :             < 00.1s (E)             < 00.1s (X)
     in progress... |#############       | 065% :             < 00.1s (E)             < 00.1s (X)
     in progress... |##############      | 070% :             < 00.1s (E)             < 00.1s (X)
     in progress... |###############     | 075% :             < 00.1s (E)             < 00.1s (X)
     in progress... |################    | 080% :             < 00.1s (E)             < 00.1s (X)
     in progress... |#################   | 085% :             < 00.1s (E)             < 00.1s (X)
     in progress... |##################  | 090% :             < 00.1s (E)             < 00.1s (X)
     in progress... |################### | 095% :             < 00.1s (E)             < 00.1s (X)
     in progress... |####################| 100% :             < 00.1s (E)             < 00.1s (X)
     --------------------------------------------------------------------------------------------
 
     --------------------------------------------------------------------------------------------
     Sigma-C
     --------------------------------------------------------------------------------------------
     Integrating along the IM axis...
     --------------------------------------------------------------------------------------------
     in progress... |#                   | 005% :               00.1s (E)               02.0s (X)
     in progress... |##                  | 010% :               00.1s (E)               01.5s (X)
     in progress... |###                 | 015% :               00.2s (E)               01.3s (X)
     in progress... |####                | 020% :               00.2s (E)               01.2s (X)
     in progress... |#####               | 025% :               00.3s (E)               01.2s (X)
     in progress... |######              | 030% :               00.3s (E)               01.1s (X)
     in progress... |#######             | 035% :               00.4s (E)               01.1s (X)
     in progress... |########            | 040% :               00.4s (E)               01.1s (X)
     in progress... |#########           | 045% :               00.5s (E)               01.1s (X)
     in progress... |##########          | 050% :               00.5s (E)               01.1s (X)
     in progress... |###########         | 055% :               00.6s (E)               01.1s (X)
     in progress... |############        | 060% :               00.7s (E)               01.1s (X)
     in progress... |#############       | 065% :               00.7s (E)               01.1s (X)
     in progress... |##############      | 070% :               00.8s (E)               01.1s (X)
     in progress... |###############     | 075% :               00.8s (E)               01.1s (X)
     in progress... |################    | 080% :               00.9s (E)               01.1s (X)
     in progress... |#################   | 085% :               00.9s (E)               01.1s (X)
     in progress... |##################  | 090% :               01.0s (E)               01.1s (X)
     in progress... |################### | 095% :               01.0s (E)               01.1s (X)
     in progress... |####################| 100% :               01.1s (E)               01.1s (X)
     --------------------------------------------------------------------------------------------
     Residues along the RE axis...
     --------------------------------------------------------------------------------------------
     in progress... |#                   | 005% :             < 00.1s (E)             < 00.1s (X)
     in progress... |##                  | 010% :             < 00.1s (E)             < 00.1s (X)
     in progress... |###                 | 015% :             < 00.1s (E)             < 00.1s (X)
     in progress... |####                | 020% :             < 00.1s (E)             < 00.1s (X)
     in progress... |#####               | 025% :             < 00.1s (E)             < 00.1s (X)
     in progress... |######              | 030% :             < 00.1s (E)             < 00.1s (X)
     in progress... |#######             | 035% :             < 00.1s (E)             < 00.1s (X)
     in progress... |########            | 040% :             < 00.1s (E)             < 00.1s (X)
     in progress... |#########           | 045% :             < 00.1s (E)             < 00.1s (X)
     in progress... |##########          | 050% :             < 00.1s (E)             < 00.1s (X)
     in progress... |###########         | 055% :             < 00.1s (E)             < 00.1s (X)
     in progress... |############        | 060% :             < 00.1s (E)             < 00.1s (X)
     in progress... |#############       | 065% :             < 00.1s (E)             < 00.1s (X)
     in progress... |##############      | 070% :             < 00.1s (E)             < 00.1s (X)
     in progress... |###############     | 075% :             < 00.1s (E)             < 00.1s (X)
     in progress... |################    | 080% :             < 00.1s (E)             < 00.1s (X)
     in progress... |#################   | 085% :             < 00.1s (E)             < 00.1s (X)
     in progress... |##################  | 090% :             < 00.1s (E)             < 00.1s (X)
     in progress... |################### | 095% :             < 00.1s (E)             < 00.1s (X)
     in progress... |####################| 100% :             < 00.1s (E)             < 00.1s (X)
     --------------------------------------------------------------------------------------------
 
     --------------------------------------------------------------------------------------------
     Iter: 000000
     k(000001) = (   0.0000000   0.0000000   0.0000000) cryst. coord.
     band      QP en. [eV] conv    QP en. [eV] conv
     001238       8.107997   no      8.108635   no
     001239       8.108007   no      8.108644   no
     001240       8.297658   no      8.737576   no
     001241       8.887885   no     11.880744   no
     001242       8.887955   no     13.106563   no
     001243      11.795080   no     13.106585   no
     001244      12.921173   no     13.296981   no
     001245      13.442743   no     13.488148   no
     001246      13.678124   no     13.783531   no
     001247      13.678152   no     14.248742   no
     001248      13.687081   no     14.248820   no
     --------------------------------------------------------------------------------------------
 
     --------------------------------------------------------------------------------------------
     Sigma-C
     --------------------------------------------------------------------------------------------
     Integrating along the IM axis...
     --------------------------------------------------------------------------------------------
     in progress... |#                   | 005% :             < 00.1s (E)               01.7s (X)
     in progress... |##                  | 010% :               00.1s (E)               01.3s (X)
     in progress... |###                 | 015% :               00.1s (E)               01.2s (X)
     in progress... |####                | 020% :               00.2s (E)               01.1s (X)
     in progress... |#####               | 025% :               00.2s (E)               01.1s (X)
     in progress... |######              | 030% :               00.3s (E)               01.1s (X)
     in progress... |#######             | 035% :               00.3s (E)               01.1s (X)
     in progress... |########            | 040% :               00.4s (E)               01.0s (X)
     in progress... |#########           | 045% :               00.4s (E)               01.0s (X)
     in progress... |##########          | 050% :               00.5s (E)               01.0s (X)
     in progress... |###########         | 055% :               00.6s (E)               01.1s (X)
     in progress... |############        | 060% :               00.6s (E)               01.1s (X)
     in progress... |#############       | 065% :               00.7s (E)               01.1s (X)
     in progress... |##############      | 070% :               00.7s (E)               01.1s (X)
     in progress... |###############     | 075% :               00.8s (E)               01.1s (X)
     in progress... |################    | 080% :               00.8s (E)               01.1s (X)
     in progress... |#################   | 085% :               00.9s (E)               01.1s (X)
     in progress... |##################  | 090% :               00.9s (E)               01.0s (X)
     in progress... |################### | 095% :               01.0s (E)               01.0s (X)
     in progress... |####################| 100% :               01.0s (E)               01.0s (X)
     --------------------------------------------------------------------------------------------
     Residues along the RE axis...
     --------------------------------------------------------------------------------------------
     in progress... |#                   | 005% :             < 00.1s (E)             < 00.1s (X)
     in progress... |##                  | 010% :             < 00.1s (E)             < 00.1s (X)
     in progress... |###                 | 015% :             < 00.1s (E)             < 00.1s (X)
     in progress... |####                | 020% :             < 00.1s (E)             < 00.1s (X)
     in progress... |#####               | 025% :             < 00.1s (E)             < 00.1s (X)
     in progress... |######              | 030% :             < 00.1s (E)             < 00.1s (X)
     in progress... |#######             | 035% :             < 00.1s (E)             < 00.1s (X)
     in progress... |########            | 040% :             < 00.1s (E)             < 00.1s (X)
     in progress... |#########           | 045% :             < 00.1s (E)             < 00.1s (X)
     in progress... |##########          | 050% :             < 00.1s (E)             < 00.1s (X)
     in progress... |###########         | 055% :             < 00.1s (E)             < 00.1s (X)
     in progress... |############        | 060% :             < 00.1s (E)             < 00.1s (X)
     in progress... |#############       | 065% :             < 00.1s (E)             < 00.1s (X)
     in progress... |##############      | 070% :             < 00.1s (E)             < 00.1s (X)
     in progress... |###############     | 075% :             < 00.1s (E)             < 00.1s (X)
     in progress... |################    | 080% :             < 00.1s (E)             < 00.1s (X)
     in progress... |#################   | 085% :             < 00.1s (E)             < 00.1s (X)
     in progress... |##################  | 090% :             < 00.1s (E)             < 00.1s (X)
     in progress... |################### | 095% :             < 00.1s (E)             < 00.1s (X)
     in progress... |####################| 100% :             < 00.1s (E)             < 00.1s (X)
     --------------------------------------------------------------------------------------------
 
     --------------------------------------------------------------------------------------------
     Iter: 000001
     k(000001) = (   0.0000000   0.0000000   0.0000000) cryst. coord.
     band      QP en. [eV] conv    QP en. [eV] conv
     001238       8.110222  yes      8.110853  yes
     001239       8.110231  yes      8.110862  yes
     001240       8.299787  yes      8.739341  yes
     001241       8.888457  yes     11.880767  yes
     001242       8.888528  yes     13.106755  yes
     001243      11.795107  yes     13.106777  yes
     001244      12.920520  yes     13.296532  yes
     001245      13.442696  yes     13.487659  yes
     001246      13.677908  yes     13.783165  yes
     001247      13.677935  yes     14.248591  yes
     001248      13.686839  yes     14.298978   no
     --------------------------------------------------------------------------------------------
 
     --------------------------------------------------------------------------------------------
     Sigma-C
     --------------------------------------------------------------------------------------------
     Integrating along the IM axis...
     --------------------------------------------------------------------------------------------
     in progress... |#                   | 005% :             < 00.1s (E)               01.8s (X)
     in progress... |##                  | 010% :               00.1s (E)               01.4s (X)
     in progress... |###                 | 015% :               00.1s (E)               01.2s (X)
     in progress... |####                | 020% :               00.2s (E)               01.2s (X)
     in progress... |#####               | 025% :               00.2s (E)               01.1s (X)
     in progress... |######              | 030% :               00.3s (E)               01.1s (X)
     in progress... |#######             | 035% :               00.3s (E)               01.1s (X)
     in progress... |########            | 040% :               00.4s (E)               01.1s (X)
     in progress... |#########           | 045% :               00.4s (E)               01.1s (X)
     in progress... |##########          | 050% :               00.5s (E)               01.0s (X)
     in progress... |###########         | 055% :               00.6s (E)               01.1s (X)
     in progress... |############        | 060% :               00.7s (E)               01.1s (X)
     in progress... |#############       | 065% :               00.7s (E)               01.1s (X)
     in progress... |##############      | 070% :               00.8s (E)               01.1s (X)
     in progress... |###############     | 075% :               00.8s (E)               01.1s (X)
     in progress... |################    | 080% :               00.9s (E)               01.1s (X)
     in progress... |#################   | 085% :               00.9s (E)               01.1s (X)
     in progress... |##################  | 090% :               01.0s (E)               01.1s (X)
     in progress... |################### | 095% :               01.0s (E)               01.1s (X)
     in progress... |####################| 100% :               01.1s (E)               01.1s (X)
     --------------------------------------------------------------------------------------------
     Residues along the RE axis...
     --------------------------------------------------------------------------------------------
     in progress... |#                   | 005% :             < 00.1s (E)             < 00.1s (X)
     in progress... |##                  | 010% :             < 00.1s (E)             < 00.1s (X)
     in progress... |###                 | 015% :             < 00.1s (E)             < 00.1s (X)
     in progress... |####                | 020% :             < 00.1s (E)             < 00.1s (X)
     in progress... |#####               | 025% :             < 00.1s (E)             < 00.1s (X)
     in progress... |######              | 030% :             < 00.1s (E)             < 00.1s (X)
     in progress... |#######             | 035% :             < 00.1s (E)             < 00.1s (X)
     in progress... |########            | 040% :             < 00.1s (E)             < 00.1s (X)
     in progress... |#########           | 045% :             < 00.1s (E)             < 00.1s (X)
     in progress... |##########          | 050% :             < 00.1s (E)             < 00.1s (X)
     in progress... |###########         | 055% :             < 00.1s (E)             < 00.1s (X)
     in progress... |############        | 060% :             < 00.1s (E)             < 00.1s (X)
     in progress... |#############       | 065% :             < 00.1s (E)             < 00.1s (X)
     in progress... |##############      | 070% :             < 00.1s (E)             < 00.1s (X)
     in progress... |###############     | 075% :             < 00.1s (E)             < 00.1s (X)
     in progress... |################    | 080% :             < 00.1s (E)             < 00.1s (X)
     in progress... |#################   | 085% :             < 00.1s (E)             < 00.1s (X)
     in progress... |##################  | 090% :             < 00.1s (E)             < 00.1s (X)
     in progress... |################### | 095% :             < 00.1s (E)             < 00.1s (X)
     in progress... |####################| 100% :             < 00.1s (E)             < 00.1s (X)
     --------------------------------------------------------------------------------------------
 
     --------------------------------------------------------------------------------------------
     CONVERGENCE ACHIEVED !!!
     --------------------------------------------------------------------------------------------
 
     --------------------------------------------------------------------------------------------
     k(000001) = (   0.0000000   0.0000000   0.0000000) cryst. coord.
     band      QP en. [eV] conv    QP en. [eV] conv
     001238       8.110222  yes      8.110853  yes
     001239       8.110231  yes      8.110862  yes
     001240       8.299787  yes      8.739341  yes
     001241       8.888457  yes     11.880767  yes
     001242       8.888528  yes     13.106755  yes
     001243      11.795107  yes     13.106777  yes
     001244      12.920520  yes     13.296532  yes
     001245      13.442696  yes     13.487659  yes
     001246      13.677908  yes     13.783165  yes
     001247      13.677935  yes     14.248591  yes
     001248      13.686839  yes     14.270476  yes
     --------------------------------------------------------------------------------------------
 
     --------------------------------------------------------------------------------------------
     SAVE written in < 00.1s
     In location : ./pdep_4992.wfreq.save
     --------------------------------------------------------------------------------------------
 
     --------------------------------------------------------------------------------------------
     ERI
     --------------------------------------------------------------------------------------------
 
     --------------------------------------------------------------------------------------------
     Braket
     --------------------------------------------------------------------------------------------
     in progress... |#                   | 005% :               01.3s (E)               27.9s (X)
     in progress... |##                  | 010% :               02.6s (E)               26.9s (X)
     in progress... |###                 | 015% :               03.9s (E)               26.6s (X)
     in progress... |####                | 020% :               05.4s (E)               27.3s (X)
     in progress... |#####               | 025% :               06.7s (E)               27.1s (X)
     in progress... |######              | 030% :               08.1s (E)               27.0s (X)
     in progress... |#######             | 035% :               09.4s (E)               26.9s (X)
     in progress... |########            | 040% :               10.7s (E)               26.9s (X)
     in progress... |#########           | 045% :               12.0s (E)               26.8s (X)
     in progress... |##########          | 050% :               13.3s (E)               26.7s (X)
     in progress... |###########         | 055% :               14.6s (E)               26.6s (X)
     in progress... |############        | 060% :               16.1s (E)               26.8s (X)
     in progress... |#############       | 065% :               17.3s (E)               26.7s (X)
     in progress... |##############      | 070% :               18.6s (E)               26.6s (X)
     in progress... |###############     | 075% :               19.8s (E)               26.4s (X)
     in progress... |################    | 080% :               21.1s (E)               26.4s (X)
     in progress... |#################   | 085% :               22.3s (E)               26.3s (X)
     in progress... |##################  | 090% :               23.6s (E)               26.2s (X)
     in progress... |################### | 095% :               25.1s (E)               26.4s (X)
     in progress... |####################| 100% :               26.3s (E)               26.3s (X)
     --------------------------------------------------------------------------------------------
 
     --------------------------------------------------------------------------------------------
     Wp integrals (PDEP)
     --------------------------------------------------------------------------------------------
     in progress... |####################| 100% :               00.3s (E)               00.3s (X)
     --------------------------------------------------------------------------------------------
 
     --------------------------------------------------------------------------------------------
     Pair density
     --------------------------------------------------------------------------------------------
     in progress... |##                  | 010% :             < 00.1s (E)               00.3s (X)
     in progress... |####                | 020% :             < 00.1s (E)               00.3s (X)
     in progress... |######              | 030% :             < 00.1s (E)               00.2s (X)
     in progress... |########            | 040% :               00.1s (E)               00.2s (X)
     in progress... |##########          | 050% :               00.1s (E)               00.2s (X)
     in progress... |############        | 060% :               00.1s (E)               00.2s (X)
     in progress... |##############      | 070% :               00.1s (E)               00.2s (X)
     in progress... |################    | 080% :               00.1s (E)               00.2s (X)
     in progress... |##################  | 090% :               00.2s (E)               00.2s (X)
     in progress... |####################| 100% :               00.2s (E)               00.2s (X)
     --------------------------------------------------------------------------------------------
 
     --------------------------------------------------------------------------------------------
     Pair density
     --------------------------------------------------------------------------------------------
     in progress... |####                | 020% :             < 00.1s (E)               00.2s (X)
     in progress... |########            | 040% :             < 00.1s (E)               00.2s (X)
     in progress... |############        | 060% :               00.1s (E)               00.2s (X)
     in progress... |################    | 080% :               00.1s (E)               00.2s (X)
     in progress... |####################| 100% :               00.2s (E)               00.2s (X)
     --------------------------------------------------------------------------------------------
 
     --------------------------------------------------------------------------------------------
     SAVE written in < 00.1s
     In location : ./pdep_4992.wfreq.save
     --------------------------------------------------------------------------------------------
     --------------------------------------------------------------------------------------------
 
     --------------------------------------------------------------------------------------------
     h1e
     --------------------------------------------------------------------------------------------
 
     --------------------------------------------------------------------------------------------
     (X)-Sigma
     --------------------------------------------------------------------------------------------
     in progress... |#                   | 005% :               01.7s (E)               35.1s (X)
     in progress... |##                  | 010% :               01.7s (E)               17.9s (X)
     in progress... |###                 | 015% :               01.8s (E)               12.1s (X)
     in progress... |####                | 020% :               01.8s (E)               09.3s (X)
     in progress... |#####               | 025% :               01.8s (E)               07.5s (X)
     in progress... |######              | 030% :               01.9s (E)               06.4s (X)
     in progress... |#######             | 035% :               01.9s (E)               05.6s (X)
     in progress... |########            | 040% :               02.0s (E)               05.0s (X)
     in progress... |#########           | 045% :               02.0s (E)               04.5s (X)
     in progress... |##########          | 050% :               02.0s (E)               04.1s (X)
     in progress... |###########         | 055% :               04.0s (E)               07.3s (X)
     in progress... |############        | 060% :               04.1s (E)               06.8s (X)
     in progress... |#############       | 065% :               04.1s (E)               06.3s (X)
     in progress... |##############      | 070% :               04.1s (E)               05.9s (X)
     in progress... |###############     | 075% :               04.2s (E)               05.6s (X)
     in progress... |################    | 080% :               04.2s (E)               05.3s (X)
     in progress... |#################   | 085% :               04.2s (E)               05.0s (X)
     in progress... |##################  | 090% :               04.3s (E)               04.8s (X)
     in progress... |################### | 095% :               04.3s (E)               04.5s (X)
     in progress... |####################| 100% :               04.3s (E)               04.3s (X)
     --------------------------------------------------------------------------------------------
 
     --------------------------------------------------------------------------------------------
     Collecting results from W and G
     --------------------------------------------------------------------------------------------
     in progress... |#                   | 005% :               00.2s (E)               05.9s (X)
     in progress... |##                  | 010% :               00.4s (E)               04.4s (X)
     in progress... |###                 | 015% :               00.5s (E)               03.9s (X)
     in progress... |####                | 020% :               00.7s (E)               03.6s (X)
     in progress... |#####               | 025% :               00.8s (E)               03.4s (X)
     in progress... |######              | 030% :               01.0s (E)               03.3s (X)
     in progress... |#######             | 035% :               01.1s (E)               03.3s (X)
     in progress... |########            | 040% :               01.3s (E)               03.2s (X)
     in progress... |#########           | 045% :               01.4s (E)               03.2s (X)
     in progress... |##########          | 050% :               01.5s (E)               03.1s (X)
     in progress... |###########         | 055% :               01.8s (E)               03.4s (X)
     in progress... |############        | 060% :               02.0s (E)               03.3s (X)
     in progress... |#############       | 065% :               02.1s (E)               03.3s (X)
     in progress... |##############      | 070% :               02.3s (E)               03.3s (X)
     in progress... |###############     | 075% :               02.4s (E)               03.3s (X)
     in progress... |################    | 080% :               02.6s (E)               03.2s (X)
     in progress... |#################   | 085% :               02.7s (E)               03.2s (X)
     in progress... |##################  | 090% :               02.9s (E)               03.2s (X)
     in progress... |################### | 095% :               03.0s (E)               03.2s (X)
     in progress... |####################| 100% :               03.1s (E)               03.1s (X)
     --------------------------------------------------------------------------------------------
 
     --------------------------------------------------------------------------------------------
     Sigma-C
     --------------------------------------------------------------------------------------------
     Integrating along the IM axis...
     --------------------------------------------------------------------------------------------
     in progress... |#                   | 005% :             < 00.1s (E)             < 00.1s (X)
     in progress... |##                  | 010% :             < 00.1s (E)             < 00.1s (X)
     in progress... |###                 | 015% :             < 00.1s (E)             < 00.1s (X)
     in progress... |####                | 020% :             < 00.1s (E)             < 00.1s (X)
     in progress... |#####               | 025% :             < 00.1s (E)             < 00.1s (X)
     in progress... |######              | 030% :             < 00.1s (E)             < 00.1s (X)
     in progress... |#######             | 035% :             < 00.1s (E)             < 00.1s (X)
     in progress... |########            | 040% :             < 00.1s (E)             < 00.1s (X)
     in progress... |#########           | 045% :             < 00.1s (E)             < 00.1s (X)
     in progress... |##########          | 050% :             < 00.1s (E)             < 00.1s (X)
     in progress... |###########         | 055% :             < 00.1s (E)             < 00.1s (X)
     in progress... |############        | 060% :             < 00.1s (E)             < 00.1s (X)
     in progress... |#############       | 065% :             < 00.1s (E)             < 00.1s (X)
     in progress... |##############      | 070% :             < 00.1s (E)             < 00.1s (X)
     in progress... |###############     | 075% :             < 00.1s (E)             < 00.1s (X)
     in progress... |################    | 080% :             < 00.1s (E)             < 00.1s (X)
     in progress... |#################   | 085% :             < 00.1s (E)             < 00.1s (X)
     in progress... |##################  | 090% :             < 00.1s (E)             < 00.1s (X)
     in progress... |################### | 095% :             < 00.1s (E)             < 00.1s (X)
     in progress... |####################| 100% :             < 00.1s (E)             < 00.1s (X)
     --------------------------------------------------------------------------------------------
     Residues along the RE axis...
     --------------------------------------------------------------------------------------------
     in progress... |#                   | 005% :             < 00.1s (E)             < 00.1s (X)
     in progress... |##                  | 010% :             < 00.1s (E)             < 00.1s (X)
     in progress... |###                 | 015% :             < 00.1s (E)             < 00.1s (X)
     in progress... |####                | 020% :             < 00.1s (E)             < 00.1s (X)
     in progress... |#####               | 025% :             < 00.1s (E)             < 00.1s (X)
     in progress... |######              | 030% :             < 00.1s (E)             < 00.1s (X)
     in progress... |#######             | 035% :             < 00.1s (E)             < 00.1s (X)
     in progress... |########            | 040% :             < 00.1s (E)             < 00.1s (X)
     in progress... |#########           | 045% :             < 00.1s (E)             < 00.1s (X)
     in progress... |##########          | 050% :             < 00.1s (E)             < 00.1s (X)
     in progress... |###########         | 055% :             < 00.1s (E)             < 00.1s (X)
     in progress... |############        | 060% :             < 00.1s (E)             < 00.1s (X)
     in progress... |#############       | 065% :             < 00.1s (E)             < 00.1s (X)
     in progress... |##############      | 070% :             < 00.1s (E)             < 00.1s (X)
     in progress... |###############     | 075% :             < 00.1s (E)             < 00.1s (X)
     in progress... |################    | 080% :             < 00.1s (E)             < 00.1s (X)
     in progress... |#################   | 085% :             < 00.1s (E)             < 00.1s (X)
     in progress... |##################  | 090% :             < 00.1s (E)             < 00.1s (X)
     in progress... |################### | 095% :             < 00.1s (E)             < 00.1s (X)
     in progress... |####################| 100% :             < 00.1s (E)             < 00.1s (X)
     --------------------------------------------------------------------------------------------
 
     --------------------------------------------------------------------------------------------
     SAVE written in < 00.1s
     In location : ./pdep_4992.wfreq.save
     --------------------------------------------------------------------------------------------
     WFREQ        :      2h 3m CPU      2h10m WALL

     west_readin  :      1.71s CPU      4.12s WALL (       1 calls)
     fetch_input  :      0.09s CPU      0.09s WALL (       2 calls)
     fft          :      0.00s CPU      0.13s WALL (      24 calls)
                                        0.13s GPU  (      24 calls)
     init_vloc    :      0.14s CPU      0.14s WALL (       2 calls)
     init_us_1    :      0.11s CPU      0.11s WALL (       2 calls)
     v_of_rho     :      0.06s CPU      0.12s WALL (       1 calls)
     v_xc         :      0.07s CPU      0.13s WALL (       2 calls)
     v_h          :      0.02s CPU      0.03s WALL (       1 calls)
     do_setup     :      8.08s CPU     13.79s WALL (       1 calls)
     init_pw_ar   :      8.08s CPU     13.78s WALL (       1 calls)
     hinit0       :      0.87s CPU      0.87s WALL (       1 calls)
     davcio       :      0.01s CPU     10.78s WALL (      14 calls)
     exx_grid     :      0.00s CPU      0.00s WALL (       1 calls)
     aceinit0     :      2.47s CPU      4.23s WALL (       1 calls)
     exx_div      :      0.01s CPU      0.01s WALL (       1 calls)
     qdet_db      :      0.11s CPU      0.13s WALL (       3 calls)
     solve_hf     :      5.22s CPU      5.87s WALL (       1 calls)
     sigmavxc     :      1.97s CPU      2.35s WALL (       1 calls)
     fftw         :     13.88s CPU    372.70s WALL ( 1663317 calls)
                                      358.49s GPU  ( 1663317 calls)
     vexxace      :    211.65s CPU    226.45s WALL (     818 calls)
                                      225.84s GPU  (     816 calls)
     matcalc      :      7.91s CPU      7.94s WALL (     818 calls)
                                        7.68s GPU  (     816 calls)
     calbec       :      1.93s CPU      2.09s WALL (    1754 calls)
     sigmax       :      5.38s CPU      7.87s WALL (       2 calls)
     sqvc_init    :      1.57s CPU      1.58s WALL (      49 calls)
     ffts         :      0.02s CPU      0.54s WALL (    2391 calls)
                                        0.53s GPU  (    2391 calls)
     write_hf     :      0.00s CPU      0.00s WALL (       1 calls)
     sw_restart   :      6.48s CPU     36.11s WALL (       2 calls)
     wlanczos     :   6364.67s CPU   6424.82s WALL (       2 calls)
     pdep_read    :      0.78s CPU      5.26s WALL (    1560 calls)
     chi_invert   :    451.91s CPU    547.94s WALL (       2 calls)
     init_us_2    :      0.02s CPU      0.05s WALL (       4 calls)
     init_us_2:gp :      0.02s CPU      0.05s WALL (       4 calls)
     alphapa      :      0.86s CPU      1.56s WALL (    2484 calls)
                                        1.54s GPU  (    2484 calls)
     commut_Hx_ps :     17.70s CPU     19.55s WALL (     468 calls)
                                       19.54s GPU  (     468 calls)
     alphapc      :     17.09s CPU     34.73s WALL (    3320 calls)
                                       34.59s GPU  (    3320 calls)
     linstern     :     42.68s CPU     43.03s WALL (     156 calls)
                                       43.02s GPU  (     156 calls)
     stern        :     42.64s CPU     42.99s WALL (     156 calls)
                                       42.99s GPU  (     156 calls)
     h_psi        :    294.21s CPU    295.40s WALL (     816 calls)
                                      295.40s GPU  (     816 calls)
     h_psi:pot    :     68.79s CPU     69.21s WALL (     816 calls)
                                       69.21s GPU  (     816 calls)
     vloc_psi     :     53.76s CPU     54.06s WALL (     816 calls)
                                       54.06s GPU  (     816 calls)
     h_psi:calbec :      0.03s CPU      7.11s WALL (     816 calls)
                                        7.09s GPU  (     816 calls)
     add_vuspsi   :      0.84s CPU      8.02s WALL (     816 calls)
                                        7.99s GPU  (     816 calls)
     alphapv      :      0.15s CPU      0.29s WALL (     156 calls)
                                        0.29s GPU  (     156 calls)
     glanczos     :    363.48s CPU    522.09s WALL (       1 calls)
     write_over   :      0.01s CPU      1.49s WALL (      22 calls)
     lan_H        :    271.18s CPU    272.10s WALL (      22 calls)
                                      272.10s GPU  (      22 calls)
     brak         :     71.57s CPU     86.66s WALL (      22 calls)
                                       86.66s GPU  (      22 calls)
     write_gfreq  :      7.41s CPU    143.92s WALL (      22 calls)
     sg_restart   :      0.01s CPU      0.10s WALL (      22 calls)
     solve_qp     :    163.77s CPU    241.52s WALL (       2 calls)
                                      225.41s GPU  (       1 calls)
     coll_gw      :    147.26s CPU    208.97s WALL (       2 calls)
     read_over    :      1.35s CPU      3.99s WALL (      44 calls)
     read_gfreq   :      9.89s CPU     68.25s WALL (      22 calls)
     read_hf      :      0.13s CPU      0.15s WALL (       2 calls)
     sigmac_i     :      4.47s CPU      4.47s WALL (       5 calls)
     sigmac_r     :      0.00s CPU      0.00s WALL (       5 calls)
     wfreq_db     :      0.00s CPU      0.01s WALL (       1 calls)
     eri_brak     :     24.48s CPU     26.41s WALL (       1 calls)
     Wp           :      0.31s CPU      0.31s WALL (       1 calls)
     eri_vc_s1s1  :      0.20s CPU      0.20s WALL (       1 calls)
     eri_vc_s1s2  :      0.20s CPU      0.20s WALL (       1 calls)
 
     WFREQ        :      2h 3m CPU      2h10m WALL

 
   This run was terminated on:   2:31:12  25May2025            

=------------------------------------------------------------------------------=
   JOB DONE.
=------------------------------------------------------------------------------=
