
     --------------------------------------------------------------------------------------------
     I/O Summary : input_west
     --------------------------------------------------------------------------------------------
     qe_prefix : pwscf
     west_prefix : pdep_4992
     outdir : ./
     --------------------------------------------------------------------------------------------

     --------------------------------------------------------------------------------------------
     I/O Summary : wstat_control
     --------------------------------------------------------------------------------------------
     wstat_calculation : R
     n_pdep_eigen : 4992
     n_pdep_times : 4
     n_pdep_maxiter : 100
     n_dfpt_maxiter : 250
     n_pdep_read_from_file : 0
     n_steps_write_restart : 0
     trev_pdep : 0.001
     trev_pdep_rel : 0.1
     tr2_dfpt : 1e-12
     l_kinetic_only : False
     l_minimize_exx_if_active : False
     n_exx_lowrank : 2600
     l_use_ecutrho : False
     qlist : [1]
     --------------------------------------------------------------------------------------------

     --------------------------------------------------------------------------------------------
     I/O Summary : wfreq_control
     --------------------------------------------------------------------------------------------
     wfreq_calculation : XwGQH
     n_pdep_eigen_to_use : 4992
     qp_bandrange : [1, 2]
     qp_bands : [[1240, 1241, 1242, 1243, 1244, 1245, 1246, 1247, 1248, 1249, 1250, 1251, 1252, 1253, 1254], [1240, 1241, 1242, 1243, 1244, 1245, 1246, 1247, 1248, 1249, 1250, 1251, 1252, 1253, 1254]]
     macropol_calculation : C
     n_lanczos : 30
     n_imfreq : 128
     n_refreq : 300
     ecut_imfreq : 240.0
     ecut_refreq : 2.0
     wfreq_eta : 0.0036749308824745378
     n_secant_maxiter : 21
     trev_secant : 0.0036749308824745378
     l_enable_lanczos : True
     l_qdet_verbose : False
     l_enable_off_diagonal : False
     n_pdep_eigen_off_diagonal : 0
     o_restart_time : 0.0
     ecut_spectralf : [-2.0, 1.0]
     n_spectralf : 204
     --------------------------------------------------------------------------------------------

     Program WFREQ v. 6.0.0 git rev. v6.0.0 starts on 26May2025 at  7:54:44 

     This program is part of the open-source West suite
     for massively parallel calculations of excited states in materials; please cite
         "M. Govoni et al., J. Chem. Theory Comput. 11, 2680 (2015);
          URL https://west-code.org",
     in publications or presentations arising from this work.

     Based on the Quantum ESPRESSO v. 7.3

     I/O is Little Endian
 
     --------------------------------------------------------------------------------------------
     **MPI** Parallelization Status
     --------------------------------------------------------------------------------------------
                    16                  16             1             1             1
     --------------------------------------------------------------------------------------------
                     N         =         I      X      P      X      B      X      Z
                     ^                   ^             ^             ^             ^
                     |                   |             |             |             |
                   #rnk                  |             |             |             |
                                      #image           |             |             |
                                                     #pool           |             |
                                                                   #bgrp           |
                                                                                 #R&G
     --------------------------------------------------------------------------------------------
     #prc =           16
     --------------------------------------------------------------------------------------------

     GPU acceleration enabled

     Reading xml data from directory:

     ./pwscf.save/
     EXX fraction changed:   0.25
     EXX Screening parameter changed:    0.0000000

     IMPORTANT: XC functional enforced from input :
     Exchange-correlation= PBE0
                           (   6   4   8   4   0   0   0)
     EXX-fraction              =        0.25
     Any further DFT definition will be discarded
     Please, verify this is what you really want

 
     G-vector sticks info
     --------------------
     sticks:   dense  smooth     PW     G-vecs:    dense   smooth      PW
     Sum        9985    9985   2503               967453   967453  120943
 
     Using Slab Decomposition
 
       ** WARNING : EXX use_ace          = T
       ** WARNING : EXX alpha            =       0.250000
       ** WARNING : EXX erfc_scrlen      =       0.000000
       ** WARNING : EXX gau_scrlen       =       0.000000
       ** WARNING : EXX ecutfock         =     240.000000
       ** WARNING : EXX exxdiv_treatment = gb
     EXX: q-point mesh:     1    1    1
     EXX: grid of k+q points same as grid of k-points
     EXX: initializing ACE and reading from file
     ACE potential read for     2800 bands
     ACE potential read for     2800 bands
     Starting ACE correctly read from file
       ** WARNING : EXX-exxdiv           =   -2967.048900
 
     --------------------------------------------------------------------------------------------
     System Overview
     --------------------------------------------------------------------------------------------
     gamma_only           =              T
     ecutwfc [Ry]         =      60.000000
     ecutrho [Ry]         =     240.000000
     omega [au^3]         =   1.540622E+04
     nbnd                 =           1400
     nkstot               =              2
     nspin                =              2
     nelec                =    2482.000000
     nelup                =    1242.000000
     neldw                =    1240.000000
     npol                 =              1
     lsda                 =              T
     noncolin             =              F
     lspinorb             =              F
     --------------------------------------------------------------------------------------------

     3DFFT grid
        s : ( 125, 125, 150)
        p : ( 125, 125, 150)

     Direct Lattice Cell [a.u.]
        a1 = (    24.5557707     0.0000000     0.0000000)
        a2 = (   -12.2778844    21.2659197     0.0000000)
        a3 = (     0.0000000     0.0000000    29.5024772)

     Reciprocal Lattice Cell [a.u.]
        b1 = (     0.2558741     0.1477290    -0.0000000)
        b2 = (     0.0000000     0.2954580     0.0000000)
        b3 = (     0.0000000    -0.0000000     0.2129714)
 

     Brillouin Zone sampling [cryst. coord.]
 
        k(000001) = (     0.0000000     0.0000000     0.0000000)
 
     --------------------------------------------------------------------------------------------
     Parallelization for npdep
     --------------------------------------------------------------------------------------------
     nglob                =           4992
     nlevel               =             16
     Min nglob/nlevel     =            312
     Max nglob/nlevel     =            312
     --------------------------------------------------------------------------------------------
 
     --------------------------------------------------------------------------------------------
     Parallelization for npdep+macro
     --------------------------------------------------------------------------------------------
     nglob                =           4995
     nlevel               =             16
     Min nglob/nlevel     =            312
     Max nglob/nlevel     =            313
     --------------------------------------------------------------------------------------------
 
     --------------------------------------------------------------------------------------------
     Parallelization for n_imfreq
     --------------------------------------------------------------------------------------------
     nglob                =            128
     nlevel               =              1
     Min nglob/nlevel     =            128
     Max nglob/nlevel     =            128
     --------------------------------------------------------------------------------------------
 
     --------------------------------------------------------------------------------------------
     Parallelization for n_refreq
     --------------------------------------------------------------------------------------------
     nglob                =            300
     nlevel               =              1
     Min nglob/nlevel     =            300
     Max nglob/nlevel     =            300
     --------------------------------------------------------------------------------------------
 
     --------------------------------------------------------------------------------------------
     Parallelization for nbnd
     --------------------------------------------------------------------------------------------
     nglob                =           1400
     nlevel               =             16
     Min nglob/nlevel     =             87
     Max nglob/nlevel     =             88
     --------------------------------------------------------------------------------------------
 
     --------------------------------------------------------------------------------------------
     SAVE written in < 00.1s
     In location : ./pdep_4992.wfreq.save
     --------------------------------------------------------------------------------------------

     [MEM] ----------------------------------------------------------
     [MEM] **Memory** analysis: QE
     [MEM] ----------------------------------------------------------
     [MEM] Allocated arrays           est. size (Mb)     dimensions
     [MEM] ----------------------------------------------------------
     [MEM] Kohn-Sham Wavefunctions    1291.82 Mb     (  60472, 1400)
     [MEM] NL pseudopotentials        2295.75 Mb     (  60472, 2488)
     [MEM] Each V/rho on FFT grid       35.76 Mb     (2343750)
     [MEM] Each G-vector array           3.69 Mb     ( 483727)
     [MEM] G-vector shells               1.86 Mb     ( 244396)
     [MEM] ----------------------------------------------------------
     [MEM] Total estimate             3628.89 Mb
     [MEM] ----------------------------------------------------------
     [MEM]
     [MEM] ----------------------------------------------------------
     [MEM] **Memory** analysis: WFREQ temporary
     [MEM] ----------------------------------------------------------
     [MEM] Allocated arrays           est. size (Mb)     dimensions
     [MEM] ----------------------------------------------------------
     [MEM] dvpsi                       287.89 Mb     (  60472,  312)
     [MEM] pertg_all                   287.89 Mb     (  60472,  312)
     [MEM] Hr commutator workspace    4591.50 Mb     (  60472, 4976)
     [MEM] Lanczos workspace          8636.75 Mb     (  60472, 9360)
     [MEM] ----------------------------------------------------------
     [MEM] Total estimate            13804.03 Mb
     [MEM] ----------------------------------------------------------
 
 
     --------------------------------------------------------------------------------------------
     Hartree-Fock Exact E(X)change
     --------------------------------------------------------------------------------------------
 
     --------------------------------------------------------------------------------------------
     Vxc
     --------------------------------------------------------------------------------------------
     in progress... |##########          | 050% :               01.1s (E)               02.3s (X)
     in progress... |####################| 100% :               02.3s (E)               02.3s (X)
     --------------------------------------------------------------------------------------------
 
     --------------------------------------------------------------------------------------------
     (X)-Sigma
     --------------------------------------------------------------------------------------------
     in progress... |#                   | 005% :               00.9s (E)               19.6s (X)
     in progress... |##                  | 010% :               01.0s (E)               10.6s (X)
     in progress... |###                 | 015% :               01.2s (E)               08.2s (X)
     in progress... |####                | 020% :               01.3s (E)               06.5s (X)
     in progress... |#####               | 025% :               01.4s (E)               05.9s (X)
     in progress... |######              | 030% :               01.5s (E)               05.2s (X)
     in progress... |#######             | 035% :               01.7s (E)               04.9s (X)
     in progress... |########            | 040% :               01.8s (E)               04.5s (X)
     in progress... |#########           | 045% :               01.9s (E)               04.4s (X)
     in progress... |##########          | 050% :               02.0s (E)               04.1s (X)
     in progress... |###########         | 055% :               03.0s (E)               05.5s (X)
     in progress... |############        | 060% :               03.1s (E)               05.2s (X)
     in progress... |#############       | 065% :               03.2s (E)               05.0s (X)
     in progress... |##############      | 070% :               03.3s (E)               04.8s (X)
     in progress... |###############     | 075% :               03.5s (E)               04.7s (X)
     in progress... |################    | 080% :               03.6s (E)               04.5s (X)
     in progress... |#################   | 085% :               03.7s (E)               04.4s (X)
     in progress... |##################  | 090% :               03.8s (E)               04.3s (X)
     in progress... |################### | 095% :               04.0s (E)               04.2s (X)
     in progress... |####################| 100% :               04.1s (E)               04.1s (X)
     --------------------------------------------------------------------------------------------
 
     --------------------------------------------------------------------------------------------
     (W)-Lanczos
     --------------------------------------------------------------------------------------------

     [I/O] -------------------------------------------------------
     [I/O] RESTART read in 14.3s
     [I/O] In location : ./pdep_4992.wfreq.restart
     [I/O] -------------------------------------------------------
     in progress... |####################| 100% :             < 00.1s (E)             < 00.1s (X)
     --------------------------------------------------------------------------------------------
 
     --------------------------------------------------------------------------------------------
     (W)-Lanczos
     --------------------------------------------------------------------------------------------

     [I/O] -------------------------------------------------------
     [I/O] RESTART read in 21.3s
     [I/O] In location : ./pdep_4992.wfreq.restart
     [I/O] -------------------------------------------------------
     in progress... |#                   | 005% :           06m-34.2s (E)       02h-11m-24.6s (X)
     in progress... |##                  | 010% :           11m-46.1s (E)       01h-57m-41.9s (X)
     in progress... |###                 | 015% :           16m-58.0s (E)       01h-53m-07.1s (X)
     in progress... |####                | 020% :           22m-10.0s (E)       01h-50m-50.1s (X)
     in progress... |#####               | 025% :           27m-21.8s (E)       01h-49m-27.3s (X)
     in progress... |######              | 030% :           32m-33.5s (E)       01h-48m-31.9s (X)
     in progress... |#######             | 035% :           37m-45.3s (E)       01h-47m-52.5s (X)
     in progress... |########            | 040% :           42m-57.1s (E)       01h-47m-22.9s (X)
     in progress... |#########           | 045% :           48m-08.9s (E)       01h-46m-59.9s (X)
     in progress... |##########          | 050% :           53m-20.7s (E)       01h-46m-41.4s (X)
     in progress... |###########         | 055% :           59m-39.5s (E)       01h-48m-28.2s (X)
     in progress... |############        | 060% :       01h-04m-54.4s (E)       01h-48m-10.7s (X)
     in progress... |#############       | 065% :       01h-10m-09.5s (E)       01h-47m-56.2s (X)
     in progress... |##############      | 070% :       01h-15m-24.3s (E)       01h-47m-43.4s (X)
     in progress... |###############     | 075% :       01h-20m-39.3s (E)       01h-47m-32.4s (X)
     in progress... |################    | 080% :       01h-25m-54.2s (E)       01h-47m-22.8s (X)
     in progress... |#################   | 085% :       01h-31m-09.3s (E)       01h-47m-14.4s (X)
     in progress... |##################  | 090% :       01h-36m-24.1s (E)       01h-47m-06.8s (X)
     in progress... |################### | 095% :       01h-41m-39.2s (E)       01h-47m-00.2s (X)
     in progress... |####################| 100% :       01h-46m-54.0s (E)       01h-46m-54.0s (X)
     --------------------------------------------------------------------------------------------
 
     --------------------------------------------------------------------------------------------
     (G)-Lanczos
     --------------------------------------------------------------------------------------------
     in progress... |#                   | 005% :               49.7s (E)           16m-35.3s (X)
     in progress... |##                  | 010% :           01m-13.0s (E)           12m-10.7s (X)
     in progress... |###                 | 015% :           01m-59.3s (E)           13m-15.4s (X)
     in progress... |####                | 020% :           02m-22.5s (E)           11m-52.9s (X)
     in progress... |#####               | 025% :           03m-09.0s (E)           12m-36.0s (X)
     in progress... |######              | 030% :           03m-32.2s (E)           11m-47.4s (X)
     in progress... |#######             | 035% :           04m-18.4s (E)           12m-18.2s (X)
     in progress... |########            | 040% :           04m-41.6s (E)           11m-44.1s (X)
     in progress... |#########           | 045% :           05m-28.0s (E)           12m-08.9s (X)
     in progress... |##########          | 050% :           05m-51.1s (E)           11m-42.3s (X)
     in progress... |###########         | 055% :           06m-39.6s (E)           12m-06.6s (X)
     in progress... |############        | 060% :           07m-02.8s (E)           11m-44.7s (X)
     in progress... |#############       | 065% :           07m-49.3s (E)           12m-02.0s (X)
     in progress... |##############      | 070% :           08m-12.5s (E)           11m-43.6s (X)
     in progress... |###############     | 075% :           08m-59.1s (E)           11m-58.9s (X)
     in progress... |################    | 080% :           09m-22.5s (E)           11m-43.1s (X)
     in progress... |#################   | 085% :           10m-09.1s (E)           11m-56.6s (X)
     in progress... |##################  | 090% :           10m-32.5s (E)           11m-42.8s (X)
     in progress... |################### | 095% :           11m-19.3s (E)           11m-55.1s (X)
     in progress... |####################| 100% :           11m-42.6s (E)           11m-42.6s (X)
     --------------------------------------------------------------------------------------------
 
     --------------------------------------------------------------------------------------------
     Collecting results from W and G
     --------------------------------------------------------------------------------------------
     in progress... |#                   | 005% :               18.4s (E)           06m-09.1s (X)
     in progress... |##                  | 010% :               27.4s (E)           04m-34.9s (X)
     in progress... |###                 | 015% :               45.5s (E)           05m-03.8s (X)
     in progress... |####                | 020% :               54.6s (E)           04m-33.3s (X)
     in progress... |#####               | 025% :           01m-14.0s (E)           04m-56.1s (X)
     in progress... |######              | 030% :           01m-22.9s (E)           04m-36.4s (X)
     in progress... |#######             | 035% :           01m-40.7s (E)           04m-47.8s (X)
     in progress... |########            | 040% :           01m-50.4s (E)           04m-36.0s (X)
     in progress... |#########           | 045% :           02m-08.2s (E)           04m-45.0s (X)
     in progress... |##########          | 050% :           02m-17.1s (E)           04m-34.2s (X)
     in progress... |###########         | 055% :           02m-35.0s (E)           04m-41.9s (X)
     in progress... |############        | 060% :           02m-44.2s (E)           04m-33.7s (X)
     in progress... |#############       | 065% :           03m-02.0s (E)           04m-40.1s (X)
     in progress... |##############      | 070% :           03m-10.9s (E)           04m-32.7s (X)
     in progress... |###############     | 075% :           03m-29.2s (E)           04m-38.9s (X)
     in progress... |################    | 080% :           03m-38.1s (E)           04m-32.6s (X)
     in progress... |#################   | 085% :           03m-56.1s (E)           04m-37.8s (X)
     in progress... |##################  | 090% :           04m-05.3s (E)           04m-32.6s (X)
     in progress... |################### | 095% :           04m-23.6s (E)           04m-37.5s (X)
     in progress... |####################| 100% :           04m-32.7s (E)           04m-32.7s (X)
     --------------------------------------------------------------------------------------------
 
     --------------------------------------------------------------------------------------------
     (Q)uasiparticle energies
     --------------------------------------------------------------------------------------------
 
     --------------------------------------------------------------------------------------------
     Sigma-C
     --------------------------------------------------------------------------------------------
     Integrating along the IM axis...
     --------------------------------------------------------------------------------------------
     in progress... |#                   | 005% :             < 00.1s (E)               01.9s (X)
     in progress... |##                  | 010% :               00.1s (E)               01.2s (X)
     in progress... |###                 | 015% :               00.1s (E)               01.2s (X)
     in progress... |####                | 020% :               00.2s (E)               01.0s (X)
     in progress... |#####               | 025% :               00.2s (E)               01.0s (X)
     in progress... |######              | 030% :               00.3s (E)               01.0s (X)
     in progress... |#######             | 035% :               00.3s (E)               01.0s (X)
     in progress... |########            | 040% :               00.3s (E)               00.9s (X)
     in progress... |#########           | 045% :               00.4s (E)               00.9s (X)
     in progress... |##########          | 050% :               00.4s (E)               00.9s (X)
     in progress... |###########         | 055% :               00.5s (E)               00.9s (X)
     in progress... |############        | 060% :               00.5s (E)               00.9s (X)
     in progress... |#############       | 065% :               00.6s (E)               00.9s (X)
     in progress... |##############      | 070% :               00.6s (E)               00.9s (X)
     in progress... |###############     | 075% :               00.7s (E)               00.9s (X)
     in progress... |################    | 080% :               00.7s (E)               00.9s (X)
     in progress... |#################   | 085% :               00.8s (E)               00.9s (X)
     in progress... |##################  | 090% :               00.8s (E)               00.9s (X)
     in progress... |################### | 095% :               00.8s (E)               00.9s (X)
     in progress... |####################| 100% :               00.9s (E)               00.9s (X)
     --------------------------------------------------------------------------------------------
     Residues along the RE axis...
     --------------------------------------------------------------------------------------------
     in progress... |#                   | 005% :             < 00.1s (E)             < 00.1s (X)
     in progress... |##                  | 010% :             < 00.1s (E)             < 00.1s (X)
     in progress... |###                 | 015% :             < 00.1s (E)             < 00.1s (X)
     in progress... |####                | 020% :             < 00.1s (E)             < 00.1s (X)
     in progress... |#####               | 025% :             < 00.1s (E)             < 00.1s (X)
     in progress... |######              | 030% :             < 00.1s (E)             < 00.1s (X)
     in progress... |#######             | 035% :             < 00.1s (E)             < 00.1s (X)
     in progress... |########            | 040% :             < 00.1s (E)             < 00.1s (X)
     in progress... |#########           | 045% :             < 00.1s (E)             < 00.1s (X)
     in progress... |##########          | 050% :             < 00.1s (E)             < 00.1s (X)
     in progress... |###########         | 055% :             < 00.1s (E)             < 00.1s (X)
     in progress... |############        | 060% :             < 00.1s (E)             < 00.1s (X)
     in progress... |#############       | 065% :             < 00.1s (E)             < 00.1s (X)
     in progress... |##############      | 070% :             < 00.1s (E)             < 00.1s (X)
     in progress... |###############     | 075% :             < 00.1s (E)             < 00.1s (X)
     in progress... |################    | 080% :             < 00.1s (E)             < 00.1s (X)
     in progress... |#################   | 085% :             < 00.1s (E)             < 00.1s (X)
     in progress... |##################  | 090% :             < 00.1s (E)             < 00.1s (X)
     in progress... |################### | 095% :             < 00.1s (E)             < 00.1s (X)
     in progress... |####################| 100% :             < 00.1s (E)             < 00.1s (X)
     --------------------------------------------------------------------------------------------
 
     --------------------------------------------------------------------------------------------
     Sigma-C
     --------------------------------------------------------------------------------------------
     Integrating along the IM axis...
     --------------------------------------------------------------------------------------------
     in progress... |#                   | 005% :             < 00.1s (E)               01.1s (X)
     in progress... |##                  | 010% :             < 00.1s (E)               00.8s (X)
     in progress... |###                 | 015% :               00.1s (E)               00.9s (X)
     in progress... |####                | 020% :               00.1s (E)               00.8s (X)
     in progress... |#####               | 025% :               00.2s (E)               00.9s (X)
     in progress... |######              | 030% :               00.2s (E)               00.8s (X)
     in progress... |#######             | 035% :               00.3s (E)               00.9s (X)
     in progress... |########            | 040% :               00.3s (E)               00.8s (X)
     in progress... |#########           | 045% :               00.4s (E)               00.9s (X)
     in progress... |##########          | 050% :               00.4s (E)               00.8s (X)
     in progress... |###########         | 055% :               00.5s (E)               00.9s (X)
     in progress... |############        | 060% :               00.5s (E)               00.8s (X)
     in progress... |#############       | 065% :               00.5s (E)               00.9s (X)
     in progress... |##############      | 070% :               00.6s (E)               00.8s (X)
     in progress... |###############     | 075% :               00.6s (E)               00.9s (X)
     in progress... |################    | 080% :               00.7s (E)               00.8s (X)
     in progress... |#################   | 085% :               00.7s (E)               00.8s (X)
     in progress... |##################  | 090% :               00.7s (E)               00.8s (X)
     in progress... |################### | 095% :               00.8s (E)               00.8s (X)
     in progress... |####################| 100% :               00.8s (E)               00.8s (X)
     --------------------------------------------------------------------------------------------
     Residues along the RE axis...
     --------------------------------------------------------------------------------------------
     in progress... |#                   | 005% :             < 00.1s (E)             < 00.1s (X)
     in progress... |##                  | 010% :             < 00.1s (E)             < 00.1s (X)
     in progress... |###                 | 015% :             < 00.1s (E)             < 00.1s (X)
     in progress... |####                | 020% :             < 00.1s (E)             < 00.1s (X)
     in progress... |#####               | 025% :             < 00.1s (E)             < 00.1s (X)
     in progress... |######              | 030% :             < 00.1s (E)             < 00.1s (X)
     in progress... |#######             | 035% :             < 00.1s (E)             < 00.1s (X)
     in progress... |########            | 040% :             < 00.1s (E)             < 00.1s (X)
     in progress... |#########           | 045% :             < 00.1s (E)             < 00.1s (X)
     in progress... |##########          | 050% :             < 00.1s (E)             < 00.1s (X)
     in progress... |###########         | 055% :             < 00.1s (E)             < 00.1s (X)
     in progress... |############        | 060% :             < 00.1s (E)             < 00.1s (X)
     in progress... |#############       | 065% :             < 00.1s (E)             < 00.1s (X)
     in progress... |##############      | 070% :             < 00.1s (E)             < 00.1s (X)
     in progress... |###############     | 075% :             < 00.1s (E)             < 00.1s (X)
     in progress... |################    | 080% :             < 00.1s (E)             < 00.1s (X)
     in progress... |#################   | 085% :             < 00.1s (E)             < 00.1s (X)
     in progress... |##################  | 090% :             < 00.1s (E)             < 00.1s (X)
     in progress... |################### | 095% :             < 00.1s (E)             < 00.1s (X)
     in progress... |####################| 100% :             < 00.1s (E)             < 00.1s (X)
     --------------------------------------------------------------------------------------------
 
     --------------------------------------------------------------------------------------------
     Iter: 000000
     k(000001) = (   0.0000000   0.0000000   0.0000000) cryst. coord.
     band      QP en. [eV] conv    QP en. [eV] conv
     001240       8.297658   no      8.737576   no
     001241       8.887885   no     11.880744   no
     001242       8.887955   no     13.106563   no
     001243      11.795080   no     13.106585   no
     001244      12.921173   no     13.296981   no
     001245      13.442743   no     13.488148   no
     001246      13.678124   no     13.783531   no
     001247      13.678152   no     14.248742   no
     001248      13.687081   no     14.248820   no
     001249      14.193487   no     14.387852   no
     001250      14.193562   no     14.387896   no
     001251      14.445597   no     14.489145   no
     001252      14.445665   no     14.442476   no
     001253      14.489725   no     14.442489   no
     001254      14.592112   no     14.604897   no
     --------------------------------------------------------------------------------------------
 
     --------------------------------------------------------------------------------------------
     Sigma-C
     --------------------------------------------------------------------------------------------
     Integrating along the IM axis...
     --------------------------------------------------------------------------------------------
     in progress... |#                   | 005% :             < 00.1s (E)               01.2s (X)
     in progress... |##                  | 010% :             < 00.1s (E)               00.9s (X)
     in progress... |###                 | 015% :               00.1s (E)               01.0s (X)
     in progress... |####                | 020% :               00.1s (E)               00.9s (X)
     in progress... |#####               | 025% :               00.2s (E)               00.9s (X)
     in progress... |######              | 030% :               00.2s (E)               00.9s (X)
     in progress... |#######             | 035% :               00.3s (E)               00.9s (X)
     in progress... |########            | 040% :               00.3s (E)               00.9s (X)
     in progress... |#########           | 045% :               00.4s (E)               00.9s (X)
     in progress... |##########          | 050% :               00.4s (E)               00.9s (X)
     in progress... |###########         | 055% :               00.5s (E)               00.9s (X)
     in progress... |############        | 060% :               00.5s (E)               00.9s (X)
     in progress... |#############       | 065% :               00.6s (E)               00.9s (X)
     in progress... |##############      | 070% :               00.6s (E)               00.9s (X)
     in progress... |###############     | 075% :               00.7s (E)               00.9s (X)
     in progress... |################    | 080% :               00.7s (E)               00.9s (X)
     in progress... |#################   | 085% :               00.7s (E)               00.9s (X)
     in progress... |##################  | 090% :               00.8s (E)               00.9s (X)
     in progress... |################### | 095% :               00.8s (E)               00.9s (X)
     in progress... |####################| 100% :               00.9s (E)               00.9s (X)
     --------------------------------------------------------------------------------------------
     Residues along the RE axis...
     --------------------------------------------------------------------------------------------
     in progress... |#                   | 005% :             < 00.1s (E)             < 00.1s (X)
     in progress... |##                  | 010% :             < 00.1s (E)             < 00.1s (X)
     in progress... |###                 | 015% :             < 00.1s (E)             < 00.1s (X)
     in progress... |####                | 020% :             < 00.1s (E)             < 00.1s (X)
     in progress... |#####               | 025% :             < 00.1s (E)             < 00.1s (X)
     in progress... |######              | 030% :             < 00.1s (E)             < 00.1s (X)
     in progress... |#######             | 035% :             < 00.1s (E)             < 00.1s (X)
     in progress... |########            | 040% :             < 00.1s (E)             < 00.1s (X)
     in progress... |#########           | 045% :             < 00.1s (E)             < 00.1s (X)
     in progress... |##########          | 050% :             < 00.1s (E)             < 00.1s (X)
     in progress... |###########         | 055% :             < 00.1s (E)             < 00.1s (X)
     in progress... |############        | 060% :             < 00.1s (E)             < 00.1s (X)
     in progress... |#############       | 065% :             < 00.1s (E)             < 00.1s (X)
     in progress... |##############      | 070% :             < 00.1s (E)             < 00.1s (X)
     in progress... |###############     | 075% :             < 00.1s (E)             < 00.1s (X)
     in progress... |################    | 080% :             < 00.1s (E)             < 00.1s (X)
     in progress... |#################   | 085% :             < 00.1s (E)             < 00.1s (X)
     in progress... |##################  | 090% :             < 00.1s (E)             < 00.1s (X)
     in progress... |################### | 095% :             < 00.1s (E)             < 00.1s (X)
     in progress... |####################| 100% :             < 00.1s (E)             < 00.1s (X)
     --------------------------------------------------------------------------------------------
 
     --------------------------------------------------------------------------------------------
     Iter: 000001
     k(000001) = (   0.0000000   0.0000000   0.0000000) cryst. coord.
     band      QP en. [eV] conv    QP en. [eV] conv
     001240       8.299787  yes      8.739341  yes
     001241       8.888457  yes     11.880767  yes
     001242       8.888528  yes     13.106755  yes
     001243      11.795107  yes     13.106777  yes
     001244      12.920520  yes     13.296532  yes
     001245      13.442696  yes     13.487659  yes
     001246      13.677908  yes     13.783165  yes
     001247      13.677935  yes     14.248591  yes
     001248      13.686839  yes     14.298978   no
     001249      14.193166  yes     14.387633  yes
     001250      14.193240  yes     14.387677  yes
     001251      14.445010  yes     14.488843  yes
     001252      14.445078  yes     14.442548  yes
     001253      14.489575  yes     14.442560  yes
     001254      14.595850  yes     14.612905  yes
     --------------------------------------------------------------------------------------------
 
     --------------------------------------------------------------------------------------------
     Sigma-C
     --------------------------------------------------------------------------------------------
     Integrating along the IM axis...
     --------------------------------------------------------------------------------------------
     in progress... |#                   | 005% :             < 00.1s (E)               01.2s (X)
     in progress... |##                  | 010% :             < 00.1s (E)               00.8s (X)
     in progress... |###                 | 015% :               00.1s (E)               00.9s (X)
     in progress... |####                | 020% :               00.1s (E)               00.8s (X)
     in progress... |#####               | 025% :               00.2s (E)               00.9s (X)
     in progress... |######              | 030% :               00.2s (E)               00.9s (X)
     in progress... |#######             | 035% :               00.3s (E)               00.9s (X)
     in progress... |########            | 040% :               00.3s (E)               00.9s (X)
     in progress... |#########           | 045% :               00.4s (E)               00.9s (X)
     in progress... |##########          | 050% :               00.4s (E)               00.9s (X)
     in progress... |###########         | 055% :               00.5s (E)               00.9s (X)
     in progress... |############        | 060% :               00.5s (E)               00.9s (X)
     in progress... |#############       | 065% :               00.6s (E)               00.9s (X)
     in progress... |##############      | 070% :               00.6s (E)               00.9s (X)
     in progress... |###############     | 075% :               00.6s (E)               00.9s (X)
     in progress... |################    | 080% :               00.7s (E)               00.9s (X)
     in progress... |#################   | 085% :               00.7s (E)               00.9s (X)
     in progress... |##################  | 090% :               00.8s (E)               00.9s (X)
     in progress... |################### | 095% :               00.8s (E)               00.9s (X)
     in progress... |####################| 100% :               00.9s (E)               00.9s (X)
     --------------------------------------------------------------------------------------------
     Residues along the RE axis...
     --------------------------------------------------------------------------------------------
     in progress... |#                   | 005% :             < 00.1s (E)             < 00.1s (X)
     in progress... |##                  | 010% :             < 00.1s (E)             < 00.1s (X)
     in progress... |###                 | 015% :             < 00.1s (E)             < 00.1s (X)
     in progress... |####                | 020% :             < 00.1s (E)             < 00.1s (X)
     in progress... |#####               | 025% :             < 00.1s (E)             < 00.1s (X)
     in progress... |######              | 030% :             < 00.1s (E)             < 00.1s (X)
     in progress... |#######             | 035% :             < 00.1s (E)             < 00.1s (X)
     in progress... |########            | 040% :             < 00.1s (E)             < 00.1s (X)
     in progress... |#########           | 045% :             < 00.1s (E)             < 00.1s (X)
     in progress... |##########          | 050% :             < 00.1s (E)             < 00.1s (X)
     in progress... |###########         | 055% :             < 00.1s (E)             < 00.1s (X)
     in progress... |############        | 060% :             < 00.1s (E)             < 00.1s (X)
     in progress... |#############       | 065% :             < 00.1s (E)             < 00.1s (X)
     in progress... |##############      | 070% :             < 00.1s (E)             < 00.1s (X)
     in progress... |###############     | 075% :             < 00.1s (E)             < 00.1s (X)
     in progress... |################    | 080% :             < 00.1s (E)             < 00.1s (X)
     in progress... |#################   | 085% :             < 00.1s (E)             < 00.1s (X)
     in progress... |##################  | 090% :             < 00.1s (E)             < 00.1s (X)
     in progress... |################### | 095% :             < 00.1s (E)             < 00.1s (X)
     in progress... |####################| 100% :             < 00.1s (E)             < 00.1s (X)
     --------------------------------------------------------------------------------------------
 
     --------------------------------------------------------------------------------------------
     CONVERGENCE ACHIEVED !!!
     --------------------------------------------------------------------------------------------
 
     --------------------------------------------------------------------------------------------
     k(000001) = (   0.0000000   0.0000000   0.0000000) cryst. coord.
     band      QP en. [eV] conv    QP en. [eV] conv
     001240       8.299787  yes      8.739341  yes
     001241       8.888457  yes     11.880767  yes
     001242       8.888528  yes     13.106755  yes
     001243      11.795107  yes     13.106777  yes
     001244      12.920520  yes     13.296532  yes
     001245      13.442696  yes     13.487659  yes
     001246      13.677908  yes     13.783165  yes
     001247      13.677935  yes     14.248591  yes
     001248      13.686839  yes     14.270476  yes
     001249      14.193166  yes     14.387633  yes
     001250      14.193240  yes     14.387677  yes
     001251      14.445010  yes     14.488843  yes
     001252      14.445078  yes     14.442548  yes
     001253      14.489575  yes     14.442560  yes
     001254      14.595850  yes     14.612905  yes
     --------------------------------------------------------------------------------------------
 
     --------------------------------------------------------------------------------------------
     SAVE written in < 00.1s
     In location : ./pdep_4992.wfreq.save
     --------------------------------------------------------------------------------------------
 
     --------------------------------------------------------------------------------------------
     ERI
     --------------------------------------------------------------------------------------------
 
     --------------------------------------------------------------------------------------------
     Braket
     --------------------------------------------------------------------------------------------
     in progress... |#                   | 005% :               02.4s (E)               48.5s (X)
     in progress... |##                  | 010% :               04.7s (E)               47.1s (X)
     in progress... |###                 | 015% :               07.0s (E)               46.8s (X)
     in progress... |####                | 020% :               09.3s (E)               46.6s (X)
     in progress... |#####               | 025% :               11.6s (E)               46.7s (X)
     in progress... |######              | 030% :               14.0s (E)               46.8s (X)
     in progress... |#######             | 035% :               16.3s (E)               46.7s (X)
     in progress... |########            | 040% :               18.6s (E)               46.6s (X)
     in progress... |#########           | 045% :               20.9s (E)               46.5s (X)
     in progress... |##########          | 050% :               23.2s (E)               46.5s (X)
     in progress... |###########         | 055% :               25.6s (E)               46.5s (X)
     in progress... |############        | 060% :               27.8s (E)               46.3s (X)
     in progress... |#############       | 065% :               30.0s (E)               46.2s (X)
     in progress... |##############      | 070% :               32.3s (E)               46.1s (X)
     in progress... |###############     | 075% :               34.5s (E)               46.0s (X)
     in progress... |################    | 080% :               36.8s (E)               46.0s (X)
     in progress... |#################   | 085% :               39.1s (E)               46.0s (X)
     in progress... |##################  | 090% :               41.3s (E)               45.9s (X)
     in progress... |################### | 095% :               43.6s (E)               45.9s (X)
     in progress... |####################| 100% :               45.8s (E)               45.8s (X)
     --------------------------------------------------------------------------------------------
 
     --------------------------------------------------------------------------------------------
     Wp integrals (PDEP)
     --------------------------------------------------------------------------------------------
     in progress... |####################| 100% :               00.9s (E)               00.9s (X)
     --------------------------------------------------------------------------------------------
 
     --------------------------------------------------------------------------------------------
     Pair density
     --------------------------------------------------------------------------------------------
     in progress... |#                   | 005% :             < 00.1s (E)               01.4s (X)
     in progress... |##                  | 010% :               00.1s (E)               01.3s (X)
     in progress... |###                 | 015% :               00.1s (E)               01.2s (X)
     in progress... |#####               | 025% :               00.2s (E)               00.9s (X)
     in progress... |######              | 030% :               00.2s (E)               00.8s (X)
     in progress... |#######             | 035% :               00.2s (E)               00.8s (X)
     in progress... |########            | 040% :               00.3s (E)               00.7s (X)
     in progress... |##########          | 050% :               00.3s (E)               00.6s (X)
     in progress... |###########         | 055% :               00.3s (E)               00.6s (X)
     in progress... |############        | 060% :               00.4s (E)               00.7s (X)
     in progress... |#############       | 065% :               00.4s (E)               00.7s (X)
     in progress... |###############     | 075% :               00.5s (E)               00.7s (X)
     in progress... |################    | 080% :               00.5s (E)               00.7s (X)
     in progress... |#################   | 085% :               00.5s (E)               00.7s (X)
     in progress... |##################  | 090% :               00.6s (E)               00.6s (X)
     in progress... |####################| 100% :               00.6s (E)               00.6s (X)
     --------------------------------------------------------------------------------------------
 
     --------------------------------------------------------------------------------------------
     Pair density
     --------------------------------------------------------------------------------------------
     in progress... |##                  | 010% :             < 00.1s (E)               00.7s (X)
     in progress... |#####               | 025% :               00.1s (E)               00.5s (X)
     in progress... |#######             | 035% :               00.2s (E)               00.6s (X)
     in progress... |##########          | 050% :               00.2s (E)               00.5s (X)
     in progress... |############        | 060% :               00.3s (E)               00.6s (X)
     in progress... |###############     | 075% :               00.4s (E)               00.5s (X)
     in progress... |#################   | 085% :               00.5s (E)               00.5s (X)
     in progress... |####################| 100% :               00.5s (E)               00.5s (X)
     --------------------------------------------------------------------------------------------
 
     --------------------------------------------------------------------------------------------
     SAVE written in 00.1s
     In location : ./pdep_4992.wfreq.save
     --------------------------------------------------------------------------------------------
     --------------------------------------------------------------------------------------------
 
     --------------------------------------------------------------------------------------------
     h1e
     --------------------------------------------------------------------------------------------
 
     --------------------------------------------------------------------------------------------
     (X)-Sigma
     --------------------------------------------------------------------------------------------
     in progress... |#                   | 005% :               01.7s (E)               35.1s (X)
     in progress... |##                  | 010% :               01.7s (E)               17.9s (X)
     in progress... |###                 | 015% :               01.8s (E)               12.4s (X)
     in progress... |####                | 020% :               01.8s (E)               09.4s (X)
     in progress... |#####               | 025% :               01.9s (E)               07.8s (X)
     in progress... |######              | 030% :               02.0s (E)               06.6s (X)
     in progress... |#######             | 035% :               02.0s (E)               05.9s (X)
     in progress... |########            | 040% :               02.1s (E)               05.2s (X)
     in progress... |#########           | 045% :               02.1s (E)               04.8s (X)
     in progress... |##########          | 050% :               02.2s (E)               04.4s (X)
     in progress... |###########         | 055% :               04.2s (E)               07.6s (X)
     in progress... |############        | 060% :               04.2s (E)               07.1s (X)
     in progress... |#############       | 065% :               04.3s (E)               06.6s (X)
     in progress... |##############      | 070% :               04.3s (E)               06.2s (X)
     in progress... |###############     | 075% :               04.4s (E)               05.9s (X)
     in progress... |################    | 080% :               04.4s (E)               05.5s (X)
     in progress... |#################   | 085% :               04.5s (E)               05.3s (X)
     in progress... |##################  | 090% :               04.5s (E)               05.0s (X)
     in progress... |################### | 095% :               04.6s (E)               04.8s (X)
     in progress... |####################| 100% :               04.6s (E)               04.6s (X)
     --------------------------------------------------------------------------------------------
 
     --------------------------------------------------------------------------------------------
     Collecting results from W and G
     --------------------------------------------------------------------------------------------
     in progress... |#                   | 005% :               00.3s (E)               06.7s (X)
     in progress... |##                  | 010% :               00.5s (E)               05.0s (X)
     in progress... |###                 | 015% :               00.8s (E)               05.4s (X)
     in progress... |####                | 020% :               00.9s (E)               04.9s (X)
     in progress... |#####               | 025% :               01.2s (E)               05.1s (X)
     in progress... |######              | 030% :               01.4s (E)               04.8s (X)
     in progress... |#######             | 035% :               01.7s (E)               05.0s (X)
     in progress... |########            | 040% :               01.9s (E)               04.8s (X)
     in progress... |#########           | 045% :               02.2s (E)               05.0s (X)
     in progress... |##########          | 050% :               02.4s (E)               04.8s (X)
     in progress... |###########         | 055% :               02.7s (E)               04.9s (X)
     in progress... |############        | 060% :               02.8s (E)               04.8s (X)
     in progress... |#############       | 065% :               03.2s (E)               04.9s (X)
     in progress... |##############      | 070% :               03.3s (E)               04.8s (X)
     in progress... |###############     | 075% :               03.6s (E)               04.9s (X)
     in progress... |################    | 080% :               03.8s (E)               04.8s (X)
     in progress... |#################   | 085% :               04.1s (E)               04.9s (X)
     in progress... |##################  | 090% :               04.3s (E)               04.8s (X)
     in progress... |################### | 095% :               04.6s (E)               04.8s (X)
     in progress... |####################| 100% :               04.7s (E)               04.7s (X)
     --------------------------------------------------------------------------------------------
 
     --------------------------------------------------------------------------------------------
     Sigma-C
     --------------------------------------------------------------------------------------------
     Integrating along the IM axis...
     --------------------------------------------------------------------------------------------
     in progress... |#                   | 005% :             < 00.1s (E)             < 00.1s (X)
     in progress... |##                  | 010% :             < 00.1s (E)             < 00.1s (X)
     in progress... |###                 | 015% :             < 00.1s (E)             < 00.1s (X)
     in progress... |####                | 020% :             < 00.1s (E)             < 00.1s (X)
     in progress... |#####               | 025% :             < 00.1s (E)             < 00.1s (X)
     in progress... |######              | 030% :             < 00.1s (E)             < 00.1s (X)
     in progress... |#######             | 035% :             < 00.1s (E)             < 00.1s (X)
     in progress... |########            | 040% :             < 00.1s (E)             < 00.1s (X)
     in progress... |#########           | 045% :             < 00.1s (E)             < 00.1s (X)
     in progress... |##########          | 050% :             < 00.1s (E)             < 00.1s (X)
     in progress... |###########         | 055% :             < 00.1s (E)             < 00.1s (X)
     in progress... |############        | 060% :             < 00.1s (E)             < 00.1s (X)
     in progress... |#############       | 065% :             < 00.1s (E)             < 00.1s (X)
     in progress... |##############      | 070% :             < 00.1s (E)             < 00.1s (X)
     in progress... |###############     | 075% :             < 00.1s (E)             < 00.1s (X)
     in progress... |################    | 080% :             < 00.1s (E)             < 00.1s (X)
     in progress... |#################   | 085% :             < 00.1s (E)             < 00.1s (X)
     in progress... |##################  | 090% :             < 00.1s (E)             < 00.1s (X)
     in progress... |################### | 095% :             < 00.1s (E)             < 00.1s (X)
     in progress... |####################| 100% :             < 00.1s (E)             < 00.1s (X)
     --------------------------------------------------------------------------------------------
     Residues along the RE axis...
     --------------------------------------------------------------------------------------------
     in progress... |#                   | 005% :             < 00.1s (E)             < 00.1s (X)
     in progress... |##                  | 010% :             < 00.1s (E)             < 00.1s (X)
     in progress... |###                 | 015% :             < 00.1s (E)             < 00.1s (X)
     in progress... |####                | 020% :             < 00.1s (E)             < 00.1s (X)
     in progress... |#####               | 025% :             < 00.1s (E)             < 00.1s (X)
     in progress... |######              | 030% :             < 00.1s (E)             < 00.1s (X)
     in progress... |#######             | 035% :             < 00.1s (E)             < 00.1s (X)
     in progress... |########            | 040% :             < 00.1s (E)             < 00.1s (X)
     in progress... |#########           | 045% :             < 00.1s (E)             < 00.1s (X)
     in progress... |##########          | 050% :             < 00.1s (E)             < 00.1s (X)
     in progress... |###########         | 055% :             < 00.1s (E)             < 00.1s (X)
     in progress... |############        | 060% :             < 00.1s (E)             < 00.1s (X)
     in progress... |#############       | 065% :             < 00.1s (E)             < 00.1s (X)
     in progress... |##############      | 070% :             < 00.1s (E)             < 00.1s (X)
     in progress... |###############     | 075% :             < 00.1s (E)             < 00.1s (X)
     in progress... |################    | 080% :             < 00.1s (E)             < 00.1s (X)
     in progress... |#################   | 085% :             < 00.1s (E)             < 00.1s (X)
     in progress... |##################  | 090% :             < 00.1s (E)             < 00.1s (X)
     in progress... |################### | 095% :             < 00.1s (E)             < 00.1s (X)
     in progress... |####################| 100% :             < 00.1s (E)             < 00.1s (X)
     --------------------------------------------------------------------------------------------
 
     --------------------------------------------------------------------------------------------
     SAVE written in 00.2s
     In location : ./pdep_4992.wfreq.save
     --------------------------------------------------------------------------------------------
     WFREQ        :      2h 7m CPU      2h15m WALL

     west_readin  :      1.76s CPU      3.95s WALL (       1 calls)
     fetch_input  :      0.14s CPU      0.16s WALL (       2 calls)
     fft          :      0.00s CPU      0.02s WALL (      24 calls)
                                        0.02s GPU  (      24 calls)
     init_vloc    :      0.14s CPU      0.14s WALL (       2 calls)
     init_us_1    :      0.11s CPU      0.11s WALL (       2 calls)
     v_of_rho     :      0.06s CPU      0.09s WALL (       1 calls)
     v_xc         :      0.06s CPU      0.10s WALL (       2 calls)
     v_h          :      0.02s CPU      0.02s WALL (       1 calls)
     do_setup     :      8.57s CPU     13.93s WALL (       1 calls)
     init_pw_ar   :      8.57s CPU     13.93s WALL (       1 calls)
     hinit0       :      0.88s CPU      0.89s WALL (       1 calls)
     davcio       :      0.01s CPU     10.77s WALL (      14 calls)
     exx_grid     :      0.00s CPU      0.00s WALL (       1 calls)
     aceinit0     :      2.68s CPU      4.20s WALL (       1 calls)
     exx_div      :      0.01s CPU      0.01s WALL (       1 calls)
     qdet_db      :      0.31s CPU      0.34s WALL (       3 calls)
     solve_hf     :      5.89s CPU      6.54s WALL (       1 calls)
     sigmavxc     :      1.97s CPU      2.35s WALL (       1 calls)
     fftw         :     15.58s CPU    402.46s WALL ( 1742466 calls)
                                      387.76s GPU  ( 1742466 calls)
     vexxace      :    267.12s CPU    286.86s WALL (    1058 calls)
                                      286.20s GPU  (    1056 calls)
     matcalc      :     10.59s CPU     10.63s WALL (    1058 calls)
                                       10.37s GPU  (    1056 calls)
     calbec       :      1.94s CPU      1.97s WALL (    1994 calls)
     sigmax       :      6.32s CPU      8.82s WALL (       2 calls)
     sqvc_init    :      2.14s CPU      2.15s WALL (      65 calls)
     ffts         :      0.04s CPU      0.99s WALL (    4332 calls)
                                        0.96s GPU  (    4332 calls)
     write_hf     :      0.00s CPU      0.00s WALL (       1 calls)
     sw_restart   :      7.09s CPU     35.71s WALL (       2 calls)
     wlanczos     :   6360.73s CPU   6417.56s WALL (       2 calls)
     pdep_read    :      0.86s CPU      4.58s WALL (    1560 calls)
     chi_invert   :    476.64s CPU    571.95s WALL (       2 calls)
     init_us_2    :      0.02s CPU      0.05s WALL (       4 calls)
     init_us_2:gp :      0.02s CPU      0.05s WALL (       4 calls)
     alphapa      :      0.88s CPU      1.69s WALL (    2484 calls)
                                        1.66s GPU  (    2484 calls)
     commut_Hx_ps :     18.30s CPU     20.06s WALL (     468 calls)
                                       20.04s GPU  (     468 calls)
     alphapc      :     18.63s CPU     37.65s WALL (    3568 calls)
                                       37.53s GPU  (    3568 calls)
     linstern     :     45.90s CPU     46.19s WALL (     156 calls)
                                       46.19s GPU  (     156 calls)
     stern        :     45.85s CPU     46.15s WALL (     156 calls)
                                       46.14s GPU  (     156 calls)
     h_psi        :    379.60s CPU    380.81s WALL (    1056 calls)
                                      380.81s GPU  (    1056 calls)
     h_psi:pot    :     93.61s CPU     94.11s WALL (    1056 calls)
                                       94.11s GPU  (    1056 calls)
     vloc_psi     :     73.28s CPU     73.68s WALL (    1056 calls)
                                       73.67s GPU  (    1056 calls)
     h_psi:calbec :      0.04s CPU      9.56s WALL (    1056 calls)
                                        9.54s GPU  (    1056 calls)
     add_vuspsi   :      1.13s CPU     10.85s WALL (    1056 calls)
                                       10.82s GPU  (    1056 calls)
     alphapv      :      0.16s CPU      0.29s WALL (     156 calls)
                                        0.29s GPU  (     156 calls)
     glanczos     :    493.92s CPU    702.95s WALL (       1 calls)
     write_over   :      0.01s CPU      1.75s WALL (      30 calls)
     lan_H        :    360.43s CPU    361.43s WALL (      30 calls)
                                      361.43s GPU  (      30 calls)
     brak         :    106.56s CPU    127.24s WALL (      30 calls)
                                      127.24s GPU  (      30 calls)
     write_gfreq  :      9.03s CPU    190.10s WALL (      30 calls)
     sg_restart   :      0.02s CPU      0.12s WALL (      30 calls)
     solve_qp     :    214.57s CPU    307.91s WALL (       2 calls)
                                      289.82s GPU  (       1 calls)
     coll_gw      :    199.60s CPU    277.49s WALL (       2 calls)
     read_over    :      1.88s CPU      4.56s WALL (      60 calls)
     read_gfreq   :     11.64s CPU     85.77s WALL (      30 calls)
     read_hf      :      0.06s CPU      0.07s WALL (       2 calls)
     sigmac_i     :      3.61s CPU      3.63s WALL (       5 calls)
     sigmac_r     :      0.01s CPU      0.01s WALL (       5 calls)
     wfreq_db     :      0.01s CPU      0.01s WALL (       1 calls)
     eri_brak     :     44.23s CPU     45.93s WALL (       1 calls)
     Wp           :      0.96s CPU      0.97s WALL (       1 calls)
     eri_vc_s1s1  :      0.62s CPU      0.62s WALL (       1 calls)
     eri_vc_s1s2  :      0.58s CPU      0.58s WALL (       1 calls)
 
     WFREQ        :      2h 7m CPU      2h15m WALL

 
   This run was terminated on:  10:10:20  26May2025            

=------------------------------------------------------------------------------=
   JOB DONE.
=------------------------------------------------------------------------------=
