
     --------------------------------------------------------------------------------------------
     I/O Summary : input_west
     --------------------------------------------------------------------------------------------
     qe_prefix : pwscf
     west_prefix : pdep_4992
     outdir : ./
     --------------------------------------------------------------------------------------------

     --------------------------------------------------------------------------------------------
     I/O Summary : wstat_control
     --------------------------------------------------------------------------------------------
     wstat_calculation : S
     n_pdep_eigen : 4992
     n_pdep_times : 4
     n_pdep_maxiter : 100
     n_dfpt_maxiter : 250
     n_pdep_read_from_file : 0
     n_steps_write_restart : 0
     trev_pdep : 0.001
     trev_pdep_rel : 0.1
     tr2_dfpt : 1e-12
     l_kinetic_only : False
     l_minimize_exx_if_active : False
     n_exx_lowrank : 2800
     l_use_ecutrho : False
     qlist : [1]
     --------------------------------------------------------------------------------------------

     --------------------------------------------------------------------------------------------
     I/O Summary : wfreq_control
     --------------------------------------------------------------------------------------------
     wfreq_calculation : XwGQ
     n_pdep_eigen_to_use : 4992
     qp_bandrange : [1220, 1260]
     qp_bands : [[1220, 1221, 1222, 1223, 1224, 1225, 1226, 1227, 1228, 1229, 1230, 1231, 1232, 1233, 1234, 1235, 1236, 1237, 1238, 1239, 1240, 1241, 1242, 1243, 1244, 1245, 1246, 1247, 1248, 1249, 1250, 1251, 1252, 1253, 1254, 1255, 1256, 1257, 1258, 1259, 1260], [1220, 1221, 1222, 1223, 1224, 1225, 1226, 1227, 1228, 1229, 1230, 1231, 1232, 1233, 1234, 1235, 1236, 1237, 1238, 1239, 1240, 1241, 1242, 1243, 1244, 1245, 1246, 1247, 1248, 1249, 1250, 1251, 1252, 1253, 1254, 1255, 1256, 1257, 1258, 1259, 1260]]
     macropol_calculation : C
     n_lanczos : 30
     n_imfreq : 128
     n_refreq : 300
     ecut_imfreq : 240.0
     ecut_refreq : 2.0
     wfreq_eta : 0.0036749308824745378
     n_secant_maxiter : 21
     trev_secant : 0.0036749308824745378
     l_enable_lanczos : True
     l_qdet_verbose : False
     l_enable_off_diagonal : False
     n_pdep_eigen_off_diagonal : 0
     o_restart_time : 0.0
     ecut_spectralf : [-2.0, 1.0]
     n_spectralf : 204
     --------------------------------------------------------------------------------------------

     Program WFREQ v. 6.0.0 git rev. v6.0.0 starts on 21Feb2025 at  2:51: 5 

     This program is part of the open-source West suite
     for massively parallel calculations of excited states in materials; please cite
         "M. Govoni et al., J. Chem. Theory Comput. 11, 2680 (2015);
          URL https://west-code.org",
     in publications or presentations arising from this work.

     Based on the Quantum ESPRESSO v. 7.3

     I/O is Little Endian
 
     --------------------------------------------------------------------------------------------
     **MPI** Parallelization Status
     --------------------------------------------------------------------------------------------
                   128                  16             1             1             8
     --------------------------------------------------------------------------------------------
                     N         =         I      X      P      X      B      X      Z
                     ^                   ^             ^             ^             ^
                     |                   |             |             |             |
                   #rnk                  |             |             |             |
                                      #image           |             |             |
                                                     #pool           |             |
                                                                   #bgrp           |
                                                                                 #R&G
     --------------------------------------------------------------------------------------------
     #prc =          128
     --------------------------------------------------------------------------------------------

     GPU acceleration enabled

     Reading xml data from directory:

     ./pwscf.save/
     EXX fraction changed:   0.25
     EXX Screening parameter changed:    0.0000000

     IMPORTANT: XC functional enforced from input :
     Exchange-correlation= PBE0
                           (   6   4   8   4   0   0   0)
     EXX-fraction              =        0.25
     Any further DFT definition will be discarded
     Please, verify this is what you really want

 
     Parallelization info
     --------------------
     sticks:   dense  smooth     PW     G-vecs:    dense   smooth      PW
     Min        1248    1248    311               120929   120929   15115
     Max        1249    1249    314               120932   120932   15120
     Sum        9985    9985   2503               967453   967453  120943
 
     Using Slab Decomposition
 
       ** WARNING : EXX use_ace          = T
       ** WARNING : EXX alpha            =       0.250000
       ** WARNING : EXX erfc_scrlen      =       0.000000
       ** WARNING : EXX gau_scrlen       =       0.000000
       ** WARNING : EXX ecutfock         =     240.000000
       ** WARNING : EXX exxdiv_treatment = gb
     EXX: q-point mesh:     1    1    1
     EXX: grid of k+q points same as grid of k-points
     EXX: initializing ACE and reading from file
     ACE potential read for     2800 bands
     ACE potential read for     2800 bands
     Starting ACE correctly read from file
       ** WARNING : EXX-exxdiv           =   -2967.048900
 
     --------------------------------------------------------------------------------------------
     System Overview
     --------------------------------------------------------------------------------------------
     gamma_only           =              T
     ecutwfc [Ry]         =      60.000000
     ecutrho [Ry]         =     240.000000
     omega [au^3]         =   1.540622E+04
     nbnd                 =           1400
     nkstot               =              2
     nspin                =              2
     nelec                =    2482.000000
     nelup                =    1242.000000
     neldw                =    1240.000000
     npol                 =              1
     lsda                 =              T
     noncolin             =              F
     lspinorb             =              F
     --------------------------------------------------------------------------------------------

     3DFFT grid
        s : ( 125, 125, 150)
        p : ( 125, 125, 150)

     Direct Lattice Cell [a.u.]
        a1 = (    24.5557707     0.0000000     0.0000000)
        a2 = (   -12.2778844    21.2659197     0.0000000)
        a3 = (     0.0000000     0.0000000    29.5024772)

     Reciprocal Lattice Cell [a.u.]
        b1 = (     0.2558741     0.1477290    -0.0000000)
        b2 = (     0.0000000     0.2954580     0.0000000)
        b3 = (     0.0000000    -0.0000000     0.2129714)
 

     Brillouin Zone sampling [cryst. coord.]
 
        k(000001) = (     0.0000000     0.0000000     0.0000000)
 
     --------------------------------------------------------------------------------------------
     Parallelization for npdep
     --------------------------------------------------------------------------------------------
     nglob                =           4992
     nlevel               =             16
     Min nglob/nlevel     =            312
     Max nglob/nlevel     =            312
     --------------------------------------------------------------------------------------------
 
     --------------------------------------------------------------------------------------------
     Parallelization for npdep+macro
     --------------------------------------------------------------------------------------------
     nglob                =           4995
     nlevel               =             16
     Min nglob/nlevel     =            312
     Max nglob/nlevel     =            313
     --------------------------------------------------------------------------------------------
 
     --------------------------------------------------------------------------------------------
     Parallelization for n_imfreq
     --------------------------------------------------------------------------------------------
     nglob                =            128
     nlevel               =              8
     Min nglob/nlevel     =             16
     Max nglob/nlevel     =             16
     --------------------------------------------------------------------------------------------
 
     --------------------------------------------------------------------------------------------
     Parallelization for n_refreq
     --------------------------------------------------------------------------------------------
     nglob                =            300
     nlevel               =              8
     Min nglob/nlevel     =             37
     Max nglob/nlevel     =             38
     --------------------------------------------------------------------------------------------
 
     --------------------------------------------------------------------------------------------
     Parallelization for nbnd
     --------------------------------------------------------------------------------------------
     nglob                =           1400
     nlevel               =             16
     Min nglob/nlevel     =             87
     Max nglob/nlevel     =             88
     --------------------------------------------------------------------------------------------

     [MEM] ----------------------------------------------------------
     [MEM] **Memory** analysis: QE
     [MEM] ----------------------------------------------------------
     [MEM] Allocated arrays           est. size (Mb)     dimensions
     [MEM] ----------------------------------------------------------
     [MEM] Kohn-Sham Wavefunctions     161.48 Mb     (   7559, 1400)
     [MEM] NL pseudopotentials         286.97 Mb     (   7559, 2488)
     [MEM] Each V/rho on FFT grid        4.53 Mb     ( 296875)
     [MEM] Each G-vector array           0.46 Mb     (  60466)
     [MEM] G-vector shells               0.23 Mb     (  30545)
     [MEM] ----------------------------------------------------------
     [MEM] Total estimate              453.67 Mb
     [MEM] ----------------------------------------------------------
     [MEM]
     [MEM] ----------------------------------------------------------
     [MEM] **Memory** analysis: WFREQ temporary
     [MEM] ----------------------------------------------------------
     [MEM] Allocated arrays           est. size (Mb)     dimensions
     [MEM] ----------------------------------------------------------
     [MEM] dvpsi                        35.99 Mb     (   7559,  312)
     [MEM] pertg_all                    35.99 Mb     (   7559,  312)
     [MEM] Hr commutator workspace     573.94 Mb     (   7559, 4976)
     [MEM] Lanczos workspace          1079.59 Mb     (   7559, 9360)
     [MEM] ----------------------------------------------------------
     [MEM] Total estimate             1725.50 Mb
     [MEM] ----------------------------------------------------------
 
 
     --------------------------------------------------------------------------------------------
     Hartree-Fock Exact E(X)change
     --------------------------------------------------------------------------------------------
 
     --------------------------------------------------------------------------------------------
     Vxc
     --------------------------------------------------------------------------------------------
     in progress... |##########          | 050% :               00.2s (E)               00.5s (X)
     in progress... |####################| 100% :               00.5s (E)               00.5s (X)
     --------------------------------------------------------------------------------------------
 
     --------------------------------------------------------------------------------------------
     (X)-Sigma
     --------------------------------------------------------------------------------------------
     in progress... |#                   | 005% :               00.3s (E)               07.4s (X)
     in progress... |##                  | 010% :               00.5s (E)               05.6s (X)
     in progress... |###                 | 015% :               00.7s (E)               05.0s (X)
     in progress... |####                | 020% :               00.9s (E)               04.7s (X)
     in progress... |#####               | 025% :               01.1s (E)               04.5s (X)
     in progress... |######              | 030% :               01.3s (E)               04.4s (X)
     in progress... |#######             | 035% :               01.5s (E)               04.3s (X)
     in progress... |########            | 040% :               01.7s (E)               04.3s (X)
     in progress... |#########           | 045% :               01.9s (E)               04.2s (X)
     in progress... |##########          | 050% :               02.1s (E)               04.2s (X)
     in progress... |###########         | 055% :               02.4s (E)               04.5s (X)
     in progress... |############        | 060% :               02.6s (E)               04.4s (X)
     in progress... |#############       | 065% :               02.8s (E)               04.4s (X)
     in progress... |##############      | 070% :               03.0s (E)               04.3s (X)
     in progress... |###############     | 075% :               03.2s (E)               04.3s (X)
     in progress... |################    | 080% :               03.4s (E)               04.3s (X)
     in progress... |#################   | 085% :               03.6s (E)               04.2s (X)
     in progress... |##################  | 090% :               03.8s (E)               04.2s (X)
     in progress... |################### | 095% :               04.0s (E)               04.2s (X)
     in progress... |####################| 100% :               04.2s (E)               04.2s (X)
     --------------------------------------------------------------------------------------------
 
     --------------------------------------------------------------------------------------------
     (W)-Lanczos
     --------------------------------------------------------------------------------------------

     [I/O] -------------------------------------------------------
     [I/O] RESTART read in 17.5s
     [I/O] In location : ./pdep_4992.wfreq.restart
     [I/O] -------------------------------------------------------
     in progress... |#                   | 005% :           34m-52.5s (E)       11h-37m-31.5s (X)
     in progress... |##                  | 010% :       01h-00m-34.6s (E)       10h-05m-46.7s (X)
     in progress... |###                 | 015% :       01h-26m-00.7s (E)       09h-33m-25.2s (X)
     in progress... |####                | 020% :       01h-51m-55.6s (E)       09h-19m-38.1s (X)
     in progress... |#####               | 025% :       02h-17m-28.9s (E)       09h-09m-55.6s (X)
     in progress... |######              | 030% :       02h-43m-00.2s (E)       09h-03m-20.7s (X)
     in progress... |#######             | 035% :       03h-08m-59.4s (E)       08h-59m-58.4s (X)
     in progress... |########            | 040% :       03h-34m-30.3s (E)       08h-56m-15.8s (X)
     in progress... |#########           | 045% :       04h-00m-01.7s (E)       08h-53m-23.8s (X)
     in progress... |##########          | 050% :       04h-25m-23.9s (E)       08h-50m-47.9s (X)
     in progress... |###########         | 055% :       04h-51m-21.8s (E)       08h-49m-45.2s (X)
     in progress... |############        | 060% :       05h-16m-56.7s (E)       08h-48m-14.5s (X)
     in progress... |#############       | 065% :       05h-42m-19.1s (E)       08h-46m-38.6s (X)
     in progress... |##############      | 070% :       06h-08m-04.3s (E)       08h-45m-49.0s (X)
     in progress... |###############     | 075% :       06h-33m-41.1s (E)       08h-44m-54.8s (X)
     in progress... |################    | 080% :       06h-59m-13.0s (E)       08h-44m-01.2s (X)
     in progress... |#################   | 085% :       07h-25m-11.3s (E)       08h-43m-45.0s (X)
     in progress... |##################  | 090% :       07h-50m-58.3s (E)       08h-43m-18.1s (X)
     in progress... |################### | 095% :       08h-16m-39.9s (E)       08h-42m-48.3s (X)
     in progress... |####################| 100% :       08h-42m-07.3s (E)       08h-42m-07.3s (X)
     --------------------------------------------------------------------------------------------
 
     --------------------------------------------------------------------------------------------
     (G)-Lanczos
     --------------------------------------------------------------------------------------------
     in progress... |#                   | 005% :               58.0s (E)           19m-21.7s (X)
     in progress... |##                  | 010% :           01m-43.7s (E)           17m-17.8s (X)
     in progress... |###                 | 015% :           02m-29.3s (E)           16m-35.8s (X)
     in progress... |####                | 020% :           03m-15.1s (E)           16m-15.5s (X)
     in progress... |#####               | 025% :           04m-00.9s (E)           16m-03.7s (X)
     in progress... |######              | 030% :           04m-46.8s (E)           15m-56.1s (X)
     in progress... |#######             | 035% :           05m-32.9s (E)           15m-51.2s (X)
     in progress... |########            | 040% :           06m-18.8s (E)           15m-47.1s (X)
     in progress... |#########           | 045% :           07m-05.0s (E)           15m-44.5s (X)
     in progress... |##########          | 050% :           07m-51.0s (E)           15m-42.0s (X)
     in progress... |###########         | 055% :           08m-48.9s (E)           16m-01.6s (X)
     in progress... |############        | 060% :           09m-35.0s (E)           15m-58.4s (X)
     in progress... |#############       | 065% :           10m-21.0s (E)           15m-55.3s (X)
     in progress... |##############      | 070% :           11m-06.9s (E)           15m-52.8s (X)
     in progress... |###############     | 075% :           11m-52.8s (E)           15m-50.4s (X)
     in progress... |################    | 080% :           12m-38.7s (E)           15m-48.4s (X)
     in progress... |#################   | 085% :           13m-24.4s (E)           15m-46.4s (X)
     in progress... |##################  | 090% :           14m-10.5s (E)           15m-45.0s (X)
     in progress... |################### | 095% :           14m-56.1s (E)           15m-43.2s (X)
     in progress... |####################| 100% :           15m-42.0s (E)           15m-42.0s (X)
     --------------------------------------------------------------------------------------------
 
     --------------------------------------------------------------------------------------------
     Collecting results from W and G
     --------------------------------------------------------------------------------------------
     in progress... |#                   | 005% :               20.1s (E)           06m-42.2s (X)
     in progress... |##                  | 010% :               35.9s (E)           05m-59.2s (X)
     in progress... |###                 | 015% :               51.9s (E)           05m-46.1s (X)
     in progress... |####                | 020% :           01m-08.0s (E)           05m-40.2s (X)
     in progress... |#####               | 025% :           01m-24.0s (E)           05m-36.2s (X)
     in progress... |######              | 030% :           01m-39.9s (E)           05m-33.2s (X)
     in progress... |#######             | 035% :           01m-56.1s (E)           05m-31.7s (X)
     in progress... |########            | 040% :           02m-12.2s (E)           05m-30.5s (X)
     in progress... |#########           | 045% :           02m-28.3s (E)           05m-29.6s (X)
     in progress... |##########          | 050% :           02m-44.3s (E)           05m-28.6s (X)
     in progress... |###########         | 055% :           03m-04.4s (E)           05m-35.4s (X)
     in progress... |############        | 060% :           03m-20.6s (E)           05m-34.3s (X)
     in progress... |#############       | 065% :           03m-36.7s (E)           05m-33.4s (X)
     in progress... |##############      | 070% :           03m-52.9s (E)           05m-32.8s (X)
     in progress... |###############     | 075% :           04m-09.1s (E)           05m-32.2s (X)
     in progress... |################    | 080% :           04m-25.3s (E)           05m-31.7s (X)
     in progress... |#################   | 085% :           04m-41.4s (E)           05m-31.1s (X)
     in progress... |##################  | 090% :           04m-57.7s (E)           05m-30.7s (X)
     in progress... |################### | 095% :           05m-14.0s (E)           05m-30.5s (X)
     in progress... |####################| 100% :           05m-30.3s (E)           05m-30.3s (X)
     --------------------------------------------------------------------------------------------
 
     --------------------------------------------------------------------------------------------
     (Q)uasiparticle energies
     --------------------------------------------------------------------------------------------
 
     --------------------------------------------------------------------------------------------
     Sigma-C
     --------------------------------------------------------------------------------------------
     Integrating along the IM axis...
     --------------------------------------------------------------------------------------------
     in progress... |#                   | 005% :             < 00.1s (E)               00.6s (X)
     in progress... |##                  | 010% :             < 00.1s (E)               00.5s (X)
     in progress... |###                 | 015% :             < 00.1s (E)               00.4s (X)
     in progress... |####                | 020% :             < 00.1s (E)               00.4s (X)
     in progress... |#####               | 025% :             < 00.1s (E)               00.3s (X)
     in progress... |######              | 030% :               00.1s (E)               00.3s (X)
     in progress... |#######             | 035% :               00.1s (E)               00.3s (X)
     in progress... |########            | 040% :               00.1s (E)               00.3s (X)
     in progress... |#########           | 045% :               00.1s (E)               00.3s (X)
     in progress... |##########          | 050% :               00.1s (E)               00.3s (X)
     in progress... |###########         | 055% :               00.1s (E)               00.3s (X)
     in progress... |############        | 060% :               00.2s (E)               00.3s (X)
     in progress... |#############       | 065% :               00.2s (E)               00.3s (X)
     in progress... |##############      | 070% :               00.2s (E)               00.3s (X)
     in progress... |###############     | 075% :               00.2s (E)               00.3s (X)
     in progress... |################    | 080% :               00.2s (E)               00.3s (X)
     in progress... |#################   | 085% :               00.3s (E)               00.3s (X)
     in progress... |##################  | 090% :               00.3s (E)               00.3s (X)
     in progress... |################### | 095% :               00.3s (E)               00.3s (X)
     in progress... |####################| 100% :               00.3s (E)               00.3s (X)
     --------------------------------------------------------------------------------------------
     Residues along the RE axis...
     --------------------------------------------------------------------------------------------
     in progress... |#                   | 005% :             < 00.1s (E)             < 00.1s (X)
     in progress... |##                  | 010% :             < 00.1s (E)             < 00.1s (X)
     in progress... |###                 | 015% :             < 00.1s (E)             < 00.1s (X)
     in progress... |####                | 020% :             < 00.1s (E)             < 00.1s (X)
     in progress... |#####               | 025% :             < 00.1s (E)             < 00.1s (X)
     in progress... |######              | 030% :             < 00.1s (E)             < 00.1s (X)
     in progress... |#######             | 035% :             < 00.1s (E)             < 00.1s (X)
     in progress... |########            | 040% :             < 00.1s (E)             < 00.1s (X)
     in progress... |#########           | 045% :             < 00.1s (E)             < 00.1s (X)
     in progress... |##########          | 050% :             < 00.1s (E)             < 00.1s (X)
     in progress... |###########         | 055% :             < 00.1s (E)             < 00.1s (X)
     in progress... |############        | 060% :             < 00.1s (E)             < 00.1s (X)
     in progress... |#############       | 065% :             < 00.1s (E)             < 00.1s (X)
     in progress... |##############      | 070% :             < 00.1s (E)             < 00.1s (X)
     in progress... |###############     | 075% :             < 00.1s (E)             < 00.1s (X)
     in progress... |################    | 080% :             < 00.1s (E)             < 00.1s (X)
     in progress... |#################   | 085% :             < 00.1s (E)             < 00.1s (X)
     in progress... |##################  | 090% :             < 00.1s (E)             < 00.1s (X)
     in progress... |################### | 095% :             < 00.1s (E)             < 00.1s (X)
     in progress... |####################| 100% :             < 00.1s (E)             < 00.1s (X)
     --------------------------------------------------------------------------------------------
 
     --------------------------------------------------------------------------------------------
     Sigma-C
     --------------------------------------------------------------------------------------------
     Integrating along the IM axis...
     --------------------------------------------------------------------------------------------
     in progress... |#                   | 005% :             < 00.1s (E)               00.4s (X)
     in progress... |##                  | 010% :             < 00.1s (E)               00.3s (X)
     in progress... |###                 | 015% :             < 00.1s (E)               00.3s (X)
     in progress... |####                | 020% :             < 00.1s (E)               00.3s (X)
     in progress... |#####               | 025% :             < 00.1s (E)               00.3s (X)
     in progress... |######              | 030% :               00.1s (E)               00.3s (X)
     in progress... |#######             | 035% :               00.1s (E)               00.3s (X)
     in progress... |########            | 040% :               00.1s (E)               00.3s (X)
     in progress... |#########           | 045% :               00.1s (E)               00.3s (X)
     in progress... |##########          | 050% :               00.1s (E)               00.3s (X)
     in progress... |###########         | 055% :               00.1s (E)               00.3s (X)
     in progress... |############        | 060% :               00.2s (E)               00.3s (X)
     in progress... |#############       | 065% :               00.2s (E)               00.3s (X)
     in progress... |##############      | 070% :               00.2s (E)               00.3s (X)
     in progress... |###############     | 075% :               00.2s (E)               00.3s (X)
     in progress... |################    | 080% :               00.2s (E)               00.3s (X)
     in progress... |#################   | 085% :               00.2s (E)               00.3s (X)
     in progress... |##################  | 090% :               00.2s (E)               00.3s (X)
     in progress... |################### | 095% :               00.3s (E)               00.3s (X)
     in progress... |####################| 100% :               00.3s (E)               00.3s (X)
     --------------------------------------------------------------------------------------------
     Residues along the RE axis...
     --------------------------------------------------------------------------------------------
     in progress... |#                   | 005% :             < 00.1s (E)             < 00.1s (X)
     in progress... |##                  | 010% :             < 00.1s (E)             < 00.1s (X)
     in progress... |###                 | 015% :             < 00.1s (E)             < 00.1s (X)
     in progress... |####                | 020% :             < 00.1s (E)             < 00.1s (X)
     in progress... |#####               | 025% :             < 00.1s (E)             < 00.1s (X)
     in progress... |######              | 030% :             < 00.1s (E)             < 00.1s (X)
     in progress... |#######             | 035% :             < 00.1s (E)             < 00.1s (X)
     in progress... |########            | 040% :             < 00.1s (E)             < 00.1s (X)
     in progress... |#########           | 045% :             < 00.1s (E)             < 00.1s (X)
     in progress... |##########          | 050% :             < 00.1s (E)             < 00.1s (X)
     in progress... |###########         | 055% :             < 00.1s (E)             < 00.1s (X)
     in progress... |############        | 060% :             < 00.1s (E)             < 00.1s (X)
     in progress... |#############       | 065% :             < 00.1s (E)             < 00.1s (X)
     in progress... |##############      | 070% :             < 00.1s (E)             < 00.1s (X)
     in progress... |###############     | 075% :             < 00.1s (E)             < 00.1s (X)
     in progress... |################    | 080% :             < 00.1s (E)             < 00.1s (X)
     in progress... |#################   | 085% :             < 00.1s (E)             < 00.1s (X)
     in progress... |##################  | 090% :             < 00.1s (E)             < 00.1s (X)
     in progress... |################### | 095% :             < 00.1s (E)             < 00.1s (X)
     in progress... |####################| 100% :             < 00.1s (E)             < 00.1s (X)
     --------------------------------------------------------------------------------------------
 
     --------------------------------------------------------------------------------------------
     Iter: 000000
     k(000001) = (   0.0000000   0.0000000   0.0000000) cryst. coord.
     band      QP en. [eV] conv    QP en. [eV] conv
     001220       7.409053   no      7.409274   no
     001221       7.409067   no      7.409287   no
     001222       7.451191   no      7.453571   no
     001223       7.451292   no      7.453673   no
     001224       7.519391   no      7.519649   no
     001225       7.519478   no      7.519738   no
     001226       7.546659   no      7.546891   no
     001227       7.575743   no      7.576081   no
     001228       7.575765   no      7.576105   no
     001229       7.618400   no      7.618084   no
     001230       7.632516   no      7.632934   no
     001231       7.632544   no      7.632958   no
     001232       7.641900   no      7.642156   no
     001233       7.776036   no      7.778727   no
     001234       7.776018   no      7.778708   no
     001235       7.863420   no      7.863827   no
     001236       7.863424   no      7.863832   no
     001237       7.944310   no      7.949681   no
     001238       8.107057   no      8.107695   no
     001239       8.107066   no      8.107703   no
     001240       8.296818   no      8.736920   no
     001241       8.886577   no     11.880214   no
     001242       8.886648   no     13.105694   no
     001243      11.794482   no     13.105716   no
     001244      12.920126   no     13.296224   no
     001245      13.442092   no     13.487449   no
     001246      13.676867   no     13.782634   no
     001247      13.676895   no     14.247966   no
     001248      13.686366   no     14.248044   no
     001249      14.192688   no     14.386988   no
     001250      14.192763   no     14.387033   no
     001251      14.444896   no     14.488451   no
     001252      14.444964   no     14.441511   no
     001253      14.489031   no     14.441523   no
     001254      14.591426   no     14.604212   no
     001255      14.984513   no     15.056841   no
     001256      15.065862   no     15.126269   no
     001257      15.065947   no     15.126358   no
     001258      15.202862   no     15.211093   no
     001259      15.202943   no     15.211154   no
     001260      15.262072   no     15.277628   no
     --------------------------------------------------------------------------------------------
 
     --------------------------------------------------------------------------------------------
     Sigma-C
     --------------------------------------------------------------------------------------------
     Integrating along the IM axis...
     --------------------------------------------------------------------------------------------
     in progress... |#                   | 005% :             < 00.1s (E)               00.3s (X)
     in progress... |##                  | 010% :             < 00.1s (E)               00.3s (X)
     in progress... |###                 | 015% :             < 00.1s (E)               00.3s (X)
     in progress... |####                | 020% :             < 00.1s (E)               00.3s (X)
     in progress... |#####               | 025% :             < 00.1s (E)               00.3s (X)
     in progress... |######              | 030% :               00.1s (E)               00.3s (X)
     in progress... |#######             | 035% :               00.1s (E)               00.3s (X)
     in progress... |########            | 040% :               00.1s (E)               00.3s (X)
     in progress... |#########           | 045% :               00.1s (E)               00.3s (X)
     in progress... |##########          | 050% :               00.1s (E)               00.3s (X)
     in progress... |###########         | 055% :               00.2s (E)               00.3s (X)
     in progress... |############        | 060% :               00.2s (E)               00.3s (X)
     in progress... |#############       | 065% :               00.2s (E)               00.3s (X)
     in progress... |##############      | 070% :               00.2s (E)               00.3s (X)
     in progress... |###############     | 075% :               00.2s (E)               00.3s (X)
     in progress... |################    | 080% :               00.2s (E)               00.3s (X)
     in progress... |#################   | 085% :               00.2s (E)               00.3s (X)
     in progress... |##################  | 090% :               00.3s (E)               00.3s (X)
     in progress... |################### | 095% :               00.3s (E)               00.3s (X)
     in progress... |####################| 100% :               00.3s (E)               00.3s (X)
     --------------------------------------------------------------------------------------------
     Residues along the RE axis...
     --------------------------------------------------------------------------------------------
     in progress... |#                   | 005% :             < 00.1s (E)             < 00.1s (X)
     in progress... |##                  | 010% :             < 00.1s (E)             < 00.1s (X)
     in progress... |###                 | 015% :             < 00.1s (E)             < 00.1s (X)
     in progress... |####                | 020% :             < 00.1s (E)             < 00.1s (X)
     in progress... |#####               | 025% :             < 00.1s (E)             < 00.1s (X)
     in progress... |######              | 030% :             < 00.1s (E)             < 00.1s (X)
     in progress... |#######             | 035% :             < 00.1s (E)             < 00.1s (X)
     in progress... |########            | 040% :             < 00.1s (E)             < 00.1s (X)
     in progress... |#########           | 045% :             < 00.1s (E)             < 00.1s (X)
     in progress... |##########          | 050% :             < 00.1s (E)             < 00.1s (X)
     in progress... |###########         | 055% :             < 00.1s (E)             < 00.1s (X)
     in progress... |############        | 060% :             < 00.1s (E)             < 00.1s (X)
     in progress... |#############       | 065% :             < 00.1s (E)             < 00.1s (X)
     in progress... |##############      | 070% :             < 00.1s (E)             < 00.1s (X)
     in progress... |###############     | 075% :             < 00.1s (E)             < 00.1s (X)
     in progress... |################    | 080% :             < 00.1s (E)             < 00.1s (X)
     in progress... |#################   | 085% :             < 00.1s (E)             < 00.1s (X)
     in progress... |##################  | 090% :             < 00.1s (E)             < 00.1s (X)
     in progress... |################### | 095% :             < 00.1s (E)             < 00.1s (X)
     in progress... |####################| 100% :             < 00.1s (E)             < 00.1s (X)
     --------------------------------------------------------------------------------------------
 
     --------------------------------------------------------------------------------------------
     Iter: 000001
     k(000001) = (   0.0000000   0.0000000   0.0000000) cryst. coord.
     band      QP en. [eV] conv    QP en. [eV] conv
     001220       7.411540  yes      7.411758  yes
     001221       7.411554  yes      7.411772  yes
     001222       7.453604  yes      7.455973  yes
     001223       7.453707  yes      7.456074  yes
     001224       7.521872  yes      7.522115  yes
     001225       7.521960  yes      7.522205  yes
     001226       7.549089  yes      7.549241  yes
     001227       7.578181  yes      7.578493  yes
     001228       7.578203  yes      7.578518  yes
     001229       7.620565  yes      7.620420  yes
     001230       7.634875  yes      7.635311  yes
     001231       7.634903  yes      7.635336  yes
     001232       7.644244  yes      7.644500  yes
     001233       7.778310  yes      7.781007  yes
     001234       7.778292  yes      7.780987  yes
     001235       7.693512   no      7.866079  yes
     001236       7.721064   no      7.866084  yes
     001237       7.946779  yes      7.951959  yes
     001238       8.109282  yes      8.109913  yes
     001239       8.109291  yes      8.109922  yes
     001240       8.298941  yes      8.738681  yes
     001241       8.887146  yes     11.880238  yes
     001242       8.887216  yes     13.105884  yes
     001243      11.794509  yes     13.105906  yes
     001244      12.919467  yes     13.295773  yes
     001245      13.442042  yes     13.486957  yes
     001246      13.676645  yes     13.782258  yes
     001247      13.676673  yes     14.247808  yes
     001248      13.686118  yes     14.247886  yes
     001249      14.192363  yes     14.386764  yes
     001250      14.192438  yes     14.386808  yes
     001251      14.444306  yes     14.488146  yes
     001252      14.444374  yes     14.441573  yes
     001253      14.488878  yes     14.441585  yes
     001254      14.595157  yes     14.612210  yes
     001255      14.990301  yes     15.062846  yes
     001256      15.065188  yes     15.125415  yes
     001257      15.065274  yes     15.125504  yes
     001258      15.202333  yes     15.210253  yes
     001259      15.202413  yes     15.210315  yes
     001260      15.261186  yes     15.277344  yes
     --------------------------------------------------------------------------------------------
 
     --------------------------------------------------------------------------------------------
     Sigma-C
     --------------------------------------------------------------------------------------------
     Integrating along the IM axis...
     --------------------------------------------------------------------------------------------
     in progress... |#                   | 005% :             < 00.1s (E)               00.4s (X)
     in progress... |##                  | 010% :             < 00.1s (E)               00.4s (X)
     in progress... |###                 | 015% :             < 00.1s (E)               00.3s (X)
     in progress... |####                | 020% :             < 00.1s (E)               00.4s (X)
     in progress... |#####               | 025% :             < 00.1s (E)               00.3s (X)
     in progress... |######              | 030% :               00.1s (E)               00.3s (X)
     in progress... |#######             | 035% :               00.1s (E)               00.3s (X)
     in progress... |########            | 040% :               00.1s (E)               00.3s (X)
     in progress... |#########           | 045% :               00.1s (E)               00.3s (X)
     in progress... |##########          | 050% :               00.1s (E)               00.3s (X)
     in progress... |###########         | 055% :               00.2s (E)               00.3s (X)
     in progress... |############        | 060% :               00.2s (E)               00.3s (X)
     in progress... |#############       | 065% :               00.2s (E)               00.3s (X)
     in progress... |##############      | 070% :               00.2s (E)               00.3s (X)
     in progress... |###############     | 075% :               00.2s (E)               00.3s (X)
     in progress... |################    | 080% :               00.2s (E)               00.3s (X)
     in progress... |#################   | 085% :               00.2s (E)               00.3s (X)
     in progress... |##################  | 090% :               00.3s (E)               00.3s (X)
     in progress... |################### | 095% :               00.3s (E)               00.3s (X)
     in progress... |####################| 100% :               00.3s (E)               00.3s (X)
     --------------------------------------------------------------------------------------------
     Residues along the RE axis...
     --------------------------------------------------------------------------------------------
     in progress... |#                   | 005% :             < 00.1s (E)             < 00.1s (X)
     in progress... |##                  | 010% :             < 00.1s (E)             < 00.1s (X)
     in progress... |###                 | 015% :             < 00.1s (E)             < 00.1s (X)
     in progress... |####                | 020% :             < 00.1s (E)             < 00.1s (X)
     in progress... |#####               | 025% :             < 00.1s (E)             < 00.1s (X)
     in progress... |######              | 030% :             < 00.1s (E)             < 00.1s (X)
     in progress... |#######             | 035% :             < 00.1s (E)             < 00.1s (X)
     in progress... |########            | 040% :             < 00.1s (E)             < 00.1s (X)
     in progress... |#########           | 045% :             < 00.1s (E)             < 00.1s (X)
     in progress... |##########          | 050% :             < 00.1s (E)             < 00.1s (X)
     in progress... |###########         | 055% :             < 00.1s (E)             < 00.1s (X)
     in progress... |############        | 060% :             < 00.1s (E)             < 00.1s (X)
     in progress... |#############       | 065% :             < 00.1s (E)             < 00.1s (X)
     in progress... |##############      | 070% :             < 00.1s (E)             < 00.1s (X)
     in progress... |###############     | 075% :             < 00.1s (E)             < 00.1s (X)
     in progress... |################    | 080% :             < 00.1s (E)             < 00.1s (X)
     in progress... |#################   | 085% :             < 00.1s (E)             < 00.1s (X)
     in progress... |##################  | 090% :             < 00.1s (E)             < 00.1s (X)
     in progress... |################### | 095% :             < 00.1s (E)             < 00.1s (X)
     in progress... |####################| 100% :             < 00.1s (E)             < 00.1s (X)
     --------------------------------------------------------------------------------------------
 
     --------------------------------------------------------------------------------------------
     Iter: 000002
     k(000001) = (   0.0000000   0.0000000   0.0000000) cryst. coord.
     band      QP en. [eV] conv    QP en. [eV] conv
     001220       7.411540  yes      7.411758  yes
     001221       7.411554  yes      7.411772  yes
     001222       7.453604  yes      7.455973  yes
     001223       7.453707  yes      7.456074  yes
     001224       7.521872  yes      7.522115  yes
     001225       7.521960  yes      7.522205  yes
     001226       7.549089  yes      7.549241  yes
     001227       7.578181  yes      7.578493  yes
     001228       7.578203  yes      7.578518  yes
     001229       7.620565  yes      7.620420  yes
     001230       7.634875  yes      7.635311  yes
     001231       7.634903  yes      7.635336  yes
     001232       7.644244  yes      7.644500  yes
     001233       7.778310  yes      7.781007  yes
     001234       7.778292  yes      7.780987  yes
     001235       7.793146   no      7.866079  yes
     001236       7.802884   no      7.866084  yes
     001237       7.946779  yes      7.951959  yes
     001238       8.109282  yes      8.109913  yes
     001239       8.109291  yes      8.109922  yes
     001240       8.298941  yes      8.738681  yes
     001241       8.887146  yes     11.880238  yes
     001242       8.887216  yes     13.105884  yes
     001243      11.794509  yes     13.105906  yes
     001244      12.919467  yes     13.295773  yes
     001245      13.442042  yes     13.486957  yes
     001246      13.676645  yes     13.782258  yes
     001247      13.676673  yes     14.247808  yes
     001248      13.686118  yes     14.247886  yes
     001249      14.192363  yes     14.386764  yes
     001250      14.192438  yes     14.386808  yes
     001251      14.444306  yes     14.488146  yes
     001252      14.444374  yes     14.441573  yes
     001253      14.488878  yes     14.441585  yes
     001254      14.595157  yes     14.612210  yes
     001255      14.990301  yes     15.062846  yes
     001256      15.065188  yes     15.125415  yes
     001257      15.065274  yes     15.125504  yes
     001258      15.202333  yes     15.210253  yes
     001259      15.202413  yes     15.210315  yes
     001260      15.261186  yes     15.277344  yes
     --------------------------------------------------------------------------------------------
 
     --------------------------------------------------------------------------------------------
     Sigma-C
     --------------------------------------------------------------------------------------------
     Integrating along the IM axis...
     --------------------------------------------------------------------------------------------
     in progress... |#                   | 005% :             < 00.1s (E)               00.3s (X)
     in progress... |##                  | 010% :             < 00.1s (E)               00.4s (X)
     in progress... |###                 | 015% :             < 00.1s (E)               00.3s (X)
     in progress... |####                | 020% :             < 00.1s (E)               00.3s (X)
     in progress... |#####               | 025% :             < 00.1s (E)               00.3s (X)
     in progress... |######              | 030% :               00.1s (E)               00.3s (X)
     in progress... |#######             | 035% :               00.1s (E)               00.3s (X)
     in progress... |########            | 040% :               00.1s (E)               00.3s (X)
     in progress... |#########           | 045% :               00.1s (E)               00.3s (X)
     in progress... |##########          | 050% :               00.1s (E)               00.3s (X)
     in progress... |###########         | 055% :               00.1s (E)               00.3s (X)
     in progress... |############        | 060% :               00.2s (E)               00.3s (X)
     in progress... |#############       | 065% :               00.2s (E)               00.3s (X)
     in progress... |##############      | 070% :               00.2s (E)               00.3s (X)
     in progress... |###############     | 075% :               00.2s (E)               00.3s (X)
     in progress... |################    | 080% :               00.2s (E)               00.3s (X)
     in progress... |#################   | 085% :               00.2s (E)               00.3s (X)
     in progress... |##################  | 090% :               00.3s (E)               00.3s (X)
     in progress... |################### | 095% :               00.3s (E)               00.3s (X)
     in progress... |####################| 100% :               00.3s (E)               00.3s (X)
     --------------------------------------------------------------------------------------------
     Residues along the RE axis...
     --------------------------------------------------------------------------------------------
     in progress... |#                   | 005% :             < 00.1s (E)             < 00.1s (X)
     in progress... |##                  | 010% :             < 00.1s (E)             < 00.1s (X)
     in progress... |###                 | 015% :             < 00.1s (E)             < 00.1s (X)
     in progress... |####                | 020% :             < 00.1s (E)             < 00.1s (X)
     in progress... |#####               | 025% :             < 00.1s (E)             < 00.1s (X)
     in progress... |######              | 030% :             < 00.1s (E)             < 00.1s (X)
     in progress... |#######             | 035% :             < 00.1s (E)             < 00.1s (X)
     in progress... |########            | 040% :             < 00.1s (E)             < 00.1s (X)
     in progress... |#########           | 045% :             < 00.1s (E)             < 00.1s (X)
     in progress... |##########          | 050% :             < 00.1s (E)             < 00.1s (X)
     in progress... |###########         | 055% :             < 00.1s (E)             < 00.1s (X)
     in progress... |############        | 060% :             < 00.1s (E)             < 00.1s (X)
     in progress... |#############       | 065% :             < 00.1s (E)             < 00.1s (X)
     in progress... |##############      | 070% :             < 00.1s (E)             < 00.1s (X)
     in progress... |###############     | 075% :             < 00.1s (E)             < 00.1s (X)
     in progress... |################    | 080% :             < 00.1s (E)             < 00.1s (X)
     in progress... |#################   | 085% :             < 00.1s (E)             < 00.1s (X)
     in progress... |##################  | 090% :             < 00.1s (E)             < 00.1s (X)
     in progress... |################### | 095% :             < 00.1s (E)             < 00.1s (X)
     in progress... |####################| 100% :             < 00.1s (E)             < 00.1s (X)
     --------------------------------------------------------------------------------------------
 
     --------------------------------------------------------------------------------------------
     Iter: 000003
     k(000001) = (   0.0000000   0.0000000   0.0000000) cryst. coord.
     band      QP en. [eV] conv    QP en. [eV] conv
     001220       7.411540  yes      7.411758  yes
     001221       7.411554  yes      7.411772  yes
     001222       7.453604  yes      7.455973  yes
     001223       7.453707  yes      7.456074  yes
     001224       7.521872  yes      7.522115  yes
     001225       7.521960  yes      7.522205  yes
     001226       7.549089  yes      7.549241  yes
     001227       7.578181  yes      7.578493  yes
     001228       7.578203  yes      7.578518  yes
     001229       7.620565  yes      7.620420  yes
     001230       7.634875  yes      7.635311  yes
     001231       7.634903  yes      7.635336  yes
     001232       7.644244  yes      7.644500  yes
     001233       7.778310  yes      7.781007  yes
     001234       7.778292  yes      7.780987  yes
     001235       7.865780   no      7.866079  yes
     001236       7.785626  yes      7.866084  yes
     001237       7.946779  yes      7.951959  yes
     001238       8.109282  yes      8.109913  yes
     001239       8.109291  yes      8.109922  yes
     001240       8.298941  yes      8.738681  yes
     001241       8.887146  yes     11.880238  yes
     001242       8.887216  yes     13.105884  yes
     001243      11.794509  yes     13.105906  yes
     001244      12.919467  yes     13.295773  yes
     001245      13.442042  yes     13.486957  yes
     001246      13.676645  yes     13.782258  yes
     001247      13.676673  yes     14.247808  yes
     001248      13.686118  yes     14.247886  yes
     001249      14.192363  yes     14.386764  yes
     001250      14.192438  yes     14.386808  yes
     001251      14.444306  yes     14.488146  yes
     001252      14.444374  yes     14.441573  yes
     001253      14.488878  yes     14.441585  yes
     001254      14.595157  yes     14.612210  yes
     001255      14.990301  yes     15.062846  yes
     001256      15.065188  yes     15.125415  yes
     001257      15.065274  yes     15.125504  yes
     001258      15.202333  yes     15.210253  yes
     001259      15.202413  yes     15.210315  yes
     001260      15.261186  yes     15.277344  yes
     --------------------------------------------------------------------------------------------
 
     --------------------------------------------------------------------------------------------
     Sigma-C
     --------------------------------------------------------------------------------------------
     Integrating along the IM axis...
     --------------------------------------------------------------------------------------------
     in progress... |#                   | 005% :             < 00.1s (E)               00.4s (X)
     in progress... |##                  | 010% :             < 00.1s (E)               00.3s (X)
     in progress... |###                 | 015% :             < 00.1s (E)               00.3s (X)
     in progress... |####                | 020% :             < 00.1s (E)               00.3s (X)
     in progress... |#####               | 025% :             < 00.1s (E)               00.3s (X)
     in progress... |######              | 030% :               00.1s (E)               00.3s (X)
     in progress... |#######             | 035% :               00.1s (E)               00.3s (X)
     in progress... |########            | 040% :               00.1s (E)               00.3s (X)
     in progress... |#########           | 045% :               00.1s (E)               00.3s (X)
     in progress... |##########          | 050% :               00.1s (E)               00.3s (X)
     in progress... |###########         | 055% :               00.1s (E)               00.3s (X)
     in progress... |############        | 060% :               00.1s (E)               00.3s (X)
     in progress... |#############       | 065% :               00.2s (E)               00.3s (X)
     in progress... |##############      | 070% :               00.2s (E)               00.3s (X)
     in progress... |###############     | 075% :               00.2s (E)               00.3s (X)
     in progress... |################    | 080% :               00.2s (E)               00.3s (X)
     in progress... |#################   | 085% :               00.2s (E)               00.3s (X)
     in progress... |##################  | 090% :               00.3s (E)               00.3s (X)
     in progress... |################### | 095% :               00.3s (E)               00.3s (X)
     in progress... |####################| 100% :               00.3s (E)               00.3s (X)
     --------------------------------------------------------------------------------------------
     Residues along the RE axis...
     --------------------------------------------------------------------------------------------
     in progress... |#                   | 005% :             < 00.1s (E)             < 00.1s (X)
     in progress... |##                  | 010% :             < 00.1s (E)             < 00.1s (X)
     in progress... |###                 | 015% :             < 00.1s (E)             < 00.1s (X)
     in progress... |####                | 020% :             < 00.1s (E)             < 00.1s (X)
     in progress... |#####               | 025% :             < 00.1s (E)             < 00.1s (X)
     in progress... |######              | 030% :             < 00.1s (E)             < 00.1s (X)
     in progress... |#######             | 035% :             < 00.1s (E)             < 00.1s (X)
     in progress... |########            | 040% :             < 00.1s (E)             < 00.1s (X)
     in progress... |#########           | 045% :             < 00.1s (E)             < 00.1s (X)
     in progress... |##########          | 050% :             < 00.1s (E)             < 00.1s (X)
     in progress... |###########         | 055% :             < 00.1s (E)             < 00.1s (X)
     in progress... |############        | 060% :             < 00.1s (E)             < 00.1s (X)
     in progress... |#############       | 065% :             < 00.1s (E)             < 00.1s (X)
     in progress... |##############      | 070% :             < 00.1s (E)             < 00.1s (X)
     in progress... |###############     | 075% :             < 00.1s (E)             < 00.1s (X)
     in progress... |################    | 080% :             < 00.1s (E)             < 00.1s (X)
     in progress... |#################   | 085% :             < 00.1s (E)             < 00.1s (X)
     in progress... |##################  | 090% :             < 00.1s (E)             < 00.1s (X)
     in progress... |################### | 095% :             < 00.1s (E)             < 00.1s (X)
     in progress... |####################| 100% :             < 00.1s (E)             < 00.1s (X)
     --------------------------------------------------------------------------------------------
 
     --------------------------------------------------------------------------------------------
     CONVERGENCE ACHIEVED !!!
     --------------------------------------------------------------------------------------------
 
     --------------------------------------------------------------------------------------------
     k(000001) = (   0.0000000   0.0000000   0.0000000) cryst. coord.
     band      QP en. [eV] conv    QP en. [eV] conv
     001220       7.411540  yes      7.411758  yes
     001221       7.411554  yes      7.411772  yes
     001222       7.453604  yes      7.455973  yes
     001223       7.453707  yes      7.456074  yes
     001224       7.521872  yes      7.522115  yes
     001225       7.521960  yes      7.522205  yes
     001226       7.549089  yes      7.549241  yes
     001227       7.578181  yes      7.578493  yes
     001228       7.578203  yes      7.578518  yes
     001229       7.620565  yes      7.620420  yes
     001230       7.634875  yes      7.635311  yes
     001231       7.634903  yes      7.635336  yes
     001232       7.644244  yes      7.644500  yes
     001233       7.778310  yes      7.781007  yes
     001234       7.778292  yes      7.780987  yes
     001235       7.865668  yes      7.866079  yes
     001236       7.785626  yes      7.866084  yes
     001237       7.946779  yes      7.951959  yes
     001238       8.109282  yes      8.109913  yes
     001239       8.109291  yes      8.109922  yes
     001240       8.298941  yes      8.738681  yes
     001241       8.887146  yes     11.880238  yes
     001242       8.887216  yes     13.105884  yes
     001243      11.794509  yes     13.105906  yes
     001244      12.919467  yes     13.295773  yes
     001245      13.442042  yes     13.486957  yes
     001246      13.676645  yes     13.782258  yes
     001247      13.676673  yes     14.247808  yes
     001248      13.686118  yes     14.247886  yes
     001249      14.192363  yes     14.386764  yes
     001250      14.192438  yes     14.386808  yes
     001251      14.444306  yes     14.488146  yes
     001252      14.444374  yes     14.441573  yes
     001253      14.488878  yes     14.441585  yes
     001254      14.595157  yes     14.612210  yes
     001255      14.990301  yes     15.062846  yes
     001256      15.065188  yes     15.125415  yes
     001257      15.065274  yes     15.125504  yes
     001258      15.202333  yes     15.210253  yes
     001259      15.202413  yes     15.210315  yes
     001260      15.261186  yes     15.277344  yes
     --------------------------------------------------------------------------------------------
 
     --------------------------------------------------------------------------------------------
     SAVE written in < 00.1s
     In location : ./pdep_4992.wfreq.save
     --------------------------------------------------------------------------------------------
     WFREQ        :      4h46m CPU      9h 4m WALL

     west_readin  :      0.91s CPU      1.43s WALL (       1 calls)
     fetch_input  :      0.21s CPU      0.22s WALL (       2 calls)
     fft          :      0.01s CPU      0.14s WALL (      24 calls)
                                        0.14s GPU  (      24 calls)
     a2a_fw       :     30.54s CPU     31.56s WALL (  416071 calls)
     init_vloc    :      0.02s CPU      0.02s WALL (       2 calls)
     init_us_1    :      0.02s CPU      0.02s WALL (       2 calls)
     v_of_rho     :      0.02s CPU      0.07s WALL (       1 calls)
     v_xc         :      0.02s CPU      0.08s WALL (       2 calls)
     a2a_bw       :     31.72s CPU     32.54s WALL (  414667 calls)
     v_h          :      0.00s CPU      0.01s WALL (       1 calls)
     do_setup     :      4.26s CPU      7.14s WALL (       1 calls)
     init_pw_ar   :      4.26s CPU      7.14s WALL (       1 calls)
     hinit0       :      0.12s CPU      0.12s WALL (       1 calls)
     davcio       :      0.01s CPU      1.02s WALL (       9 calls)
     exx_grid     :      0.00s CPU      0.00s WALL (       1 calls)
     aceinit0     :      2.57s CPU      4.08s WALL (       1 calls)
     exx_div      :      0.04s CPU      0.04s WALL (       1 calls)
     solve_hf     :      4.43s CPU      4.75s WALL (       1 calls)
     sigmavxc     :      0.37s CPU      0.50s WALL (       1 calls)
     fftw         :    867.28s CPU    944.91s WALL ( 1619018 calls)
                                      933.30s GPU  ( 1619018 calls)
     vexxace      :   4354.41s CPU   4485.28s WALL (   44359 calls)
                                     4484.70s GPU  (   44357 calls)
     matcalc      :    269.35s CPU    273.84s WALL (   44359 calls)
                                      272.28s GPU  (   44357 calls)
     calbec       :    223.46s CPU    226.59s WALL (   44827 calls)
     sigmax       :      4.04s CPU      4.23s WALL (       1 calls)
     sqvc_init    :      0.38s CPU      0.38s WALL (      84 calls)
     ffts         :      1.68s CPU      1.82s WALL (    6396 calls)
                                        1.78s GPU  (    6396 calls)
     write_hf     :      0.00s CPU      0.00s WALL (       1 calls)
     sw_restart   :   9214.38s CPU  23927.63s WALL (    1227 calls)
     wlanczos     :  16563.60s CPU  31327.51s WALL (       1 calls)
     pdep_read    :      0.32s CPU      1.80s WALL (     624 calls)
     init_us_2    :      0.02s CPU      0.02s WALL (       3 calls)
     init_us_2:gp :      0.02s CPU      0.02s WALL (       3 calls)
     commut_Hx_ps :      3.19s CPU      3.38s WALL (     234 calls)
                                        3.38s GPU  (     234 calls)
     alphapc      :    137.11s CPU    172.51s WALL (   41852 calls)
                                      172.17s GPU  (   41852 calls)
     linstern     :    491.43s CPU    492.50s WALL (      78 calls)
                                      492.50s GPU  (      78 calls)
     stern        :    489.26s CPU    490.35s WALL (    5117 calls)
                                      490.32s GPU  (    5117 calls)
     h_psi        :   5711.38s CPU   5757.23s WALL (   44357 calls)
                                     5756.96s GPU  (   44357 calls)
     h_psi:pot    :   1243.73s CPU   1268.40s WALL (   44357 calls)
                                     1268.04s GPU  (   44357 calls)
     vloc_psi     :    914.51s CPU    935.21s WALL (   44357 calls)
                                      934.89s GPU  (   44357 calls)
     A2A          :    536.85s CPU    548.11s WALL ( 3144180 calls)
     h_psi:calbec :    223.22s CPU    226.73s WALL (   44357 calls)
                                      226.41s GPU  (   44357 calls)
     add_vuspsi   :     42.98s CPU    105.45s WALL (   44357 calls)
                                      105.10s GPU  (   44357 calls)
     alphapv      :      1.39s CPU      2.04s WALL (    5117 calls)
                                        2.00s GPU  (    5117 calls)
     lan_H        :   5519.59s CPU   5567.34s WALL (    1308 calls)
                                     5567.35s GPU  (    1308 calls)
     brak         :    560.71s CPU    562.81s WALL (    1308 calls)
                                      562.80s GPU  (    1308 calls)
     chi_invert   :     29.56s CPU     31.00s WALL (       1 calls)
     glanczos     :    449.58s CPU    942.17s WALL (       1 calls)
     write_over   :      0.05s CPU      4.60s WALL (      82 calls)
     write_gfreq  :     28.46s CPU    511.67s WALL (      82 calls)
     sg_restart   :      0.03s CPU      0.15s WALL (      82 calls)
     solve_qp     :    107.06s CPU    334.69s WALL (       1 calls)
                                      334.70s GPU  (       1 calls)
     coll_gw      :    103.94s CPU    330.33s WALL (       1 calls)
     read_over    :      2.75s CPU      6.44s WALL (      82 calls)
     read_gfreq   :     36.93s CPU    259.32s WALL (      82 calls)
     read_hf      :      0.02s CPU      0.06s WALL (       1 calls)
     sigmac_i     :      2.05s CPU      2.05s WALL (       6 calls)
     sigmac_r     :      0.05s CPU      0.05s WALL (       6 calls)
     wfreq_db     :      0.01s CPU      0.01s WALL (       1 calls)
 
     WFREQ        :      4h46m CPU      9h 4m WALL

 
   This run was terminated on:  11:55:33  21Feb2025            

=------------------------------------------------------------------------------=
   JOB DONE.
=------------------------------------------------------------------------------=
