Definition of direction:
X:[1 0 0]
Y:[0 1 0],
Z:[0 0 1]
Raw Matrix:
[[0.563102, 1e-06, 1e-06], [1e-06, 0.563503, -4.9e-05], [1e-06, -4.9e-05, -0.46934]]

SPIN-SPIN-PART Matrix:
[[-0.038871, 0.0, 0.0], [0.0, -0.038846, -4e-06], [0.0, -4e-06, 0.077717]] 

Eigenvalues(raw):
[-0.46934   0.563102  0.563503]

Eigenvectors(raw) (columns correspond to eigenvalues):
[[ 9.68623359e-07 -9.99996891e-01 -2.49360957e-03]
 [-4.74418675e-05  2.49360952e-03 -9.99996890e-01]
 [-9.99999999e-01 -1.08692184e-06  4.74393047e-05]]

Eigenvalues(ss):
[ 0.077717 -0.038846 -0.038871]

Eigenvectors(ss) (columns correspond to eigenvalues):
[[ 0.00000000e+00  0.00000000e+00  1.00000000e+00]
 [-3.43162066e-05  9.99999999e-01  0.00000000e+00]
 [ 9.99999999e-01  3.43162066e-05  0.00000000e+00]]
=============TOTAL================
define position of z as closest along Z (raw matrix)
0
1
2
Dz=-0.4693400023256198, vector:[ 9.68623359e-07 -4.74418675e-05 -9.99999999e-01]
Dx=0.5631019975074693, vector:[-9.99996891e-01  2.49360952e-03 -1.08692184e-06]
Dy=0.5635030048181503, vector:[-2.49360957e-03 -9.99996890e-01  4.74393047e-05]
Total D and E are: 
cm-1: D,E= -1.0326425034884297 0.0002005036553405226
GHz: D,E= -30.948558843593876 0.006009145618836478
==============SPIN-SPIN==============
define position of z as closest along Z (raw matrix)
0
2
1
Dz=0.07771700013726485, vector:[ 0.00000000e+00 -3.43162066e-05  9.99999999e-01]
Dx=-0.038871, vector:[1. 0. 0.]
Dy=-0.03884600013726482, vector:[0.00000000e+00 9.99999999e-01 3.43162066e-05]
Total D and E are: 
cm-1: D,E= 0.11657550020589726 1.249993136758984e-05
GHz: D,E= 3.4937974329506436 0.00037462612681918685
=============Spin-Orbit============
Spin-Orbit part = Dtot-Dss
GHz: D,E= -34.44235627654452 0.005634519492017292
